{"uid":"50db9355de229997","name":"testCreateCommentWithInvalidData","fullName":"com.emmanuelarhu.tests.CommentsTest.testCreateCommentWithInvalidData","historyId":"b7bc858bba8d59bdfd40ee1f9cd7da6a","time":{"start":1752241626774,"stop":1752241626870,"duration":96},"description":"Verify that creating comments with invalid data handles errors appropriately","descriptionHtml":"<p>Verify that creating comments with invalid data handles errors appropriately</p>\n","status":"failed","statusMessage":"Expected 404 Not Found for invalid comment creation expected [true] but found [false]","statusTrace":"java.lang.AssertionError: Expected 404 Not Found for invalid comment creation expected [true] but found [false]\n\tat org.testng.Assert.fail(Assert.java:111)\n\tat org.testng.Assert.failNotEquals(Assert.java:1578)\n\tat org.testng.Assert.assertTrue(Assert.java:57)\n\tat com.emmanuelarhu.tests.CommentsTest.testCreateCommentWithInvalidData(CommentsTest.java:215)\n\tat java.base/jdk.internal.reflect.DirectMethodHandleAccessor.invoke(DirectMethodHandleAccessor.java:103)\n\tat java.base/java.lang.reflect.Method.invoke(Method.java:580)\n\tat org.testng.internal.invokers.MethodInvocationHelper.invokeMethod(MethodInvocationHelper.java:139)\n\tat org.testng.internal.invokers.TestInvoker.invokeMethod(TestInvoker.java:664)\n\tat org.testng.internal.invokers.TestInvoker.invokeTestMethod(TestInvoker.java:227)\n\tat org.testng.internal.invokers.MethodRunner.runInSequence(MethodRunner.java:50)\n\tat org.testng.internal.invokers.TestInvoker$MethodInvocationAgent.invoke(TestInvoker.java:957)\n\tat org.testng.internal.invokers.TestInvoker.invokeTestMethods(TestInvoker.java:200)\n\tat org.testng.internal.invokers.TestMethodWorker.invokeTestMethods(TestMethodWorker.java:148)\n\tat org.testng.internal.invokers.TestMethodWorker.run(TestMethodWorker.java:128)\n\tat java.base/java.util.ArrayList.forEach(ArrayList.java:1596)\n\tat org.testng.TestRunner.privateRun(TestRunner.java:848)\n\tat org.testng.TestRunner.run(TestRunner.java:621)\n\tat org.testng.SuiteRunner.runTest(SuiteRunner.java:443)\n\tat org.testng.SuiteRunner.runSequentially(SuiteRunner.java:437)\n\tat org.testng.SuiteRunner.privateRun(SuiteRunner.java:397)\n\tat org.testng.SuiteRunner.run(SuiteRunner.java:336)\n\tat org.testng.SuiteRunnerWorker.runSuite(SuiteRunnerWorker.java:52)\n\tat org.testng.SuiteRunnerWorker.run(SuiteRunnerWorker.java:95)\n\tat org.testng.TestNG.runSuitesSequentially(TestNG.java:1280)\n\tat org.testng.TestNG.runSuitesLocally(TestNG.java:1200)\n\tat org.testng.TestNG.runSuites(TestNG.java:1114)\n\tat org.testng.TestNG.run(TestNG.java:1082)\n\tat org.apache.maven.surefire.testng.TestNGExecutor.run(TestNGExecutor.java:155)\n\tat org.apache.maven.surefire.testng.TestNGDirectoryTestSuite.executeMulti(TestNGDirectoryTestSuite.java:169)\n\tat org.apache.maven.surefire.testng.TestNGDirectoryTestSuite.execute(TestNGDirectoryTestSuite.java:88)\n\tat org.apache.maven.surefire.testng.TestNGProvider.invoke(TestNGProvider.java:137)\n\tat org.apache.maven.surefire.booter.ForkedBooter.runSuitesInProcess(ForkedBooter.java:385)\n\tat org.apache.maven.surefire.booter.ForkedBooter.execute(ForkedBooter.java:162)\n\tat org.apache.maven.surefire.booter.ForkedBooter.run(ForkedBooter.java:507)\n\tat org.apache.maven.surefire.booter.ForkedBooter.main(ForkedBooter.java:495)\n","flaky":false,"newFailed":false,"newBroken":false,"newPassed":false,"retriesCount":0,"retriesStatusChange":false,"beforeStages":[{"name":"setup","time":{"start":1752241622307,"stop":1752241622307,"duration":0},"description":"","status":"passed","steps":[],"attachments":[],"parameters":[],"shouldDisplayMessage":false,"stepsCount":0,"attachmentsCount":0,"hasContent":false,"attachmentStep":false}],"testStage":{"description":"Verify that creating comments with invalid data handles errors appropriately","status":"failed","statusMessage":"Expected 404 Not Found for invalid comment creation expected [true] but found [false]","statusTrace":"java.lang.AssertionError: Expected 404 Not Found for invalid comment creation expected [true] but found [false]\n\tat org.testng.Assert.fail(Assert.java:111)\n\tat org.testng.Assert.failNotEquals(Assert.java:1578)\n\tat org.testng.Assert.assertTrue(Assert.java:57)\n\tat com.emmanuelarhu.tests.CommentsTest.testCreateCommentWithInvalidData(CommentsTest.java:215)\n\tat java.base/jdk.internal.reflect.DirectMethodHandleAccessor.invoke(DirectMethodHandleAccessor.java:103)\n\tat java.base/java.lang.reflect.Method.invoke(Method.java:580)\n\tat org.testng.internal.invokers.MethodInvocationHelper.invokeMethod(MethodInvocationHelper.java:139)\n\tat org.testng.internal.invokers.TestInvoker.invokeMethod(TestInvoker.java:664)\n\tat org.testng.internal.invokers.TestInvoker.invokeTestMethod(TestInvoker.java:227)\n\tat org.testng.internal.invokers.MethodRunner.runInSequence(MethodRunner.java:50)\n\tat org.testng.internal.invokers.TestInvoker$MethodInvocationAgent.invoke(TestInvoker.java:957)\n\tat org.testng.internal.invokers.TestInvoker.invokeTestMethods(TestInvoker.java:200)\n\tat org.testng.internal.invokers.TestMethodWorker.invokeTestMethods(TestMethodWorker.java:148)\n\tat org.testng.internal.invokers.TestMethodWorker.run(TestMethodWorker.java:128)\n\tat java.base/java.util.ArrayList.forEach(ArrayList.java:1596)\n\tat org.testng.TestRunner.privateRun(TestRunner.java:848)\n\tat org.testng.TestRunner.run(TestRunner.java:621)\n\tat org.testng.SuiteRunner.runTest(SuiteRunner.java:443)\n\tat org.testng.SuiteRunner.runSequentially(SuiteRunner.java:437)\n\tat org.testng.SuiteRunner.privateRun(SuiteRunner.java:397)\n\tat org.testng.SuiteRunner.run(SuiteRunner.java:336)\n\tat org.testng.SuiteRunnerWorker.runSuite(SuiteRunnerWorker.java:52)\n\tat org.testng.SuiteRunnerWorker.run(SuiteRunnerWorker.java:95)\n\tat org.testng.TestNG.runSuitesSequentially(TestNG.java:1280)\n\tat org.testng.TestNG.runSuitesLocally(TestNG.java:1200)\n\tat org.testng.TestNG.runSuites(TestNG.java:1114)\n\tat org.testng.TestNG.run(TestNG.java:1082)\n\tat org.apache.maven.surefire.testng.TestNGExecutor.run(TestNGExecutor.java:155)\n\tat org.apache.maven.surefire.testng.TestNGDirectoryTestSuite.executeMulti(TestNGDirectoryTestSuite.java:169)\n\tat org.apache.maven.surefire.testng.TestNGDirectoryTestSuite.execute(TestNGDirectoryTestSuite.java:88)\n\tat org.apache.maven.surefire.testng.TestNGProvider.invoke(TestNGProvider.java:137)\n\tat org.apache.maven.surefire.booter.ForkedBooter.runSuitesInProcess(ForkedBooter.java:385)\n\tat org.apache.maven.surefire.booter.ForkedBooter.execute(ForkedBooter.java:162)\n\tat org.apache.maven.surefire.booter.ForkedBooter.run(ForkedBooter.java:507)\n\tat org.apache.maven.surefire.booter.ForkedBooter.main(ForkedBooter.java:495)\n","steps":[],"attachments":[{"uid":"8f0058f40fba3b70","name":"Request","source":"8f0058f40fba3b70.html","type":"text/html","size":934},{"uid":"d40f6fc7e255990a","name":"Request","source":"d40f6fc7e255990a.html","type":"text/html","size":934},{"uid":"46cb88b02e71dc2b","name":"Request","source":"46cb88b02e71dc2b.html","type":"text/html","size":934},{"uid":"7e5f7a8107553502","name":"HTTP/1.1 201 Created","source":"7e5f7a8107553502.html","type":"text/html","size":2154},{"uid":"891ff6cf5c8418d9","name":"HTTP/1.1 201 Created","source":"891ff6cf5c8418d9.html","type":"text/html","size":2154},{"uid":"e35ee8029e4a9445","name":"HTTP/1.1 201 Created","source":"e35ee8029e4a9445.html","type":"text/html","size":2154}],"parameters":[],"shouldDisplayMessage":true,"stepsCount":0,"attachmentsCount":6,"hasContent":true,"attachmentStep":false},"afterStages":[],"labels":[{"name":"package","value":"com.emmanuelarhu.tests.CommentsTest"},{"name":"testClass","value":"com.emmanuelarhu.tests.CommentsTest"},{"name":"testMethod","value":"testCreateCommentWithInvalidData"},{"name":"parentSuite","value":"Surefire suite"},{"name":"suite","value":"Surefire test"},{"name":"subSuite","value":"com.emmanuelarhu.tests.CommentsTest"},{"name":"host","value":"pkrvmfkh1xnbeme"},{"name":"thread","value":"2503@pkrvmfkh1xnbeme.main(1)"},{"name":"framework","value":"testng"},{"name":"language","value":"java"},{"name":"feature","value":"Comments API"},{"name":"severity","value":"normal"},{"name":"resultFormat","value":"allure2"}],"parameters":[{"name":"arg0","value":"1"},{"name":"arg1","value":"Test Comment"},{"name":"arg2","value":"test@example.com"},{"name":"arg3","value":"null"}],"links":[],"hidden":false,"retry":false,"extra":{"severity":"normal","retries":[],"categories":[{"name":"Product defects","matchedStatuses":[],"flaky":false}],"history":{"statistic":{"failed":2,"broken":0,"skipped":0,"passed":0,"unknown":0,"total":2},"items":[{"uid":"d786e98c6034fce0","reportUrl":"https://emmanuelarhu.github.io/jsonplaceholder-api-testing/12//#testresult/d786e98c6034fce0","status":"failed","statusDetails":"Expected 404 Not Found for invalid comment creation expected [true] but found [false]","time":{"start":1752234020860,"stop":1752234020908,"duration":48}}]},"tags":[]},"source":"50db9355de229997.json","parameterValues":["1","Test Comment","test@example.com","null"]}