<?xml version="1.0" encoding="UTF-8"?>
<!-- Generated by org.testng.reporters.JUnitXMLReporter -->
<testsuite ignored="0" hostname="pkrvmfkh1xnbeme" failures="35" tests="221" name="Surefire test" time="28.738" errors="0" timestamp="2025-07-11T13:47:18 UTC">
  <testcase classname="com.emmanuelarhu.tests.PostsTest" name="testGetAllPosts" time="3.901"/>
  <testcase classname="com.emmanuelarhu.tests.PostsTest" name="testGetSinglePost" time="0.094"/>
  <testcase classname="com.emmanuelarhu.tests.PostsTest" name="testGetSinglePost" time="0.082"/>
  <testcase classname="com.emmanuelarhu.tests.PostsTest" name="testGetSinglePost" time="0.078"/>
  <testcase classname="com.emmanuelarhu.tests.PostsTest" name="testGetSinglePost" time="0.093"/>
  <testcase classname="com.emmanuelarhu.tests.PostsTest" name="testGetSinglePost" time="0.086"/>
  <testcase classname="com.emmanuelarhu.tests.PostsTest" name="testGetSinglePost" time="0.083"/>
  <testcase classname="com.emmanuelarhu.tests.PostsTest" name="testGetSinglePost" time="0.083"/>
  <testcase classname="com.emmanuelarhu.tests.PostsTest" name="testGetSinglePost" time="0.086"/>
  <testcase classname="com.emmanuelarhu.tests.PostsTest" name="testGetSinglePost" time="0.077"/>
  <testcase classname="com.emmanuelarhu.tests.PostsTest" name="testGetSinglePost" time="0.327"/>
  <testcase classname="com.emmanuelarhu.tests.PostsTest" name="testGetCommentsForPost" time="0.312"/>
  <testcase classname="com.emmanuelarhu.tests.PostsTest" name="testGetCommentsWithPostIdFilter" time="0.073"/>
  <testcase classname="com.emmanuelarhu.tests.PostsTest" name="testGetCommentsWithPostIdFilter" time="0.052"/>
  <testcase classname="com.emmanuelarhu.tests.PostsTest" name="testGetCommentsWithPostIdFilter" time="0.06"/>
  <testcase classname="com.emmanuelarhu.tests.PostsTest" name="testGetCommentsWithPostIdFilter" time="0.055"/>
  <testcase classname="com.emmanuelarhu.tests.PostsTest" name="testGetCommentsWithPostIdFilter" time="0.053"/>
  <testcase classname="com.emmanuelarhu.tests.PostsTest" name="testCreateNewPost" time="0.201"/>
  <testcase classname="com.emmanuelarhu.tests.PostsTest" name="testCreateNewPost" time="0.254"/>
  <testcase classname="com.emmanuelarhu.tests.PostsTest" name="testCreateNewPost" time="0.138"/>
  <testcase classname="com.emmanuelarhu.tests.PostsTest" name="testUpdatePost" time="0.265"/>
  <testcase classname="com.emmanuelarhu.tests.PostsTest" name="testUpdatePost" time="0.131"/>
  <testcase classname="com.emmanuelarhu.tests.PostsTest" name="testUpdatePost" time="0.185"/>
  <testcase classname="com.emmanuelarhu.tests.PostsTest" name="testPatchPost" time="0.133"/>
  <testcase classname="com.emmanuelarhu.tests.PostsTest" name="testDeletePost" time="0.098"/>
  <testcase classname="com.emmanuelarhu.tests.PostsTest" name="testGetNonExistentPost" time="0.034"/>
  <testcase classname="com.emmanuelarhu.tests.PostsTest" name="testGetNonExistentPost" time="0.035"/>
  <testcase classname="com.emmanuelarhu.tests.PostsTest" name="testGetNonExistentPost" time="0.032"/>
  <testcase classname="com.emmanuelarhu.tests.PostsTest" name="testGetNonExistentPost" time="0.034"/>
  <testcase classname="com.emmanuelarhu.tests.PostsTest" name="testGetNonExistentPost" time="0.039"/>
  <testcase classname="com.emmanuelarhu.tests.PostsTest" name="testCreatePostWithInvalidData" time="0.122">
    <failure type="java.lang.AssertionError" message="Should receive a valid HTTP response code expected [true] but found [false]">
      <![CDATA[java.lang.AssertionError: Should receive a valid HTTP response code expected [true] but found [false]
at com.emmanuelarhu.tests.PostsTest.testCreatePostWithInvalidData(PostsTest.java:285)
at java.base/java.util.ArrayList.forEach(ArrayList.java:1596)
... Removed 33 stack frames]]>
    </failure>
  </testcase> <!-- testCreatePostWithInvalidData -->
  <testcase classname="com.emmanuelarhu.tests.PostsTest" name="testCreatePostWithInvalidData" time="0.109">
    <failure type="java.lang.AssertionError" message="Should receive a valid HTTP response code expected [true] but found [false]">
      <![CDATA[java.lang.AssertionError: Should receive a valid HTTP response code expected [true] but found [false]
at com.emmanuelarhu.tests.PostsTest.testCreatePostWithInvalidData(PostsTest.java:285)
at java.base/java.util.ArrayList.forEach(ArrayList.java:1596)
... Removed 33 stack frames]]>
    </failure>
  </testcase> <!-- testCreatePostWithInvalidData -->
  <testcase classname="com.emmanuelarhu.tests.PostsTest" name="testCreatePostWithInvalidData" time="0.107">
    <failure type="java.lang.AssertionError" message="Should receive a valid HTTP response code expected [true] but found [false]">
      <![CDATA[java.lang.AssertionError: Should receive a valid HTTP response code expected [true] but found [false]
at com.emmanuelarhu.tests.PostsTest.testCreatePostWithInvalidData(PostsTest.java:285)
at java.base/java.util.ArrayList.forEach(ArrayList.java:1596)
... Removed 33 stack frames]]>
    </failure>
  </testcase> <!-- testCreatePostWithInvalidData -->
  <testcase classname="com.emmanuelarhu.tests.PostsTest" name="testCreatePostWithInvalidData" time="0.11">
    <failure type="java.lang.AssertionError" message="Should receive a valid HTTP response code expected [true] but found [false]">
      <![CDATA[java.lang.AssertionError: Should receive a valid HTTP response code expected [true] but found [false]
at com.emmanuelarhu.tests.PostsTest.testCreatePostWithInvalidData(PostsTest.java:285)
at java.base/java.util.ArrayList.forEach(ArrayList.java:1596)
... Removed 33 stack frames]]>
    </failure>
  </testcase> <!-- testCreatePostWithInvalidData -->
  <testcase classname="com.emmanuelarhu.tests.PostsTest" name="testCreatePostWithInvalidData" time="0.107">
    <failure type="java.lang.AssertionError" message="Should receive a valid HTTP response code expected [true] but found [false]">
      <![CDATA[java.lang.AssertionError: Should receive a valid HTTP response code expected [true] but found [false]
at com.emmanuelarhu.tests.PostsTest.testCreatePostWithInvalidData(PostsTest.java:285)
at java.base/java.util.ArrayList.forEach(ArrayList.java:1596)
... Removed 33 stack frames]]>
    </failure>
  </testcase> <!-- testCreatePostWithInvalidData -->
  <testcase classname="com.emmanuelarhu.tests.PostsTest" name="testCreatePostWithInvalidData" time="0.112">
    <failure type="java.lang.AssertionError" message="Should receive a valid HTTP response code expected [true] but found [false]">
      <![CDATA[java.lang.AssertionError: Should receive a valid HTTP response code expected [true] but found [false]
at com.emmanuelarhu.tests.PostsTest.testCreatePostWithInvalidData(PostsTest.java:285)
at java.base/java.util.ArrayList.forEach(ArrayList.java:1596)
... Removed 33 stack frames]]>
    </failure>
  </testcase> <!-- testCreatePostWithInvalidData -->
  <testcase classname="com.emmanuelarhu.tests.PostsTest" name="testCreatePostWithInvalidData" time="0.232">
    <failure type="java.lang.AssertionError" message="Should receive a valid HTTP response code expected [true] but found [false]">
      <![CDATA[java.lang.AssertionError: Should receive a valid HTTP response code expected [true] but found [false]
at com.emmanuelarhu.tests.PostsTest.testCreatePostWithInvalidData(PostsTest.java:285)
at java.base/java.util.ArrayList.forEach(ArrayList.java:1596)
... Removed 33 stack frames]]>
    </failure>
  </testcase> <!-- testCreatePostWithInvalidData -->
  <testcase classname="com.emmanuelarhu.tests.PostsTest" name="testDeleteNonExistentPost" time="0.119">
    <failure type="java.lang.AssertionError" message="1 expectation failed.
Expected status code &amp;lt;404&amp;gt; but was &amp;lt;200&amp;gt;.
">
      <![CDATA[java.lang.AssertionError: 1 expectation failed.
Expected status code <404> but was <200>.

at org.codehaus.groovy.runtime.callsite.ConstructorSite$ConstructorSiteNoUnwrapNoCoerce.callConstructor(ConstructorSite.java:108)
at org.codehaus.groovy.runtime.callsite.CallSiteArray.defaultCallConstructor(CallSiteArray.java:57)
at org.codehaus.groovy.runtime.callsite.AbstractCallSite.callConstructor(AbstractCallSite.java:263)
at org.codehaus.groovy.runtime.callsite.AbstractCallSite.callConstructor(AbstractCallSite.java:277)
at io.restassured.internal.ResponseSpecificationImpl$HamcrestAssertionClosure.validate(ResponseSpecificationImpl.groovy:512)
at io.restassured.internal.ResponseSpecificationImpl$HamcrestAssertionClosure$validate$1.call(Unknown Source)
at io.restassured.internal.ResponseSpecificationImpl.validateResponseIfRequired(ResponseSpecificationImpl.groovy:696)
at io.restassured.internal.ResponseSpecificationImpl.this$2$validateResponseIfRequired(ResponseSpecificationImpl.groovy)
at org.codehaus.groovy.runtime.callsite.PlainObjectMetaMethodSite.doInvoke(PlainObjectMetaMethodSite.java:43)
at org.codehaus.groovy.runtime.callsite.PogoMetaMethodSite$PogoCachedMethodSiteNoUnwrapNoCoerce.invoke(PogoMetaMethodSite.java:198)
at org.codehaus.groovy.runtime.callsite.PogoMetaMethodSite.callCurrent(PogoMetaMethodSite.java:62)
at org.codehaus.groovy.runtime.callsite.AbstractCallSite.callCurrent(AbstractCallSite.java:185)
at io.restassured.internal.ResponseSpecificationImpl.statusCode(ResponseSpecificationImpl.groovy:135)
at io.restassured.specification.ResponseSpecification$statusCode$0.callCurrent(Unknown Source)
at io.restassured.internal.ResponseSpecificationImpl.statusCode(ResponseSpecificationImpl.groovy:143)
at io.restassured.internal.ValidatableResponseOptionsImpl.statusCode(ValidatableResponseOptionsImpl.java:89)
at com.emmanuelarhu.tests.PostsTest.testDeleteNonExistentPost(PostsTest.java:304)
at java.base/java.util.ArrayList.forEach(ArrayList.java:1596)
... Removed 36 stack frames]]>
    </failure>
  </testcase> <!-- testDeleteNonExistentPost -->
  <testcase classname="com.emmanuelarhu.tests.PostsTest" name="testCreatePostWithMalformedJson" time="0.427"/>
  <testcase classname="com.emmanuelarhu.tests.AlbumsTest" name="testGetAllAlbums" time="0.085"/>
  <testcase classname="com.emmanuelarhu.tests.AlbumsTest" name="testGetSingleAlbum" time="0.057"/>
  <testcase classname="com.emmanuelarhu.tests.AlbumsTest" name="testGetSingleAlbum" time="0.066"/>
  <testcase classname="com.emmanuelarhu.tests.AlbumsTest" name="testGetSingleAlbum" time="0.065"/>
  <testcase classname="com.emmanuelarhu.tests.AlbumsTest" name="testGetSingleAlbum" time="0.057"/>
  <testcase classname="com.emmanuelarhu.tests.AlbumsTest" name="testGetSingleAlbum" time="0.06"/>
  <testcase classname="com.emmanuelarhu.tests.AlbumsTest" name="testGetSingleAlbum" time="0.052"/>
  <testcase classname="com.emmanuelarhu.tests.AlbumsTest" name="testGetSingleAlbum" time="0.063"/>
  <testcase classname="com.emmanuelarhu.tests.AlbumsTest" name="testGetSingleAlbum" time="0.066"/>
  <testcase classname="com.emmanuelarhu.tests.AlbumsTest" name="testGetSingleAlbum" time="0.058"/>
  <testcase classname="com.emmanuelarhu.tests.AlbumsTest" name="testGetSingleAlbum" time="0.059"/>
  <testcase classname="com.emmanuelarhu.tests.AlbumsTest" name="testCreateNewAlbum" time="0.27"/>
  <testcase classname="com.emmanuelarhu.tests.AlbumsTest" name="testCreateNewAlbum" time="0.121"/>
  <testcase classname="com.emmanuelarhu.tests.AlbumsTest" name="testCreateNewAlbum" time="0.118"/>
  <testcase classname="com.emmanuelarhu.tests.AlbumsTest" name="testUpdateAlbum" time="0.272"/>
  <testcase classname="com.emmanuelarhu.tests.AlbumsTest" name="testUpdateAlbum" time="0.269"/>
  <testcase classname="com.emmanuelarhu.tests.AlbumsTest" name="testUpdateAlbum" time="0.273"/>
  <testcase classname="com.emmanuelarhu.tests.AlbumsTest" name="testPatchAlbum" time="0.118"/>
  <testcase classname="com.emmanuelarhu.tests.AlbumsTest" name="testDeleteAlbum" time="0.099"/>
  <testcase classname="com.emmanuelarhu.tests.AlbumsTest" name="testFilterAlbumsByUser" time="0.041"/>
  <testcase classname="com.emmanuelarhu.tests.AlbumsTest" name="testFilterAlbumsByUser" time="0.047"/>
  <testcase classname="com.emmanuelarhu.tests.AlbumsTest" name="testFilterAlbumsByUser" time="0.043"/>
  <testcase classname="com.emmanuelarhu.tests.AlbumsTest" name="testFilterAlbumsByUser" time="0.055"/>
  <testcase classname="com.emmanuelarhu.tests.AlbumsTest" name="testFilterAlbumsByUser" time="0.045"/>
  <testcase classname="com.emmanuelarhu.tests.AlbumsTest" name="testGetNonExistentAlbum" time="0.042"/>
  <testcase classname="com.emmanuelarhu.tests.AlbumsTest" name="testGetNonExistentAlbum" time="0.103"/>
  <testcase classname="com.emmanuelarhu.tests.AlbumsTest" name="testGetNonExistentAlbum" time="0.031"/>
  <testcase classname="com.emmanuelarhu.tests.AlbumsTest" name="testGetNonExistentAlbum" time="0.031"/>
  <testcase classname="com.emmanuelarhu.tests.AlbumsTest" name="testGetNonExistentAlbum" time="0.038"/>
  <testcase classname="com.emmanuelarhu.tests.AlbumsTest" name="testCreateAlbumWithInvalidData" time="0.097">
    <failure type="java.lang.AssertionError" message="Should receive a valid HTTP response code expected [true] but found [false]">
      <![CDATA[java.lang.AssertionError: Should receive a valid HTTP response code expected [true] but found [false]
at com.emmanuelarhu.tests.AlbumsTest.testCreateAlbumWithInvalidData(AlbumsTest.java:237)
at java.base/java.util.ArrayList.forEach(ArrayList.java:1596)
... Removed 33 stack frames]]>
    </failure>
  </testcase> <!-- testCreateAlbumWithInvalidData -->
  <testcase classname="com.emmanuelarhu.tests.AlbumsTest" name="testCreateAlbumWithInvalidData" time="0.099">
    <failure type="org.testng.internal.reflect.MethodMatcherException" message="
[public void com.emmanuelarhu.tests.AlbumsTest.testCreateAlbumWithInvalidData(int,java.lang.String)] has no parameters defined but was found to be using a data provider (either explicitly specified or inherited from class level annotation).
Data provider mismatch
Method: testCreateAlbumWithInvalidData([int arg0, java.lang.String arg1])
Arguments: [(java.lang.String) ,(java.lang.String) ]">
      <![CDATA[org.testng.internal.reflect.MethodMatcherException: 
[public void com.emmanuelarhu.tests.AlbumsTest.testCreateAlbumWithInvalidData(int,java.lang.String)] has no parameters defined but was found to be using a data provider (either explicitly specified or inherited from class level annotation).
Data provider mismatch
Method: testCreateAlbumWithInvalidData([int arg0, java.lang.String arg1])
Arguments: [(java.lang.String) ,(java.lang.String) ]
at java.base/java.util.ArrayList.forEach(ArrayList.java:1596)
... Removed 27 stack frames]]>
    </failure>
  </testcase> <!-- testCreateAlbumWithInvalidData -->
  <testcase classname="com.emmanuelarhu.tests.AlbumsTest" name="testFilterAlbumsWithInvalidUserId" time="0.033">
    <failure type="java.lang.AssertionError" message="1 expectation failed.
Expected status code &amp;lt;404&amp;gt; but was &amp;lt;200&amp;gt;.
">
      <![CDATA[java.lang.AssertionError: 1 expectation failed.
Expected status code <404> but was <200>.

at org.codehaus.groovy.runtime.callsite.ConstructorSite$ConstructorSiteNoUnwrapNoCoerce.callConstructor(ConstructorSite.java:108)
at org.codehaus.groovy.runtime.callsite.AbstractCallSite.callConstructor(AbstractCallSite.java:277)
at io.restassured.internal.ResponseSpecificationImpl$HamcrestAssertionClosure.validate(ResponseSpecificationImpl.groovy:512)
at io.restassured.internal.ResponseSpecificationImpl$HamcrestAssertionClosure$validate$1.call(Unknown Source)
at io.restassured.internal.ResponseSpecificationImpl.validateResponseIfRequired(ResponseSpecificationImpl.groovy:696)
at io.restassured.internal.ResponseSpecificationImpl.this$2$validateResponseIfRequired(ResponseSpecificationImpl.groovy)
at org.codehaus.groovy.runtime.callsite.PlainObjectMetaMethodSite.doInvoke(PlainObjectMetaMethodSite.java:43)
at org.codehaus.groovy.runtime.callsite.PogoMetaMethodSite$PogoCachedMethodSiteNoUnwrapNoCoerce.invoke(PogoMetaMethodSite.java:198)
at org.codehaus.groovy.runtime.callsite.PogoMetaMethodSite.callCurrent(PogoMetaMethodSite.java:62)
at org.codehaus.groovy.runtime.callsite.AbstractCallSite.callCurrent(AbstractCallSite.java:185)
at io.restassured.internal.ResponseSpecificationImpl.statusCode(ResponseSpecificationImpl.groovy:135)
at io.restassured.specification.ResponseSpecification$statusCode$0.callCurrent(Unknown Source)
at io.restassured.internal.ResponseSpecificationImpl.statusCode(ResponseSpecificationImpl.groovy:143)
at io.restassured.internal.ValidatableResponseOptionsImpl.statusCode(ValidatableResponseOptionsImpl.java:89)
at com.emmanuelarhu.tests.AlbumsTest.testFilterAlbumsWithInvalidUserId(AlbumsTest.java:257)
at java.base/java.util.ArrayList.forEach(ArrayList.java:1596)
... Removed 36 stack frames]]>
    </failure>
  </testcase> <!-- testFilterAlbumsWithInvalidUserId -->
  <testcase classname="com.emmanuelarhu.tests.AlbumsTest" name="testDeleteNonExistentAlbum" time="0.257">
    <failure type="java.lang.AssertionError" message="1 expectation failed.
Expected status code &amp;lt;404&amp;gt; but was &amp;lt;200&amp;gt;.
">
      <![CDATA[java.lang.AssertionError: 1 expectation failed.
Expected status code <404> but was <200>.

at org.codehaus.groovy.runtime.callsite.ConstructorSite$ConstructorSiteNoUnwrapNoCoerce.callConstructor(ConstructorSite.java:108)
at org.codehaus.groovy.runtime.callsite.AbstractCallSite.callConstructor(AbstractCallSite.java:277)
at io.restassured.internal.ResponseSpecificationImpl$HamcrestAssertionClosure.validate(ResponseSpecificationImpl.groovy:512)
at io.restassured.internal.ResponseSpecificationImpl$HamcrestAssertionClosure$validate$1.call(Unknown Source)
at io.restassured.internal.ResponseSpecificationImpl.validateResponseIfRequired(ResponseSpecificationImpl.groovy:696)
at io.restassured.internal.ResponseSpecificationImpl.this$2$validateResponseIfRequired(ResponseSpecificationImpl.groovy)
at org.codehaus.groovy.runtime.callsite.PlainObjectMetaMethodSite.doInvoke(PlainObjectMetaMethodSite.java:43)
at org.codehaus.groovy.runtime.callsite.PogoMetaMethodSite$PogoCachedMethodSiteNoUnwrapNoCoerce.invoke(PogoMetaMethodSite.java:198)
at org.codehaus.groovy.runtime.callsite.PogoMetaMethodSite.callCurrent(PogoMetaMethodSite.java:62)
at org.codehaus.groovy.runtime.callsite.AbstractCallSite.callCurrent(AbstractCallSite.java:185)
at io.restassured.internal.ResponseSpecificationImpl.statusCode(ResponseSpecificationImpl.groovy:135)
at io.restassured.specification.ResponseSpecification$statusCode$0.callCurrent(Unknown Source)
at io.restassured.internal.ResponseSpecificationImpl.statusCode(ResponseSpecificationImpl.groovy:143)
at io.restassured.internal.ValidatableResponseOptionsImpl.statusCode(ValidatableResponseOptionsImpl.java:89)
at com.emmanuelarhu.tests.AlbumsTest.testDeleteNonExistentAlbum(AlbumsTest.java:277)
at java.base/java.util.ArrayList.forEach(ArrayList.java:1596)
... Removed 36 stack frames]]>
    </failure>
  </testcase> <!-- testDeleteNonExistentAlbum -->
  <testcase classname="com.emmanuelarhu.tests.CommentsTest" name="testGetAllComments" time="0.244"/>
  <testcase classname="com.emmanuelarhu.tests.CommentsTest" name="testGetSingleComment" time="0.075"/>
  <testcase classname="com.emmanuelarhu.tests.CommentsTest" name="testGetSingleComment" time="0.066"/>
  <testcase classname="com.emmanuelarhu.tests.CommentsTest" name="testGetSingleComment" time="0.06"/>
  <testcase classname="com.emmanuelarhu.tests.CommentsTest" name="testGetSingleComment" time="0.061"/>
  <testcase classname="com.emmanuelarhu.tests.CommentsTest" name="testGetSingleComment" time="0.065"/>
  <testcase classname="com.emmanuelarhu.tests.CommentsTest" name="testGetSingleComment" time="0.064"/>
  <testcase classname="com.emmanuelarhu.tests.CommentsTest" name="testGetSingleComment" time="0.065"/>
  <testcase classname="com.emmanuelarhu.tests.CommentsTest" name="testGetSingleComment" time="0.065"/>
  <testcase classname="com.emmanuelarhu.tests.CommentsTest" name="testGetSingleComment" time="0.068"/>
  <testcase classname="com.emmanuelarhu.tests.CommentsTest" name="testGetSingleComment" time="0.083"/>
  <testcase classname="com.emmanuelarhu.tests.CommentsTest" name="testCreateNewComment" time="0.136"/>
  <testcase classname="com.emmanuelarhu.tests.CommentsTest" name="testCreateNewComment" time="0.266"/>
  <testcase classname="com.emmanuelarhu.tests.CommentsTest" name="testCreateNewComment" time="0.127"/>
  <testcase classname="com.emmanuelarhu.tests.CommentsTest" name="testUpdateComment" time="0.278"/>
  <testcase classname="com.emmanuelarhu.tests.CommentsTest" name="testUpdateComment" time="0.268"/>
  <testcase classname="com.emmanuelarhu.tests.CommentsTest" name="testUpdateComment" time="0.251"/>
  <testcase classname="com.emmanuelarhu.tests.CommentsTest" name="testDeleteComment" time="0.099"/>
  <testcase classname="com.emmanuelarhu.tests.CommentsTest" name="testFilterCommentsByPost" time="0.042"/>
  <testcase classname="com.emmanuelarhu.tests.CommentsTest" name="testFilterCommentsByPost" time="0.043"/>
  <testcase classname="com.emmanuelarhu.tests.CommentsTest" name="testFilterCommentsByPost" time="0.037"/>
  <testcase classname="com.emmanuelarhu.tests.CommentsTest" name="testFilterCommentsByPost" time="0.047"/>
  <testcase classname="com.emmanuelarhu.tests.CommentsTest" name="testFilterCommentsByPost" time="0.048"/>
  <testcase classname="com.emmanuelarhu.tests.CommentsTest" name="testGetNonExistentComment" time="0.033"/>
  <testcase classname="com.emmanuelarhu.tests.CommentsTest" name="testGetNonExistentComment" time="0.228"/>
  <testcase classname="com.emmanuelarhu.tests.CommentsTest" name="testGetNonExistentComment" time="0.246"/>
  <testcase classname="com.emmanuelarhu.tests.CommentsTest" name="testGetNonExistentComment" time="0.246"/>
  <testcase classname="com.emmanuelarhu.tests.CommentsTest" name="testGetNonExistentComment" time="0.035"/>
  <testcase classname="com.emmanuelarhu.tests.CommentsTest" name="testCreateCommentWithInvalidData" time="0.108">
    <failure type="java.lang.AssertionError" message="Expected 404 Not Found for invalid comment creation expected [true] but found [false]">
      <![CDATA[java.lang.AssertionError: Expected 404 Not Found for invalid comment creation expected [true] but found [false]
at com.emmanuelarhu.tests.CommentsTest.testCreateCommentWithInvalidData(CommentsTest.java:215)
at java.base/java.util.ArrayList.forEach(ArrayList.java:1596)
... Removed 33 stack frames]]>
    </failure>
  </testcase> <!-- testCreateCommentWithInvalidData -->
  <testcase classname="com.emmanuelarhu.tests.CommentsTest" name="testCreateCommentWithInvalidData" time="0.1">
    <failure type="java.lang.AssertionError" message="Expected 404 Not Found for invalid comment creation expected [true] but found [false]">
      <![CDATA[java.lang.AssertionError: Expected 404 Not Found for invalid comment creation expected [true] but found [false]
at com.emmanuelarhu.tests.CommentsTest.testCreateCommentWithInvalidData(CommentsTest.java:215)
at java.base/java.util.ArrayList.forEach(ArrayList.java:1596)
... Removed 33 stack frames]]>
    </failure>
  </testcase> <!-- testCreateCommentWithInvalidData -->
  <testcase classname="com.emmanuelarhu.tests.CommentsTest" name="testCreateCommentWithInvalidData" time="0.103">
    <failure type="java.lang.AssertionError" message="Expected 404 Not Found for invalid comment creation expected [true] but found [false]">
      <![CDATA[java.lang.AssertionError: Expected 404 Not Found for invalid comment creation expected [true] but found [false]
at com.emmanuelarhu.tests.CommentsTest.testCreateCommentWithInvalidData(CommentsTest.java:215)
at java.base/java.util.ArrayList.forEach(ArrayList.java:1596)
... Removed 33 stack frames]]>
    </failure>
  </testcase> <!-- testCreateCommentWithInvalidData -->
  <testcase classname="com.emmanuelarhu.tests.CommentsTest" name="testCreateCommentWithInvalidData" time="0.237">
    <failure type="java.lang.AssertionError" message="Expected 404 Not Found for invalid comment creation expected [true] but found [false]">
      <![CDATA[java.lang.AssertionError: Expected 404 Not Found for invalid comment creation expected [true] but found [false]
at com.emmanuelarhu.tests.CommentsTest.testCreateCommentWithInvalidData(CommentsTest.java:215)
at java.base/java.util.ArrayList.forEach(ArrayList.java:1596)
... Removed 33 stack frames]]>
    </failure>
  </testcase> <!-- testCreateCommentWithInvalidData -->
  <testcase classname="com.emmanuelarhu.tests.CommentsTest" name="testCreateCommentWithInvalidData" time="0.1">
    <failure type="java.lang.AssertionError" message="Expected 404 Not Found for invalid comment creation expected [true] but found [false]">
      <![CDATA[java.lang.AssertionError: Expected 404 Not Found for invalid comment creation expected [true] but found [false]
at com.emmanuelarhu.tests.CommentsTest.testCreateCommentWithInvalidData(CommentsTest.java:215)
at java.base/java.util.ArrayList.forEach(ArrayList.java:1596)
... Removed 33 stack frames]]>
    </failure>
  </testcase> <!-- testCreateCommentWithInvalidData -->
  <testcase classname="com.emmanuelarhu.tests.CommentsTest" name="testCreateCommentWithInvalidData" time="0.108">
    <failure type="java.lang.AssertionError" message="Expected 404 Not Found for invalid comment creation expected [true] but found [false]">
      <![CDATA[java.lang.AssertionError: Expected 404 Not Found for invalid comment creation expected [true] but found [false]
at com.emmanuelarhu.tests.CommentsTest.testCreateCommentWithInvalidData(CommentsTest.java:215)
at java.base/java.util.ArrayList.forEach(ArrayList.java:1596)
... Removed 33 stack frames]]>
    </failure>
  </testcase> <!-- testCreateCommentWithInvalidData -->
  <testcase classname="com.emmanuelarhu.tests.CommentsTest" name="testCreateCommentWithInvalidData" time="0.107">
    <failure type="java.lang.AssertionError" message="Expected 404 Not Found for invalid comment creation expected [true] but found [false]">
      <![CDATA[java.lang.AssertionError: Expected 404 Not Found for invalid comment creation expected [true] but found [false]
at com.emmanuelarhu.tests.CommentsTest.testCreateCommentWithInvalidData(CommentsTest.java:215)
at java.base/java.util.ArrayList.forEach(ArrayList.java:1596)
... Removed 33 stack frames]]>
    </failure>
  </testcase> <!-- testCreateCommentWithInvalidData -->
  <testcase classname="com.emmanuelarhu.tests.CommentsTest" name="testCreateCommentWithInvalidData" time="0.104">
    <failure type="java.lang.AssertionError" message="Expected 404 Not Found for invalid comment creation expected [true] but found [false]">
      <![CDATA[java.lang.AssertionError: Expected 404 Not Found for invalid comment creation expected [true] but found [false]
at com.emmanuelarhu.tests.CommentsTest.testCreateCommentWithInvalidData(CommentsTest.java:215)
at java.base/java.util.ArrayList.forEach(ArrayList.java:1596)
... Removed 33 stack frames]]>
    </failure>
  </testcase> <!-- testCreateCommentWithInvalidData -->
  <testcase classname="com.emmanuelarhu.tests.CommentsTest" name="testCreateCommentWithInvalidData" time="0.113">
    <failure type="java.lang.AssertionError" message="Expected 404 Not Found for invalid comment creation expected [true] but found [false]">
      <![CDATA[java.lang.AssertionError: Expected 404 Not Found for invalid comment creation expected [true] but found [false]
at com.emmanuelarhu.tests.CommentsTest.testCreateCommentWithInvalidData(CommentsTest.java:215)
at java.base/java.util.ArrayList.forEach(ArrayList.java:1596)
... Removed 33 stack frames]]>
    </failure>
  </testcase> <!-- testCreateCommentWithInvalidData -->
  <testcase classname="com.emmanuelarhu.tests.CommentsTest" name="testCreateCommentWithInvalidData" time="0.097">
    <failure type="java.lang.AssertionError" message="Expected 404 Not Found for invalid comment creation expected [true] but found [false]">
      <![CDATA[java.lang.AssertionError: Expected 404 Not Found for invalid comment creation expected [true] but found [false]
at com.emmanuelarhu.tests.CommentsTest.testCreateCommentWithInvalidData(CommentsTest.java:215)
at java.base/java.util.ArrayList.forEach(ArrayList.java:1596)
... Removed 33 stack frames]]>
    </failure>
  </testcase> <!-- testCreateCommentWithInvalidData -->
  <testcase classname="com.emmanuelarhu.tests.CommentsTest" name="testFilterCommentsWithInvalidPostId" time="0.028">
    <failure type="java.lang.AssertionError" message="1 expectation failed.
Expected status code &amp;lt;404&amp;gt; but was &amp;lt;200&amp;gt;.
">
      <![CDATA[java.lang.AssertionError: 1 expectation failed.
Expected status code <404> but was <200>.

at org.codehaus.groovy.runtime.callsite.ConstructorSite$ConstructorSiteNoUnwrapNoCoerce.callConstructor(ConstructorSite.java:108)
at org.codehaus.groovy.runtime.callsite.AbstractCallSite.callConstructor(AbstractCallSite.java:277)
at io.restassured.internal.ResponseSpecificationImpl$HamcrestAssertionClosure.validate(ResponseSpecificationImpl.groovy:512)
at io.restassured.internal.ResponseSpecificationImpl$HamcrestAssertionClosure$validate$1.call(Unknown Source)
at io.restassured.internal.ResponseSpecificationImpl.validateResponseIfRequired(ResponseSpecificationImpl.groovy:696)
at io.restassured.internal.ResponseSpecificationImpl.this$2$validateResponseIfRequired(ResponseSpecificationImpl.groovy)
at org.codehaus.groovy.runtime.callsite.PlainObjectMetaMethodSite.doInvoke(PlainObjectMetaMethodSite.java:43)
at org.codehaus.groovy.runtime.callsite.PogoMetaMethodSite$PogoCachedMethodSiteNoUnwrapNoCoerce.invoke(PogoMetaMethodSite.java:198)
at org.codehaus.groovy.runtime.callsite.PogoMetaMethodSite.callCurrent(PogoMetaMethodSite.java:62)
at org.codehaus.groovy.runtime.callsite.AbstractCallSite.callCurrent(AbstractCallSite.java:185)
at io.restassured.internal.ResponseSpecificationImpl.statusCode(ResponseSpecificationImpl.groovy:135)
at io.restassured.specification.ResponseSpecification$statusCode$0.callCurrent(Unknown Source)
at io.restassured.internal.ResponseSpecificationImpl.statusCode(ResponseSpecificationImpl.groovy:143)
at io.restassured.internal.ValidatableResponseOptionsImpl.statusCode(ValidatableResponseOptionsImpl.java:89)
at com.emmanuelarhu.tests.CommentsTest.testFilterCommentsWithInvalidPostId(CommentsTest.java:235)
at java.base/java.util.ArrayList.forEach(ArrayList.java:1596)
... Removed 36 stack frames]]>
    </failure>
  </testcase> <!-- testFilterCommentsWithInvalidPostId -->
  <testcase classname="com.emmanuelarhu.tests.PhotosTest" name="testGetAllPhotos" time="0.751"/>
  <testcase classname="com.emmanuelarhu.tests.PhotosTest" name="testGetSinglePhoto" time="0.253"/>
  <testcase classname="com.emmanuelarhu.tests.PhotosTest" name="testGetSinglePhoto" time="0.056"/>
  <testcase classname="com.emmanuelarhu.tests.PhotosTest" name="testGetSinglePhoto" time="0.057"/>
  <testcase classname="com.emmanuelarhu.tests.PhotosTest" name="testGetSinglePhoto" time="0.065"/>
  <testcase classname="com.emmanuelarhu.tests.PhotosTest" name="testGetSinglePhoto" time="0.05"/>
  <testcase classname="com.emmanuelarhu.tests.PhotosTest" name="testGetSinglePhoto" time="0.063"/>
  <testcase classname="com.emmanuelarhu.tests.PhotosTest" name="testGetSinglePhoto" time="0.057"/>
  <testcase classname="com.emmanuelarhu.tests.PhotosTest" name="testGetSinglePhoto" time="0.066"/>
  <testcase classname="com.emmanuelarhu.tests.PhotosTest" name="testGetSinglePhoto" time="0.062"/>
  <testcase classname="com.emmanuelarhu.tests.PhotosTest" name="testGetSinglePhoto" time="0.058"/>
  <testcase classname="com.emmanuelarhu.tests.PhotosTest" name="testGetSinglePhoto" time="0.062"/>
  <testcase classname="com.emmanuelarhu.tests.PhotosTest" name="testCreateNewPhoto" time="0.134"/>
  <testcase classname="com.emmanuelarhu.tests.PhotosTest" name="testCreateNewPhoto" time="0.129"/>
  <testcase classname="com.emmanuelarhu.tests.PhotosTest" name="testCreateNewPhoto" time="0.118"/>
  <testcase classname="com.emmanuelarhu.tests.PhotosTest" name="testUpdatePhoto" time="0.255"/>
  <testcase classname="com.emmanuelarhu.tests.PhotosTest" name="testUpdatePhoto" time="0.117"/>
  <testcase classname="com.emmanuelarhu.tests.PhotosTest" name="testUpdatePhoto" time="0.147"/>
  <testcase classname="com.emmanuelarhu.tests.PhotosTest" name="testPatchPhoto" time="0.119"/>
  <testcase classname="com.emmanuelarhu.tests.PhotosTest" name="testDeletePhoto" time="0.103"/>
  <testcase classname="com.emmanuelarhu.tests.PhotosTest" name="testFilterPhotosByAlbum" time="0.054"/>
  <testcase classname="com.emmanuelarhu.tests.PhotosTest" name="testFilterPhotosByAlbum" time="0.048"/>
  <testcase classname="com.emmanuelarhu.tests.PhotosTest" name="testFilterPhotosByAlbum" time="0.059"/>
  <testcase classname="com.emmanuelarhu.tests.PhotosTest" name="testFilterPhotosByAlbum" time="0.043"/>
  <testcase classname="com.emmanuelarhu.tests.PhotosTest" name="testFilterPhotosByAlbum" time="0.074"/>
  <testcase classname="com.emmanuelarhu.tests.PhotosTest" name="testGetNonExistentPhoto" time="0.029"/>
  <testcase classname="com.emmanuelarhu.tests.PhotosTest" name="testGetNonExistentPhoto" time="0.037"/>
  <testcase classname="com.emmanuelarhu.tests.PhotosTest" name="testGetNonExistentPhoto" time="0.034"/>
  <testcase classname="com.emmanuelarhu.tests.PhotosTest" name="testGetNonExistentPhoto" time="0.031"/>
  <testcase classname="com.emmanuelarhu.tests.PhotosTest" name="testGetNonExistentPhoto" time="0.039"/>
  <testcase classname="com.emmanuelarhu.tests.PhotosTest" name="testCreatePhotoWithInvalidData" time="0.11"/>
  <testcase classname="com.emmanuelarhu.tests.PhotosTest" name="testCreatePhotoWithInvalidData" time="0.105"/>
  <testcase classname="com.emmanuelarhu.tests.PhotosTest" name="testCreatePhotoWithInvalidData" time="0.102"/>
  <testcase classname="com.emmanuelarhu.tests.PhotosTest" name="testCreatePhotoWithInvalidData" time="0.251"/>
  <testcase classname="com.emmanuelarhu.tests.PhotosTest" name="testCreatePhotoWithInvalidData" time="0.103"/>
  <testcase classname="com.emmanuelarhu.tests.PhotosTest" name="testCreatePhotoWithInvalidData" time="0.103"/>
  <testcase classname="com.emmanuelarhu.tests.PhotosTest" name="testCreatePhotoWithInvalidData" time="0.094"/>
  <testcase classname="com.emmanuelarhu.tests.PhotosTest" name="testCreatePhotoWithInvalidData" time="0.102"/>
  <testcase classname="com.emmanuelarhu.tests.PhotosTest" name="testCreatePhotoWithInvalidData" time="0.103"/>
  <testcase classname="com.emmanuelarhu.tests.PhotosTest" name="testFilterPhotosWithInvalidAlbumId" time="0.244">
    <failure type="java.lang.AssertionError" message="1 expectation failed.
Expected status code &amp;lt;404&amp;gt; but was &amp;lt;200&amp;gt;.
">
      <![CDATA[java.lang.AssertionError: 1 expectation failed.
Expected status code <404> but was <200>.

at org.codehaus.groovy.runtime.callsite.ConstructorSite$ConstructorSiteNoUnwrapNoCoerce.callConstructor(ConstructorSite.java:108)
at org.codehaus.groovy.runtime.callsite.AbstractCallSite.callConstructor(AbstractCallSite.java:277)
at io.restassured.internal.ResponseSpecificationImpl$HamcrestAssertionClosure.validate(ResponseSpecificationImpl.groovy:512)
at io.restassured.internal.ResponseSpecificationImpl$HamcrestAssertionClosure$validate$1.call(Unknown Source)
at io.restassured.internal.ResponseSpecificationImpl.validateResponseIfRequired(ResponseSpecificationImpl.groovy:696)
at io.restassured.internal.ResponseSpecificationImpl.this$2$validateResponseIfRequired(ResponseSpecificationImpl.groovy)
at org.codehaus.groovy.runtime.callsite.PlainObjectMetaMethodSite.doInvoke(PlainObjectMetaMethodSite.java:43)
at org.codehaus.groovy.runtime.callsite.PogoMetaMethodSite$PogoCachedMethodSiteNoUnwrapNoCoerce.invoke(PogoMetaMethodSite.java:198)
at org.codehaus.groovy.runtime.callsite.PogoMetaMethodSite.callCurrent(PogoMetaMethodSite.java:62)
at org.codehaus.groovy.runtime.callsite.AbstractCallSite.callCurrent(AbstractCallSite.java:185)
at io.restassured.internal.ResponseSpecificationImpl.statusCode(ResponseSpecificationImpl.groovy:135)
at io.restassured.specification.ResponseSpecification$statusCode$0.callCurrent(Unknown Source)
at io.restassured.internal.ResponseSpecificationImpl.statusCode(ResponseSpecificationImpl.groovy:143)
at io.restassured.internal.ValidatableResponseOptionsImpl.statusCode(ValidatableResponseOptionsImpl.java:89)
at com.emmanuelarhu.tests.PhotosTest.testFilterPhotosWithInvalidAlbumId(PhotosTest.java:267)
at java.base/java.util.ArrayList.forEach(ArrayList.java:1596)
... Removed 36 stack frames]]>
    </failure>
  </testcase> <!-- testFilterPhotosWithInvalidAlbumId -->
  <testcase classname="com.emmanuelarhu.tests.PhotosTest" name="testDeleteNonExistentPhoto" time="0.105">
    <failure type="java.lang.AssertionError" message="1 expectation failed.
Expected status code &amp;lt;404&amp;gt; but was &amp;lt;200&amp;gt;.
">
      <![CDATA[java.lang.AssertionError: 1 expectation failed.
Expected status code <404> but was <200>.

at org.codehaus.groovy.runtime.callsite.ConstructorSite$ConstructorSiteNoUnwrapNoCoerce.callConstructor(ConstructorSite.java:108)
at org.codehaus.groovy.runtime.callsite.AbstractCallSite.callConstructor(AbstractCallSite.java:277)
at io.restassured.internal.ResponseSpecificationImpl$HamcrestAssertionClosure.validate(ResponseSpecificationImpl.groovy:512)
at io.restassured.internal.ResponseSpecificationImpl$HamcrestAssertionClosure$validate$1.call(Unknown Source)
at io.restassured.internal.ResponseSpecificationImpl.validateResponseIfRequired(ResponseSpecificationImpl.groovy:696)
at io.restassured.internal.ResponseSpecificationImpl.this$2$validateResponseIfRequired(ResponseSpecificationImpl.groovy)
at org.codehaus.groovy.runtime.callsite.PlainObjectMetaMethodSite.doInvoke(PlainObjectMetaMethodSite.java:43)
at org.codehaus.groovy.runtime.callsite.PogoMetaMethodSite$PogoCachedMethodSiteNoUnwrapNoCoerce.invoke(PogoMetaMethodSite.java:198)
at org.codehaus.groovy.runtime.callsite.PogoMetaMethodSite.callCurrent(PogoMetaMethodSite.java:62)
at org.codehaus.groovy.runtime.callsite.AbstractCallSite.callCurrent(AbstractCallSite.java:185)
at io.restassured.internal.ResponseSpecificationImpl.statusCode(ResponseSpecificationImpl.groovy:135)
at io.restassured.specification.ResponseSpecification$statusCode$0.callCurrent(Unknown Source)
at io.restassured.internal.ResponseSpecificationImpl.statusCode(ResponseSpecificationImpl.groovy:143)
at io.restassured.internal.ValidatableResponseOptionsImpl.statusCode(ValidatableResponseOptionsImpl.java:89)
at com.emmanuelarhu.tests.PhotosTest.testDeleteNonExistentPhoto(PhotosTest.java:287)
at java.base/java.util.ArrayList.forEach(ArrayList.java:1596)
... Removed 36 stack frames]]>
    </failure>
  </testcase> <!-- testDeleteNonExistentPhoto -->
  <testcase classname="com.emmanuelarhu.tests.PhotosTest" name="testCreatePhotoWithMalformedJson" time="0.244"/>
  <testcase classname="com.emmanuelarhu.tests.TodosTest" name="testGetAllTodos" time="0.061"/>
  <testcase classname="com.emmanuelarhu.tests.TodosTest" name="testGetSingleTodo" time="0.053"/>
  <testcase classname="com.emmanuelarhu.tests.TodosTest" name="testGetSingleTodo" time="0.053"/>
  <testcase classname="com.emmanuelarhu.tests.TodosTest" name="testGetSingleTodo" time="0.053"/>
  <testcase classname="com.emmanuelarhu.tests.TodosTest" name="testGetSingleTodo" time="0.058"/>
  <testcase classname="com.emmanuelarhu.tests.TodosTest" name="testGetSingleTodo" time="0.055"/>
  <testcase classname="com.emmanuelarhu.tests.TodosTest" name="testGetSingleTodo" time="0.054"/>
  <testcase classname="com.emmanuelarhu.tests.TodosTest" name="testGetSingleTodo" time="0.058"/>
  <testcase classname="com.emmanuelarhu.tests.TodosTest" name="testGetSingleTodo" time="0.05"/>
  <testcase classname="com.emmanuelarhu.tests.TodosTest" name="testGetSingleTodo" time="0.049"/>
  <testcase classname="com.emmanuelarhu.tests.TodosTest" name="testGetSingleTodo" time="0.056"/>
  <testcase classname="com.emmanuelarhu.tests.TodosTest" name="testCreateNewTodo" time="0.119"/>
  <testcase classname="com.emmanuelarhu.tests.TodosTest" name="testCreateNewTodo" time="0.121"/>
  <testcase classname="com.emmanuelarhu.tests.TodosTest" name="testCreateNewTodo" time="0.126"/>
  <testcase classname="com.emmanuelarhu.tests.TodosTest" name="testUpdateTodo" time="0.245"/>
  <testcase classname="com.emmanuelarhu.tests.TodosTest" name="testUpdateTodo" time="0.254"/>
  <testcase classname="com.emmanuelarhu.tests.TodosTest" name="testUpdateTodo" time="0.115"/>
  <testcase classname="com.emmanuelarhu.tests.TodosTest" name="testPatchTodo" time="0.116"/>
  <testcase classname="com.emmanuelarhu.tests.TodosTest" name="testDeleteTodo" time="0.102"/>
  <testcase classname="com.emmanuelarhu.tests.TodosTest" name="testFilterTodosByCompletionStatus" time="0.051"/>
  <testcase classname="com.emmanuelarhu.tests.TodosTest" name="testFilterTodosByCompletionStatus" time="0.052"/>
  <testcase classname="com.emmanuelarhu.tests.TodosTest" name="testFilterTodosByUser" time="0.045"/>
  <testcase classname="com.emmanuelarhu.tests.TodosTest" name="testFilterTodosByUser" time="0.055"/>
  <testcase classname="com.emmanuelarhu.tests.TodosTest" name="testFilterTodosByUser" time="0.044"/>
  <testcase classname="com.emmanuelarhu.tests.TodosTest" name="testFilterTodosByUser" time="0.042"/>
  <testcase classname="com.emmanuelarhu.tests.TodosTest" name="testFilterTodosByUser" time="0.044"/>
  <testcase classname="com.emmanuelarhu.tests.TodosTest" name="testGetNonExistentTodo" time="0.032"/>
  <testcase classname="com.emmanuelarhu.tests.TodosTest" name="testGetNonExistentTodo" time="0.032"/>
  <testcase classname="com.emmanuelarhu.tests.TodosTest" name="testGetNonExistentTodo" time="0.04"/>
  <testcase classname="com.emmanuelarhu.tests.TodosTest" name="testGetNonExistentTodo" time="0.037"/>
  <testcase classname="com.emmanuelarhu.tests.TodosTest" name="testGetNonExistentTodo" time="0.033"/>
  <testcase classname="com.emmanuelarhu.tests.TodosTest" name="testCreateTodoWithInvalidData" time="0.001">
    <failure type="java.lang.NullPointerException" message="Cannot invoke &amp;quot;java.util.List.contains(Object)&amp;quot; because the return value of &amp;quot;java.util.Map.get(Object)&amp;quot; is null">
      <![CDATA[java.lang.NullPointerException: Cannot invoke "java.util.List.contains(Object)" because the return value of "java.util.Map.get(Object)" is null
at java.base/java.util.ArrayList.forEach(ArrayList.java:1596)
... Removed 35 stack frames]]>
    </failure>
  </testcase> <!-- testCreateTodoWithInvalidData -->
  <testcase classname="com.emmanuelarhu.tests.TodosTest" name="testFilterTodosWithInvalidUserId" time="0.036">
    <failure type="java.lang.AssertionError" message="1 expectation failed.
Expected status code &amp;lt;404&amp;gt; but was &amp;lt;200&amp;gt;.
">
      <![CDATA[java.lang.AssertionError: 1 expectation failed.
Expected status code <404> but was <200>.

at org.codehaus.groovy.runtime.callsite.ConstructorSite$ConstructorSiteNoUnwrapNoCoerce.callConstructor(ConstructorSite.java:108)
at org.codehaus.groovy.runtime.callsite.AbstractCallSite.callConstructor(AbstractCallSite.java:277)
at io.restassured.internal.ResponseSpecificationImpl$HamcrestAssertionClosure.validate(ResponseSpecificationImpl.groovy:512)
at io.restassured.internal.ResponseSpecificationImpl$HamcrestAssertionClosure$validate$1.call(Unknown Source)
at io.restassured.internal.ResponseSpecificationImpl.validateResponseIfRequired(ResponseSpecificationImpl.groovy:696)
at io.restassured.internal.ResponseSpecificationImpl.this$2$validateResponseIfRequired(ResponseSpecificationImpl.groovy)
at org.codehaus.groovy.runtime.callsite.PlainObjectMetaMethodSite.doInvoke(PlainObjectMetaMethodSite.java:43)
at org.codehaus.groovy.runtime.callsite.PogoMetaMethodSite$PogoCachedMethodSiteNoUnwrapNoCoerce.invoke(PogoMetaMethodSite.java:198)
at org.codehaus.groovy.runtime.callsite.PogoMetaMethodSite.callCurrent(PogoMetaMethodSite.java:62)
at org.codehaus.groovy.runtime.callsite.AbstractCallSite.callCurrent(AbstractCallSite.java:185)
at io.restassured.internal.ResponseSpecificationImpl.statusCode(ResponseSpecificationImpl.groovy:135)
at io.restassured.specification.ResponseSpecification$statusCode$0.callCurrent(Unknown Source)
at io.restassured.internal.ResponseSpecificationImpl.statusCode(ResponseSpecificationImpl.groovy:143)
at io.restassured.internal.ValidatableResponseOptionsImpl.statusCode(ValidatableResponseOptionsImpl.java:89)
at com.emmanuelarhu.tests.TodosTest.testFilterTodosWithInvalidUserId(TodosTest.java:293)
at java.base/java.util.ArrayList.forEach(ArrayList.java:1596)
... Removed 36 stack frames]]>
    </failure>
  </testcase> <!-- testFilterTodosWithInvalidUserId -->
  <testcase classname="com.emmanuelarhu.tests.TodosTest" name="testDeleteNonExistentTodo" time="0.234">
    <failure type="java.lang.AssertionError" message="1 expectation failed.
Expected status code &amp;lt;404&amp;gt; but was &amp;lt;200&amp;gt;.
">
      <![CDATA[java.lang.AssertionError: 1 expectation failed.
Expected status code <404> but was <200>.

at org.codehaus.groovy.runtime.callsite.ConstructorSite$ConstructorSiteNoUnwrapNoCoerce.callConstructor(ConstructorSite.java:108)
at org.codehaus.groovy.runtime.callsite.AbstractCallSite.callConstructor(AbstractCallSite.java:277)
at io.restassured.internal.ResponseSpecificationImpl$HamcrestAssertionClosure.validate(ResponseSpecificationImpl.groovy:512)
at io.restassured.internal.ResponseSpecificationImpl$HamcrestAssertionClosure$validate$1.call(Unknown Source)
at io.restassured.internal.ResponseSpecificationImpl.validateResponseIfRequired(ResponseSpecificationImpl.groovy:696)
at io.restassured.internal.ResponseSpecificationImpl.this$2$validateResponseIfRequired(ResponseSpecificationImpl.groovy)
at org.codehaus.groovy.runtime.callsite.PlainObjectMetaMethodSite.doInvoke(PlainObjectMetaMethodSite.java:43)
at org.codehaus.groovy.runtime.callsite.PogoMetaMethodSite$PogoCachedMethodSiteNoUnwrapNoCoerce.invoke(PogoMetaMethodSite.java:198)
at org.codehaus.groovy.runtime.callsite.PogoMetaMethodSite.callCurrent(PogoMetaMethodSite.java:62)
at org.codehaus.groovy.runtime.callsite.AbstractCallSite.callCurrent(AbstractCallSite.java:185)
at io.restassured.internal.ResponseSpecificationImpl.statusCode(ResponseSpecificationImpl.groovy:135)
at io.restassured.specification.ResponseSpecification$statusCode$0.callCurrent(Unknown Source)
at io.restassured.internal.ResponseSpecificationImpl.statusCode(ResponseSpecificationImpl.groovy:143)
at io.restassured.internal.ValidatableResponseOptionsImpl.statusCode(ValidatableResponseOptionsImpl.java:89)
at com.emmanuelarhu.tests.TodosTest.testDeleteNonExistentTodo(TodosTest.java:313)
at java.base/java.util.ArrayList.forEach(ArrayList.java:1596)
... Removed 36 stack frames]]>
    </failure>
  </testcase> <!-- testDeleteNonExistentTodo -->
  <testcase classname="com.emmanuelarhu.tests.TodosTest" name="testCreateTodoWithMalformedJson" time="0.25"/>
  <testcase classname="com.emmanuelarhu.tests.TodosTest" name="testToggleCompletion" time="0.166"/>
  <testcase classname="com.emmanuelarhu.tests.UsersTest" name="testGetAllUsers" time="0.089"/>
  <testcase classname="com.emmanuelarhu.tests.UsersTest" name="testGetSingleUser" time="0.058"/>
  <testcase classname="com.emmanuelarhu.tests.UsersTest" name="testGetSingleUser" time="0.049"/>
  <testcase classname="com.emmanuelarhu.tests.UsersTest" name="testGetSingleUser" time="0.053"/>
  <testcase classname="com.emmanuelarhu.tests.UsersTest" name="testGetSingleUser" time="0.266"/>
  <testcase classname="com.emmanuelarhu.tests.UsersTest" name="testGetSingleUser" time="0.047"/>
  <testcase classname="com.emmanuelarhu.tests.UsersTest" name="testGetSingleUser" time="0.046"/>
  <testcase classname="com.emmanuelarhu.tests.UsersTest" name="testGetSingleUser" time="0.054"/>
  <testcase classname="com.emmanuelarhu.tests.UsersTest" name="testGetSingleUser" time="0.06"/>
  <testcase classname="com.emmanuelarhu.tests.UsersTest" name="testGetSingleUser" time="0.054"/>
  <testcase classname="com.emmanuelarhu.tests.UsersTest" name="testGetSingleUser" time="0.049"/>
  <testcase classname="com.emmanuelarhu.tests.UsersTest" name="testCreateNewUser" time="0.128"/>
  <testcase classname="com.emmanuelarhu.tests.UsersTest" name="testCreateNewUser" time="0.125"/>
  <testcase classname="com.emmanuelarhu.tests.UsersTest" name="testCreateNewUser" time="0.261"/>
  <testcase classname="com.emmanuelarhu.tests.UsersTest" name="testUpdateUser" time="0.257"/>
  <testcase classname="com.emmanuelarhu.tests.UsersTest" name="testUpdateUser" time="0.251"/>
  <testcase classname="com.emmanuelarhu.tests.UsersTest" name="testUpdateUser" time="0.123"/>
  <testcase classname="com.emmanuelarhu.tests.UsersTest" name="testDeleteUser" time="0.108"/>
  <testcase classname="com.emmanuelarhu.tests.UsersTest" name="testGetNonExistentUser" time="0.053"/>
  <testcase classname="com.emmanuelarhu.tests.UsersTest" name="testGetNonExistentUser" time="0.034"/>
  <testcase classname="com.emmanuelarhu.tests.UsersTest" name="testGetNonExistentUser" time="0.037"/>
  <testcase classname="com.emmanuelarhu.tests.UsersTest" name="testGetNonExistentUser" time="0.036"/>
  <testcase classname="com.emmanuelarhu.tests.UsersTest" name="testGetNonExistentUser" time="0.037"/>
  <testcase classname="com.emmanuelarhu.tests.UsersTest" name="testCreateUserWithInvalidData" time="0.102">
    <failure type="java.lang.AssertionError" message="Should receive a valid HTTP response code expected [true] but found [false]">
      <![CDATA[java.lang.AssertionError: Should receive a valid HTTP response code expected [true] but found [false]
at com.emmanuelarhu.tests.UsersTest.testCreateUserWithInvalidData(UsersTest.java:193)
at java.base/java.util.ArrayList.forEach(ArrayList.java:1596)
... Removed 33 stack frames]]>
    </failure>
  </testcase> <!-- testCreateUserWithInvalidData -->
  <testcase classname="com.emmanuelarhu.tests.UsersTest" name="testCreateUserWithInvalidData" time="0.099">
    <failure type="java.lang.AssertionError" message="Should receive a valid HTTP response code expected [true] but found [false]">
      <![CDATA[java.lang.AssertionError: Should receive a valid HTTP response code expected [true] but found [false]
at com.emmanuelarhu.tests.UsersTest.testCreateUserWithInvalidData(UsersTest.java:193)
at java.base/java.util.ArrayList.forEach(ArrayList.java:1596)
... Removed 33 stack frames]]>
    </failure>
  </testcase> <!-- testCreateUserWithInvalidData -->
  <testcase classname="com.emmanuelarhu.tests.UsersTest" name="testCreateUserWithInvalidData" time="0.107">
    <failure type="java.lang.AssertionError" message="Should receive a valid HTTP response code expected [true] but found [false]">
      <![CDATA[java.lang.AssertionError: Should receive a valid HTTP response code expected [true] but found [false]
at com.emmanuelarhu.tests.UsersTest.testCreateUserWithInvalidData(UsersTest.java:193)
at java.base/java.util.ArrayList.forEach(ArrayList.java:1596)
... Removed 33 stack frames]]>
    </failure>
  </testcase> <!-- testCreateUserWithInvalidData -->
  <testcase classname="com.emmanuelarhu.tests.UsersTest" name="testCreateUserWithInvalidData" time="0.096">
    <failure type="java.lang.AssertionError" message="Should receive a valid HTTP response code expected [true] but found [false]">
      <![CDATA[java.lang.AssertionError: Should receive a valid HTTP response code expected [true] but found [false]
at com.emmanuelarhu.tests.UsersTest.testCreateUserWithInvalidData(UsersTest.java:193)
at java.base/java.util.ArrayList.forEach(ArrayList.java:1596)
... Removed 33 stack frames]]>
    </failure>
  </testcase> <!-- testCreateUserWithInvalidData -->
  <testcase classname="com.emmanuelarhu.tests.UsersTest" name="testCreateUserWithInvalidData" time="0.25">
    <failure type="java.lang.AssertionError" message="Should receive a valid HTTP response code expected [true] but found [false]">
      <![CDATA[java.lang.AssertionError: Should receive a valid HTTP response code expected [true] but found [false]
at com.emmanuelarhu.tests.UsersTest.testCreateUserWithInvalidData(UsersTest.java:193)
at java.base/java.util.ArrayList.forEach(ArrayList.java:1596)
... Removed 33 stack frames]]>
    </failure>
  </testcase> <!-- testCreateUserWithInvalidData -->
  <testcase classname="com.emmanuelarhu.tests.UsersTest" name="testCreateUserWithInvalidData" time="0.105">
    <failure type="java.lang.AssertionError" message="Should receive a valid HTTP response code expected [true] but found [false]">
      <![CDATA[java.lang.AssertionError: Should receive a valid HTTP response code expected [true] but found [false]
at com.emmanuelarhu.tests.UsersTest.testCreateUserWithInvalidData(UsersTest.java:193)
at java.base/java.util.ArrayList.forEach(ArrayList.java:1596)
... Removed 33 stack frames]]>
    </failure>
  </testcase> <!-- testCreateUserWithInvalidData -->
  <testcase classname="com.emmanuelarhu.tests.UsersTest" name="testCreateUserWithInvalidData" time="0.241">
    <failure type="java.lang.AssertionError" message="Should receive a valid HTTP response code expected [true] but found [false]">
      <![CDATA[java.lang.AssertionError: Should receive a valid HTTP response code expected [true] but found [false]
at com.emmanuelarhu.tests.UsersTest.testCreateUserWithInvalidData(UsersTest.java:193)
at java.base/java.util.ArrayList.forEach(ArrayList.java:1596)
... Removed 33 stack frames]]>
    </failure>
  </testcase> <!-- testCreateUserWithInvalidData -->
  <testcase classname="com.emmanuelarhu.tests.UsersTest" name="testDeleteNonExistentUser" time="0.219"/>
  <testcase classname="com.emmanuelarhu.tests.UsersTest" name="testCreateUserWithMalformedJson" time="0.1"/>
</testsuite> <!-- Surefire test -->
