<html>
<head>
<title>TestNG:  Surefire test</title>
<link href="../testng.css" rel="stylesheet" type="text/css" />
<link href="../my-testng.css" rel="stylesheet" type="text/css" />

<style type="text/css">
.log { display: none;} 
.stack-trace { display: none;} 
</style>
<script type="text/javascript">
<!--
function flip(e) {
  current = e.style.display;
  if (current == 'block') {
    e.style.display = 'none';
    return 0;
  }
  else {
    e.style.display = 'block';
    return 1;
  }
}

function toggleBox(szDivId, elem, msg1, msg2)
{
  var res = -1;  if (document.getElementById) {
    res = flip(document.getElementById(szDivId));
  }
  else if (document.all) {
    // this is the way old msie versions work
    res = flip(document.all[szDivId]);
  }
  if(elem) {
    if(res == 0) elem.innerHTML = msg1; else elem.innerHTML = msg2;
  }

}

function toggleAllBoxes() {
  if (document.getElementsByTagName) {
    d = document.getElementsByTagName('div');
    for (i = 0; i < d.length; i++) {
      if (d[i].className == 'log') {
        flip(d[i]);
      }
    }
  }
}

// -->
</script>

</head>
<body>
<h2 align='center'>Surefire test</h2><table border='1' align="center">
<tr>
<td>Tests passed/Failed/Skipped:</td><td>186/35/0</td>
</tr><tr>
<td>Started on:</td><td>Fri Jul 11 13:46:49 UTC 2025</td>
</tr>
<tr><td>Total time:</td><td>28 seconds (28738 ms)</td>
</tr><tr>
<td>Included groups:</td><td></td>
</tr><tr>
<td>Excluded groups:</td><td></td>
</tr>
</table><p/>
<small><i>(Hover the method name to see the test class name)</i></small><p/>
<table width='100%' border='1' class='invocation-failed'>
<tr><td colspan='4' align='center'><b>FAILED TESTS</b></td></tr>
<tr><td><b>Test method</b></td>
<td><b>Attribute(s)</b></td>
<td width="30%"><b>Exception</b></td>
<td width="10%"><b>Time (seconds)</b></td>
<td><b>Instance</b></td>
</tr>
<tr>
<td title='com.emmanuelarhu.tests.CommentsTest.testFilterCommentsWithInvalidPostId()'><b>testFilterCommentsWithInvalidPostId</b><br>Test class: com.emmanuelarhu.tests.CommentsTest</td>
<td><div><pre>java.lang.AssertionError: 1 expectation failed.
Expected status code &lt;404&gt; but was &lt;200&gt;.

	at org.codehaus.groovy.runtime.callsite.ConstructorSite$ConstructorSiteNoUnwrapNoCoerce.callConstructor(ConstructorSite.java:108)
	at org.codehaus.groovy.runtime.callsite.AbstractCallSite.callConstructor(AbstractCallSite.java:277)
	at io.restassured.internal.ResponseSpecificationImpl$HamcrestAssertionClosure.validate(ResponseSpecificationImpl.groovy:512)
	at io.restassured.internal.ResponseSpecificationImpl$HamcrestAssertionClosure$validate$1.call(Unknown Source)
	at io.restassured.internal.ResponseSpecificationImpl.validateResponseIfRequired(ResponseSpecificationImpl.groovy:696)
	at io.restassured.internal.ResponseSpecificationImpl.this$2$validateResponseIfRequired(ResponseSpecificationImpl.groovy)
	at org.codehaus.groovy.runtime.callsite.PlainObjectMetaMethodSite.doInvoke(PlainObjectMetaMethodSite.java:43)
	at org.codehaus.groovy.runtime.callsite.PogoMetaMethodSite$PogoCachedMethodSiteNoUnwrapNoCoerce.invoke(PogoMetaMethodSite.java:198)
	at org.codehaus.groovy.runtime.callsite.PogoMetaMethodSite.callCurrent(PogoMetaMethodSite.java:62)
	at org.codehaus.groovy.runtime.callsite.AbstractCallSite.callCurrent(AbstractCallSite.java:185)
	at io.restassured.internal.ResponseSpecificationImpl.statusCode(ResponseSpecificationImpl.groovy:135)
	at io.restassured.specification.ResponseSpecification$statusCode$0.callCurrent(Unknown Source)
	at io.restassured.internal.ResponseSpecificationImpl.statusCode(ResponseSpecificationImpl.groovy:143)
	at io.restassured.internal.ValidatableResponseOptionsImpl.statusCode(ValidatableResponseOptionsImpl.java:89)
	at com.emmanuelarhu.tests.CommentsTest.testFilterCommentsWithInvalidPostId(CommentsTest.java:235)
	at java.base/java.util.ArrayList.forEach(ArrayList.java:1596)
... Removed 36 stack frames</pre></div><a href='#' onClick='toggleBox("stack-trace1882924344", this, "Click to show all stack frames", "Click to hide stack frames")'>Click to show all stack frames</a>
<div class='stack-trace' id='stack-trace1882924344'><pre>java.lang.AssertionError: 1 expectation failed.
Expected status code &lt;404&gt; but was &lt;200&gt;.

	at java.base/jdk.internal.reflect.DirectConstructorHandleAccessor.newInstance(DirectConstructorHandleAccessor.java:62)
	at java.base/java.lang.reflect.Constructor.newInstanceWithCaller(Constructor.java:502)
	at java.base/java.lang.reflect.Constructor.newInstance(Constructor.java:486)
	at org.codehaus.groovy.reflection.CachedConstructor.invoke(CachedConstructor.java:73)
	at org.codehaus.groovy.runtime.callsite.ConstructorSite$ConstructorSiteNoUnwrapNoCoerce.callConstructor(ConstructorSite.java:108)
	at org.codehaus.groovy.runtime.callsite.AbstractCallSite.callConstructor(AbstractCallSite.java:277)
	at io.restassured.internal.ResponseSpecificationImpl$HamcrestAssertionClosure.validate(ResponseSpecificationImpl.groovy:512)
	at io.restassured.internal.ResponseSpecificationImpl$HamcrestAssertionClosure$validate$1.call(Unknown Source)
	at io.restassured.internal.ResponseSpecificationImpl.validateResponseIfRequired(ResponseSpecificationImpl.groovy:696)
	at io.restassured.internal.ResponseSpecificationImpl.this$2$validateResponseIfRequired(ResponseSpecificationImpl.groovy)
	at java.base/jdk.internal.reflect.DirectMethodHandleAccessor.invoke(DirectMethodHandleAccessor.java:103)
	at java.base/java.lang.reflect.Method.invoke(Method.java:580)
	at org.codehaus.groovy.runtime.callsite.PlainObjectMetaMethodSite.doInvoke(PlainObjectMetaMethodSite.java:43)
	at org.codehaus.groovy.runtime.callsite.PogoMetaMethodSite$PogoCachedMethodSiteNoUnwrapNoCoerce.invoke(PogoMetaMethodSite.java:198)
	at org.codehaus.groovy.runtime.callsite.PogoMetaMethodSite.callCurrent(PogoMetaMethodSite.java:62)
	at org.codehaus.groovy.runtime.callsite.AbstractCallSite.callCurrent(AbstractCallSite.java:185)
	at io.restassured.internal.ResponseSpecificationImpl.statusCode(ResponseSpecificationImpl.groovy:135)
	at io.restassured.specification.ResponseSpecification$statusCode$0.callCurrent(Unknown Source)
	at io.restassured.internal.ResponseSpecificationImpl.statusCode(ResponseSpecificationImpl.groovy:143)
	at io.restassured.internal.ValidatableResponseOptionsImpl.statusCode(ValidatableResponseOptionsImpl.java:89)
	at com.emmanuelarhu.tests.CommentsTest.testFilterCommentsWithInvalidPostId(CommentsTest.java:235)
	at java.base/jdk.internal.reflect.DirectMethodHandleAccessor.invoke(DirectMethodHandleAccessor.java:103)
	at java.base/java.lang.reflect.Method.invoke(Method.java:580)
	at org.testng.internal.invokers.MethodInvocationHelper.invokeMethod(MethodInvocationHelper.java:139)
	at org.testng.internal.invokers.TestInvoker.invokeMethod(TestInvoker.java:664)
	at org.testng.internal.invokers.TestInvoker.invokeTestMethod(TestInvoker.java:227)
	at org.testng.internal.invokers.MethodRunner.runInSequence(MethodRunner.java:50)
	at org.testng.internal.invokers.TestInvoker$MethodInvocationAgent.invoke(TestInvoker.java:957)
	at org.testng.internal.invokers.TestInvoker.invokeTestMethods(TestInvoker.java:200)
	at org.testng.internal.invokers.TestMethodWorker.invokeTestMethods(TestMethodWorker.java:148)
	at org.testng.internal.invokers.TestMethodWorker.run(TestMethodWorker.java:128)
	at java.base/java.util.ArrayList.forEach(ArrayList.java:1596)
	at org.testng.TestRunner.privateRun(TestRunner.java:848)
	at org.testng.TestRunner.run(TestRunner.java:621)
	at org.testng.SuiteRunner.runTest(SuiteRunner.java:443)
	at org.testng.SuiteRunner.runSequentially(SuiteRunner.java:437)
	at org.testng.SuiteRunner.privateRun(SuiteRunner.java:397)
	at org.testng.SuiteRunner.run(SuiteRunner.java:336)
	at org.testng.SuiteRunnerWorker.runSuite(SuiteRunnerWorker.java:52)
	at org.testng.SuiteRunnerWorker.run(SuiteRunnerWorker.java:95)
	at org.testng.TestNG.runSuitesSequentially(TestNG.java:1280)
	at org.testng.TestNG.runSuitesLocally(TestNG.java:1200)
	at org.testng.TestNG.runSuites(TestNG.java:1114)
	at org.testng.TestNG.run(TestNG.java:1082)
	at org.apache.maven.surefire.testng.TestNGExecutor.run(TestNGExecutor.java:155)
	at org.apache.maven.surefire.testng.TestNGDirectoryTestSuite.executeMulti(TestNGDirectoryTestSuite.java:169)
	at org.apache.maven.surefire.testng.TestNGDirectoryTestSuite.execute(TestNGDirectoryTestSuite.java:88)
	at org.apache.maven.surefire.testng.TestNGProvider.invoke(TestNGProvider.java:137)
	at org.apache.maven.surefire.booter.ForkedBooter.runSuitesInProcess(ForkedBooter.java:385)
	at org.apache.maven.surefire.booter.ForkedBooter.execute(ForkedBooter.java:162)
	at org.apache.maven.surefire.booter.ForkedBooter.run(ForkedBooter.java:507)
	at org.apache.maven.surefire.booter.ForkedBooter.main(ForkedBooter.java:495)
</pre></div></td>
<td>0</td>
<td>com.emmanuelarhu.tests.CommentsTest@6075b2d3</td></tr>
<tr>
<td title='com.emmanuelarhu.tests.CommentsTest.testCreateCommentWithInvalidData()'><b>testCreateCommentWithInvalidData</b><br>Test class: com.emmanuelarhu.tests.CommentsTest<br>Parameters: 1, Test Comment, invalid-email, Test body</td>
<td><div><pre>java.lang.AssertionError: Expected 404 Not Found for invalid comment creation expected [true] but found [false]
	at com.emmanuelarhu.tests.CommentsTest.testCreateCommentWithInvalidData(CommentsTest.java:215)
	at java.base/java.util.ArrayList.forEach(ArrayList.java:1596)
... Removed 33 stack frames</pre></div><a href='#' onClick='toggleBox("stack-trace1544923155", this, "Click to show all stack frames", "Click to hide stack frames")'>Click to show all stack frames</a>
<div class='stack-trace' id='stack-trace1544923155'><pre>java.lang.AssertionError: Expected 404 Not Found for invalid comment creation expected [true] but found [false]
	at org.testng.Assert.fail(Assert.java:111)
	at org.testng.Assert.failNotEquals(Assert.java:1578)
	at org.testng.Assert.assertTrue(Assert.java:57)
	at com.emmanuelarhu.tests.CommentsTest.testCreateCommentWithInvalidData(CommentsTest.java:215)
	at java.base/jdk.internal.reflect.DirectMethodHandleAccessor.invoke(DirectMethodHandleAccessor.java:103)
	at java.base/java.lang.reflect.Method.invoke(Method.java:580)
	at org.testng.internal.invokers.MethodInvocationHelper.invokeMethod(MethodInvocationHelper.java:139)
	at org.testng.internal.invokers.TestInvoker.invokeMethod(TestInvoker.java:664)
	at org.testng.internal.invokers.TestInvoker.invokeTestMethod(TestInvoker.java:227)
	at org.testng.internal.invokers.MethodRunner.runInSequence(MethodRunner.java:50)
	at org.testng.internal.invokers.TestInvoker$MethodInvocationAgent.invoke(TestInvoker.java:957)
	at org.testng.internal.invokers.TestInvoker.invokeTestMethods(TestInvoker.java:200)
	at org.testng.internal.invokers.TestMethodWorker.invokeTestMethods(TestMethodWorker.java:148)
	at org.testng.internal.invokers.TestMethodWorker.run(TestMethodWorker.java:128)
	at java.base/java.util.ArrayList.forEach(ArrayList.java:1596)
	at org.testng.TestRunner.privateRun(TestRunner.java:848)
	at org.testng.TestRunner.run(TestRunner.java:621)
	at org.testng.SuiteRunner.runTest(SuiteRunner.java:443)
	at org.testng.SuiteRunner.runSequentially(SuiteRunner.java:437)
	at org.testng.SuiteRunner.privateRun(SuiteRunner.java:397)
	at org.testng.SuiteRunner.run(SuiteRunner.java:336)
	at org.testng.SuiteRunnerWorker.runSuite(SuiteRunnerWorker.java:52)
	at org.testng.SuiteRunnerWorker.run(SuiteRunnerWorker.java:95)
	at org.testng.TestNG.runSuitesSequentially(TestNG.java:1280)
	at org.testng.TestNG.runSuitesLocally(TestNG.java:1200)
	at org.testng.TestNG.runSuites(TestNG.java:1114)
	at org.testng.TestNG.run(TestNG.java:1082)
	at org.apache.maven.surefire.testng.TestNGExecutor.run(TestNGExecutor.java:155)
	at org.apache.maven.surefire.testng.TestNGDirectoryTestSuite.executeMulti(TestNGDirectoryTestSuite.java:169)
	at org.apache.maven.surefire.testng.TestNGDirectoryTestSuite.execute(TestNGDirectoryTestSuite.java:88)
	at org.apache.maven.surefire.testng.TestNGProvider.invoke(TestNGProvider.java:137)
	at org.apache.maven.surefire.booter.ForkedBooter.runSuitesInProcess(ForkedBooter.java:385)
	at org.apache.maven.surefire.booter.ForkedBooter.execute(ForkedBooter.java:162)
	at org.apache.maven.surefire.booter.ForkedBooter.run(ForkedBooter.java:507)
	at org.apache.maven.surefire.booter.ForkedBooter.main(ForkedBooter.java:495)
</pre></div></td>
<td>0</td>
<td>com.emmanuelarhu.tests.CommentsTest@6075b2d3</td></tr>
<tr>
<td title='com.emmanuelarhu.tests.PostsTest.testCreatePostWithInvalidData()'><b>testCreatePostWithInvalidData</b><br>Test class: com.emmanuelarhu.tests.PostsTest<br>Parameters: 1, , Test content</td>
<td><div><pre>java.lang.AssertionError: Should receive a valid HTTP response code expected [true] but found [false]
	at com.emmanuelarhu.tests.PostsTest.testCreatePostWithInvalidData(PostsTest.java:285)
	at java.base/java.util.ArrayList.forEach(ArrayList.java:1596)
... Removed 33 stack frames</pre></div><a href='#' onClick='toggleBox("stack-trace1969518243", this, "Click to show all stack frames", "Click to hide stack frames")'>Click to show all stack frames</a>
<div class='stack-trace' id='stack-trace1969518243'><pre>java.lang.AssertionError: Should receive a valid HTTP response code expected [true] but found [false]
	at org.testng.Assert.fail(Assert.java:111)
	at org.testng.Assert.failNotEquals(Assert.java:1578)
	at org.testng.Assert.assertTrue(Assert.java:57)
	at com.emmanuelarhu.tests.PostsTest.testCreatePostWithInvalidData(PostsTest.java:285)
	at java.base/jdk.internal.reflect.DirectMethodHandleAccessor.invoke(DirectMethodHandleAccessor.java:103)
	at java.base/java.lang.reflect.Method.invoke(Method.java:580)
	at org.testng.internal.invokers.MethodInvocationHelper.invokeMethod(MethodInvocationHelper.java:139)
	at org.testng.internal.invokers.TestInvoker.invokeMethod(TestInvoker.java:664)
	at org.testng.internal.invokers.TestInvoker.invokeTestMethod(TestInvoker.java:227)
	at org.testng.internal.invokers.MethodRunner.runInSequence(MethodRunner.java:50)
	at org.testng.internal.invokers.TestInvoker$MethodInvocationAgent.invoke(TestInvoker.java:957)
	at org.testng.internal.invokers.TestInvoker.invokeTestMethods(TestInvoker.java:200)
	at org.testng.internal.invokers.TestMethodWorker.invokeTestMethods(TestMethodWorker.java:148)
	at org.testng.internal.invokers.TestMethodWorker.run(TestMethodWorker.java:128)
	at java.base/java.util.ArrayList.forEach(ArrayList.java:1596)
	at org.testng.TestRunner.privateRun(TestRunner.java:848)
	at org.testng.TestRunner.run(TestRunner.java:621)
	at org.testng.SuiteRunner.runTest(SuiteRunner.java:443)
	at org.testng.SuiteRunner.runSequentially(SuiteRunner.java:437)
	at org.testng.SuiteRunner.privateRun(SuiteRunner.java:397)
	at org.testng.SuiteRunner.run(SuiteRunner.java:336)
	at org.testng.SuiteRunnerWorker.runSuite(SuiteRunnerWorker.java:52)
	at org.testng.SuiteRunnerWorker.run(SuiteRunnerWorker.java:95)
	at org.testng.TestNG.runSuitesSequentially(TestNG.java:1280)
	at org.testng.TestNG.runSuitesLocally(TestNG.java:1200)
	at org.testng.TestNG.runSuites(TestNG.java:1114)
	at org.testng.TestNG.run(TestNG.java:1082)
	at org.apache.maven.surefire.testng.TestNGExecutor.run(TestNGExecutor.java:155)
	at org.apache.maven.surefire.testng.TestNGDirectoryTestSuite.executeMulti(TestNGDirectoryTestSuite.java:169)
	at org.apache.maven.surefire.testng.TestNGDirectoryTestSuite.execute(TestNGDirectoryTestSuite.java:88)
	at org.apache.maven.surefire.testng.TestNGProvider.invoke(TestNGProvider.java:137)
	at org.apache.maven.surefire.booter.ForkedBooter.runSuitesInProcess(ForkedBooter.java:385)
	at org.apache.maven.surefire.booter.ForkedBooter.execute(ForkedBooter.java:162)
	at org.apache.maven.surefire.booter.ForkedBooter.run(ForkedBooter.java:507)
	at org.apache.maven.surefire.booter.ForkedBooter.main(ForkedBooter.java:495)
</pre></div></td>
<td>0</td>
<td>com.emmanuelarhu.tests.PostsTest@551de37d</td></tr>
<tr>
<td title='com.emmanuelarhu.tests.CommentsTest.testCreateCommentWithInvalidData()'><b>testCreateCommentWithInvalidData</b><br>Test class: com.emmanuelarhu.tests.CommentsTest<br>Parameters: -1, Test Comment, test@example.com, Test body</td>
<td><div><pre>java.lang.AssertionError: Expected 404 Not Found for invalid comment creation expected [true] but found [false]
	at com.emmanuelarhu.tests.CommentsTest.testCreateCommentWithInvalidData(CommentsTest.java:215)
	at java.base/java.util.ArrayList.forEach(ArrayList.java:1596)
... Removed 33 stack frames</pre></div><a href='#' onClick='toggleBox("stack-trace100302003", this, "Click to show all stack frames", "Click to hide stack frames")'>Click to show all stack frames</a>
<div class='stack-trace' id='stack-trace100302003'><pre>java.lang.AssertionError: Expected 404 Not Found for invalid comment creation expected [true] but found [false]
	at org.testng.Assert.fail(Assert.java:111)
	at org.testng.Assert.failNotEquals(Assert.java:1578)
	at org.testng.Assert.assertTrue(Assert.java:57)
	at com.emmanuelarhu.tests.CommentsTest.testCreateCommentWithInvalidData(CommentsTest.java:215)
	at java.base/jdk.internal.reflect.DirectMethodHandleAccessor.invoke(DirectMethodHandleAccessor.java:103)
	at java.base/java.lang.reflect.Method.invoke(Method.java:580)
	at org.testng.internal.invokers.MethodInvocationHelper.invokeMethod(MethodInvocationHelper.java:139)
	at org.testng.internal.invokers.TestInvoker.invokeMethod(TestInvoker.java:664)
	at org.testng.internal.invokers.TestInvoker.invokeTestMethod(TestInvoker.java:227)
	at org.testng.internal.invokers.MethodRunner.runInSequence(MethodRunner.java:50)
	at org.testng.internal.invokers.TestInvoker$MethodInvocationAgent.invoke(TestInvoker.java:957)
	at org.testng.internal.invokers.TestInvoker.invokeTestMethods(TestInvoker.java:200)
	at org.testng.internal.invokers.TestMethodWorker.invokeTestMethods(TestMethodWorker.java:148)
	at org.testng.internal.invokers.TestMethodWorker.run(TestMethodWorker.java:128)
	at java.base/java.util.ArrayList.forEach(ArrayList.java:1596)
	at org.testng.TestRunner.privateRun(TestRunner.java:848)
	at org.testng.TestRunner.run(TestRunner.java:621)
	at org.testng.SuiteRunner.runTest(SuiteRunner.java:443)
	at org.testng.SuiteRunner.runSequentially(SuiteRunner.java:437)
	at org.testng.SuiteRunner.privateRun(SuiteRunner.java:397)
	at org.testng.SuiteRunner.run(SuiteRunner.java:336)
	at org.testng.SuiteRunnerWorker.runSuite(SuiteRunnerWorker.java:52)
	at org.testng.SuiteRunnerWorker.run(SuiteRunnerWorker.java:95)
	at org.testng.TestNG.runSuitesSequentially(TestNG.java:1280)
	at org.testng.TestNG.runSuitesLocally(TestNG.java:1200)
	at org.testng.TestNG.runSuites(TestNG.java:1114)
	at org.testng.TestNG.run(TestNG.java:1082)
	at org.apache.maven.surefire.testng.TestNGExecutor.run(TestNGExecutor.java:155)
	at org.apache.maven.surefire.testng.TestNGDirectoryTestSuite.executeMulti(TestNGDirectoryTestSuite.java:169)
	at org.apache.maven.surefire.testng.TestNGDirectoryTestSuite.execute(TestNGDirectoryTestSuite.java:88)
	at org.apache.maven.surefire.testng.TestNGProvider.invoke(TestNGProvider.java:137)
	at org.apache.maven.surefire.booter.ForkedBooter.runSuitesInProcess(ForkedBooter.java:385)
	at org.apache.maven.surefire.booter.ForkedBooter.execute(ForkedBooter.java:162)
	at org.apache.maven.surefire.booter.ForkedBooter.run(ForkedBooter.java:507)
	at org.apache.maven.surefire.booter.ForkedBooter.main(ForkedBooter.java:495)
</pre></div></td>
<td>0</td>
<td>com.emmanuelarhu.tests.CommentsTest@6075b2d3</td></tr>
<tr>
<td title='com.emmanuelarhu.tests.UsersTest.testCreateUserWithInvalidData()'><b>testCreateUserWithInvalidData</b><br>Test class: com.emmanuelarhu.tests.UsersTest<br>Parameters: Test User, testuser, invalid-email</td>
<td><div><pre>java.lang.AssertionError: Should receive a valid HTTP response code expected [true] but found [false]
	at com.emmanuelarhu.tests.UsersTest.testCreateUserWithInvalidData(UsersTest.java:193)
	at java.base/java.util.ArrayList.forEach(ArrayList.java:1596)
... Removed 33 stack frames</pre></div><a href='#' onClick='toggleBox("stack-trace1595752400", this, "Click to show all stack frames", "Click to hide stack frames")'>Click to show all stack frames</a>
<div class='stack-trace' id='stack-trace1595752400'><pre>java.lang.AssertionError: Should receive a valid HTTP response code expected [true] but found [false]
	at org.testng.Assert.fail(Assert.java:111)
	at org.testng.Assert.failNotEquals(Assert.java:1578)
	at org.testng.Assert.assertTrue(Assert.java:57)
	at com.emmanuelarhu.tests.UsersTest.testCreateUserWithInvalidData(UsersTest.java:193)
	at java.base/jdk.internal.reflect.DirectMethodHandleAccessor.invoke(DirectMethodHandleAccessor.java:103)
	at java.base/java.lang.reflect.Method.invoke(Method.java:580)
	at org.testng.internal.invokers.MethodInvocationHelper.invokeMethod(MethodInvocationHelper.java:139)
	at org.testng.internal.invokers.TestInvoker.invokeMethod(TestInvoker.java:664)
	at org.testng.internal.invokers.TestInvoker.invokeTestMethod(TestInvoker.java:227)
	at org.testng.internal.invokers.MethodRunner.runInSequence(MethodRunner.java:50)
	at org.testng.internal.invokers.TestInvoker$MethodInvocationAgent.invoke(TestInvoker.java:957)
	at org.testng.internal.invokers.TestInvoker.invokeTestMethods(TestInvoker.java:200)
	at org.testng.internal.invokers.TestMethodWorker.invokeTestMethods(TestMethodWorker.java:148)
	at org.testng.internal.invokers.TestMethodWorker.run(TestMethodWorker.java:128)
	at java.base/java.util.ArrayList.forEach(ArrayList.java:1596)
	at org.testng.TestRunner.privateRun(TestRunner.java:848)
	at org.testng.TestRunner.run(TestRunner.java:621)
	at org.testng.SuiteRunner.runTest(SuiteRunner.java:443)
	at org.testng.SuiteRunner.runSequentially(SuiteRunner.java:437)
	at org.testng.SuiteRunner.privateRun(SuiteRunner.java:397)
	at org.testng.SuiteRunner.run(SuiteRunner.java:336)
	at org.testng.SuiteRunnerWorker.runSuite(SuiteRunnerWorker.java:52)
	at org.testng.SuiteRunnerWorker.run(SuiteRunnerWorker.java:95)
	at org.testng.TestNG.runSuitesSequentially(TestNG.java:1280)
	at org.testng.TestNG.runSuitesLocally(TestNG.java:1200)
	at org.testng.TestNG.runSuites(TestNG.java:1114)
	at org.testng.TestNG.run(TestNG.java:1082)
	at org.apache.maven.surefire.testng.TestNGExecutor.run(TestNGExecutor.java:155)
	at org.apache.maven.surefire.testng.TestNGDirectoryTestSuite.executeMulti(TestNGDirectoryTestSuite.java:169)
	at org.apache.maven.surefire.testng.TestNGDirectoryTestSuite.execute(TestNGDirectoryTestSuite.java:88)
	at org.apache.maven.surefire.testng.TestNGProvider.invoke(TestNGProvider.java:137)
	at org.apache.maven.surefire.booter.ForkedBooter.runSuitesInProcess(ForkedBooter.java:385)
	at org.apache.maven.surefire.booter.ForkedBooter.execute(ForkedBooter.java:162)
	at org.apache.maven.surefire.booter.ForkedBooter.run(ForkedBooter.java:507)
	at org.apache.maven.surefire.booter.ForkedBooter.main(ForkedBooter.java:495)
</pre></div></td>
<td>0</td>
<td>com.emmanuelarhu.tests.UsersTest@273842a6</td></tr>
<tr>
<td title='com.emmanuelarhu.tests.PostsTest.testCreatePostWithInvalidData()'><b>testCreatePostWithInvalidData</b><br>Test class: com.emmanuelarhu.tests.PostsTest<br>Parameters: 1, Test Post, </td>
<td><div><pre>java.lang.AssertionError: Should receive a valid HTTP response code expected [true] but found [false]
	at com.emmanuelarhu.tests.PostsTest.testCreatePostWithInvalidData(PostsTest.java:285)
	at java.base/java.util.ArrayList.forEach(ArrayList.java:1596)
... Removed 33 stack frames</pre></div><a href='#' onClick='toggleBox("stack-trace2065014043", this, "Click to show all stack frames", "Click to hide stack frames")'>Click to show all stack frames</a>
<div class='stack-trace' id='stack-trace2065014043'><pre>java.lang.AssertionError: Should receive a valid HTTP response code expected [true] but found [false]
	at org.testng.Assert.fail(Assert.java:111)
	at org.testng.Assert.failNotEquals(Assert.java:1578)
	at org.testng.Assert.assertTrue(Assert.java:57)
	at com.emmanuelarhu.tests.PostsTest.testCreatePostWithInvalidData(PostsTest.java:285)
	at java.base/jdk.internal.reflect.DirectMethodHandleAccessor.invoke(DirectMethodHandleAccessor.java:103)
	at java.base/java.lang.reflect.Method.invoke(Method.java:580)
	at org.testng.internal.invokers.MethodInvocationHelper.invokeMethod(MethodInvocationHelper.java:139)
	at org.testng.internal.invokers.TestInvoker.invokeMethod(TestInvoker.java:664)
	at org.testng.internal.invokers.TestInvoker.invokeTestMethod(TestInvoker.java:227)
	at org.testng.internal.invokers.MethodRunner.runInSequence(MethodRunner.java:50)
	at org.testng.internal.invokers.TestInvoker$MethodInvocationAgent.invoke(TestInvoker.java:957)
	at org.testng.internal.invokers.TestInvoker.invokeTestMethods(TestInvoker.java:200)
	at org.testng.internal.invokers.TestMethodWorker.invokeTestMethods(TestMethodWorker.java:148)
	at org.testng.internal.invokers.TestMethodWorker.run(TestMethodWorker.java:128)
	at java.base/java.util.ArrayList.forEach(ArrayList.java:1596)
	at org.testng.TestRunner.privateRun(TestRunner.java:848)
	at org.testng.TestRunner.run(TestRunner.java:621)
	at org.testng.SuiteRunner.runTest(SuiteRunner.java:443)
	at org.testng.SuiteRunner.runSequentially(SuiteRunner.java:437)
	at org.testng.SuiteRunner.privateRun(SuiteRunner.java:397)
	at org.testng.SuiteRunner.run(SuiteRunner.java:336)
	at org.testng.SuiteRunnerWorker.runSuite(SuiteRunnerWorker.java:52)
	at org.testng.SuiteRunnerWorker.run(SuiteRunnerWorker.java:95)
	at org.testng.TestNG.runSuitesSequentially(TestNG.java:1280)
	at org.testng.TestNG.runSuitesLocally(TestNG.java:1200)
	at org.testng.TestNG.runSuites(TestNG.java:1114)
	at org.testng.TestNG.run(TestNG.java:1082)
	at org.apache.maven.surefire.testng.TestNGExecutor.run(TestNGExecutor.java:155)
	at org.apache.maven.surefire.testng.TestNGDirectoryTestSuite.executeMulti(TestNGDirectoryTestSuite.java:169)
	at org.apache.maven.surefire.testng.TestNGDirectoryTestSuite.execute(TestNGDirectoryTestSuite.java:88)
	at org.apache.maven.surefire.testng.TestNGProvider.invoke(TestNGProvider.java:137)
	at org.apache.maven.surefire.booter.ForkedBooter.runSuitesInProcess(ForkedBooter.java:385)
	at org.apache.maven.surefire.booter.ForkedBooter.execute(ForkedBooter.java:162)
	at org.apache.maven.surefire.booter.ForkedBooter.run(ForkedBooter.java:507)
	at org.apache.maven.surefire.booter.ForkedBooter.main(ForkedBooter.java:495)
</pre></div></td>
<td>0</td>
<td>com.emmanuelarhu.tests.PostsTest@551de37d</td></tr>
<tr>
<td title='com.emmanuelarhu.tests.UsersTest.testCreateUserWithInvalidData()'><b>testCreateUserWithInvalidData</b><br>Test class: com.emmanuelarhu.tests.UsersTest<br>Parameters: null, testuser, test@example.com</td>
<td><div><pre>java.lang.AssertionError: Should receive a valid HTTP response code expected [true] but found [false]
	at com.emmanuelarhu.tests.UsersTest.testCreateUserWithInvalidData(UsersTest.java:193)
	at java.base/java.util.ArrayList.forEach(ArrayList.java:1596)
... Removed 33 stack frames</pre></div><a href='#' onClick='toggleBox("stack-trace2043025750", this, "Click to show all stack frames", "Click to hide stack frames")'>Click to show all stack frames</a>
<div class='stack-trace' id='stack-trace2043025750'><pre>java.lang.AssertionError: Should receive a valid HTTP response code expected [true] but found [false]
	at org.testng.Assert.fail(Assert.java:111)
	at org.testng.Assert.failNotEquals(Assert.java:1578)
	at org.testng.Assert.assertTrue(Assert.java:57)
	at com.emmanuelarhu.tests.UsersTest.testCreateUserWithInvalidData(UsersTest.java:193)
	at java.base/jdk.internal.reflect.DirectMethodHandleAccessor.invoke(DirectMethodHandleAccessor.java:103)
	at java.base/java.lang.reflect.Method.invoke(Method.java:580)
	at org.testng.internal.invokers.MethodInvocationHelper.invokeMethod(MethodInvocationHelper.java:139)
	at org.testng.internal.invokers.TestInvoker.invokeMethod(TestInvoker.java:664)
	at org.testng.internal.invokers.TestInvoker.invokeTestMethod(TestInvoker.java:227)
	at org.testng.internal.invokers.MethodRunner.runInSequence(MethodRunner.java:50)
	at org.testng.internal.invokers.TestInvoker$MethodInvocationAgent.invoke(TestInvoker.java:957)
	at org.testng.internal.invokers.TestInvoker.invokeTestMethods(TestInvoker.java:200)
	at org.testng.internal.invokers.TestMethodWorker.invokeTestMethods(TestMethodWorker.java:148)
	at org.testng.internal.invokers.TestMethodWorker.run(TestMethodWorker.java:128)
	at java.base/java.util.ArrayList.forEach(ArrayList.java:1596)
	at org.testng.TestRunner.privateRun(TestRunner.java:848)
	at org.testng.TestRunner.run(TestRunner.java:621)
	at org.testng.SuiteRunner.runTest(SuiteRunner.java:443)
	at org.testng.SuiteRunner.runSequentially(SuiteRunner.java:437)
	at org.testng.SuiteRunner.privateRun(SuiteRunner.java:397)
	at org.testng.SuiteRunner.run(SuiteRunner.java:336)
	at org.testng.SuiteRunnerWorker.runSuite(SuiteRunnerWorker.java:52)
	at org.testng.SuiteRunnerWorker.run(SuiteRunnerWorker.java:95)
	at org.testng.TestNG.runSuitesSequentially(TestNG.java:1280)
	at org.testng.TestNG.runSuitesLocally(TestNG.java:1200)
	at org.testng.TestNG.runSuites(TestNG.java:1114)
	at org.testng.TestNG.run(TestNG.java:1082)
	at org.apache.maven.surefire.testng.TestNGExecutor.run(TestNGExecutor.java:155)
	at org.apache.maven.surefire.testng.TestNGDirectoryTestSuite.executeMulti(TestNGDirectoryTestSuite.java:169)
	at org.apache.maven.surefire.testng.TestNGDirectoryTestSuite.execute(TestNGDirectoryTestSuite.java:88)
	at org.apache.maven.surefire.testng.TestNGProvider.invoke(TestNGProvider.java:137)
	at org.apache.maven.surefire.booter.ForkedBooter.runSuitesInProcess(ForkedBooter.java:385)
	at org.apache.maven.surefire.booter.ForkedBooter.execute(ForkedBooter.java:162)
	at org.apache.maven.surefire.booter.ForkedBooter.run(ForkedBooter.java:507)
	at org.apache.maven.surefire.booter.ForkedBooter.main(ForkedBooter.java:495)
</pre></div></td>
<td>0</td>
<td>com.emmanuelarhu.tests.UsersTest@273842a6</td></tr>
<tr>
<td title='com.emmanuelarhu.tests.PostsTest.testCreatePostWithInvalidData()'><b>testCreatePostWithInvalidData</b><br>Test class: com.emmanuelarhu.tests.PostsTest<br>Parameters: 1, null, Test content</td>
<td><div><pre>java.lang.AssertionError: Should receive a valid HTTP response code expected [true] but found [false]
	at com.emmanuelarhu.tests.PostsTest.testCreatePostWithInvalidData(PostsTest.java:285)
	at java.base/java.util.ArrayList.forEach(ArrayList.java:1596)
... Removed 33 stack frames</pre></div><a href='#' onClick='toggleBox("stack-trace929707259", this, "Click to show all stack frames", "Click to hide stack frames")'>Click to show all stack frames</a>
<div class='stack-trace' id='stack-trace929707259'><pre>java.lang.AssertionError: Should receive a valid HTTP response code expected [true] but found [false]
	at org.testng.Assert.fail(Assert.java:111)
	at org.testng.Assert.failNotEquals(Assert.java:1578)
	at org.testng.Assert.assertTrue(Assert.java:57)
	at com.emmanuelarhu.tests.PostsTest.testCreatePostWithInvalidData(PostsTest.java:285)
	at java.base/jdk.internal.reflect.DirectMethodHandleAccessor.invoke(DirectMethodHandleAccessor.java:103)
	at java.base/java.lang.reflect.Method.invoke(Method.java:580)
	at org.testng.internal.invokers.MethodInvocationHelper.invokeMethod(MethodInvocationHelper.java:139)
	at org.testng.internal.invokers.TestInvoker.invokeMethod(TestInvoker.java:664)
	at org.testng.internal.invokers.TestInvoker.invokeTestMethod(TestInvoker.java:227)
	at org.testng.internal.invokers.MethodRunner.runInSequence(MethodRunner.java:50)
	at org.testng.internal.invokers.TestInvoker$MethodInvocationAgent.invoke(TestInvoker.java:957)
	at org.testng.internal.invokers.TestInvoker.invokeTestMethods(TestInvoker.java:200)
	at org.testng.internal.invokers.TestMethodWorker.invokeTestMethods(TestMethodWorker.java:148)
	at org.testng.internal.invokers.TestMethodWorker.run(TestMethodWorker.java:128)
	at java.base/java.util.ArrayList.forEach(ArrayList.java:1596)
	at org.testng.TestRunner.privateRun(TestRunner.java:848)
	at org.testng.TestRunner.run(TestRunner.java:621)
	at org.testng.SuiteRunner.runTest(SuiteRunner.java:443)
	at org.testng.SuiteRunner.runSequentially(SuiteRunner.java:437)
	at org.testng.SuiteRunner.privateRun(SuiteRunner.java:397)
	at org.testng.SuiteRunner.run(SuiteRunner.java:336)
	at org.testng.SuiteRunnerWorker.runSuite(SuiteRunnerWorker.java:52)
	at org.testng.SuiteRunnerWorker.run(SuiteRunnerWorker.java:95)
	at org.testng.TestNG.runSuitesSequentially(TestNG.java:1280)
	at org.testng.TestNG.runSuitesLocally(TestNG.java:1200)
	at org.testng.TestNG.runSuites(TestNG.java:1114)
	at org.testng.TestNG.run(TestNG.java:1082)
	at org.apache.maven.surefire.testng.TestNGExecutor.run(TestNGExecutor.java:155)
	at org.apache.maven.surefire.testng.TestNGDirectoryTestSuite.executeMulti(TestNGDirectoryTestSuite.java:169)
	at org.apache.maven.surefire.testng.TestNGDirectoryTestSuite.execute(TestNGDirectoryTestSuite.java:88)
	at org.apache.maven.surefire.testng.TestNGProvider.invoke(TestNGProvider.java:137)
	at org.apache.maven.surefire.booter.ForkedBooter.runSuitesInProcess(ForkedBooter.java:385)
	at org.apache.maven.surefire.booter.ForkedBooter.execute(ForkedBooter.java:162)
	at org.apache.maven.surefire.booter.ForkedBooter.run(ForkedBooter.java:507)
	at org.apache.maven.surefire.booter.ForkedBooter.main(ForkedBooter.java:495)
</pre></div></td>
<td>0</td>
<td>com.emmanuelarhu.tests.PostsTest@551de37d</td></tr>
<tr>
<td title='com.emmanuelarhu.tests.UsersTest.testCreateUserWithInvalidData()'><b>testCreateUserWithInvalidData</b><br>Test class: com.emmanuelarhu.tests.UsersTest<br>Parameters: , testuser, test@example.com</td>
<td><div><pre>java.lang.AssertionError: Should receive a valid HTTP response code expected [true] but found [false]
	at com.emmanuelarhu.tests.UsersTest.testCreateUserWithInvalidData(UsersTest.java:193)
	at java.base/java.util.ArrayList.forEach(ArrayList.java:1596)
... Removed 33 stack frames</pre></div><a href='#' onClick='toggleBox("stack-trace550411548", this, "Click to show all stack frames", "Click to hide stack frames")'>Click to show all stack frames</a>
<div class='stack-trace' id='stack-trace550411548'><pre>java.lang.AssertionError: Should receive a valid HTTP response code expected [true] but found [false]
	at org.testng.Assert.fail(Assert.java:111)
	at org.testng.Assert.failNotEquals(Assert.java:1578)
	at org.testng.Assert.assertTrue(Assert.java:57)
	at com.emmanuelarhu.tests.UsersTest.testCreateUserWithInvalidData(UsersTest.java:193)
	at java.base/jdk.internal.reflect.DirectMethodHandleAccessor.invoke(DirectMethodHandleAccessor.java:103)
	at java.base/java.lang.reflect.Method.invoke(Method.java:580)
	at org.testng.internal.invokers.MethodInvocationHelper.invokeMethod(MethodInvocationHelper.java:139)
	at org.testng.internal.invokers.TestInvoker.invokeMethod(TestInvoker.java:664)
	at org.testng.internal.invokers.TestInvoker.invokeTestMethod(TestInvoker.java:227)
	at org.testng.internal.invokers.MethodRunner.runInSequence(MethodRunner.java:50)
	at org.testng.internal.invokers.TestInvoker$MethodInvocationAgent.invoke(TestInvoker.java:957)
	at org.testng.internal.invokers.TestInvoker.invokeTestMethods(TestInvoker.java:200)
	at org.testng.internal.invokers.TestMethodWorker.invokeTestMethods(TestMethodWorker.java:148)
	at org.testng.internal.invokers.TestMethodWorker.run(TestMethodWorker.java:128)
	at java.base/java.util.ArrayList.forEach(ArrayList.java:1596)
	at org.testng.TestRunner.privateRun(TestRunner.java:848)
	at org.testng.TestRunner.run(TestRunner.java:621)
	at org.testng.SuiteRunner.runTest(SuiteRunner.java:443)
	at org.testng.SuiteRunner.runSequentially(SuiteRunner.java:437)
	at org.testng.SuiteRunner.privateRun(SuiteRunner.java:397)
	at org.testng.SuiteRunner.run(SuiteRunner.java:336)
	at org.testng.SuiteRunnerWorker.runSuite(SuiteRunnerWorker.java:52)
	at org.testng.SuiteRunnerWorker.run(SuiteRunnerWorker.java:95)
	at org.testng.TestNG.runSuitesSequentially(TestNG.java:1280)
	at org.testng.TestNG.runSuitesLocally(TestNG.java:1200)
	at org.testng.TestNG.runSuites(TestNG.java:1114)
	at org.testng.TestNG.run(TestNG.java:1082)
	at org.apache.maven.surefire.testng.TestNGExecutor.run(TestNGExecutor.java:155)
	at org.apache.maven.surefire.testng.TestNGDirectoryTestSuite.executeMulti(TestNGDirectoryTestSuite.java:169)
	at org.apache.maven.surefire.testng.TestNGDirectoryTestSuite.execute(TestNGDirectoryTestSuite.java:88)
	at org.apache.maven.surefire.testng.TestNGProvider.invoke(TestNGProvider.java:137)
	at org.apache.maven.surefire.booter.ForkedBooter.runSuitesInProcess(ForkedBooter.java:385)
	at org.apache.maven.surefire.booter.ForkedBooter.execute(ForkedBooter.java:162)
	at org.apache.maven.surefire.booter.ForkedBooter.run(ForkedBooter.java:507)
	at org.apache.maven.surefire.booter.ForkedBooter.main(ForkedBooter.java:495)
</pre></div></td>
<td>0</td>
<td>com.emmanuelarhu.tests.UsersTest@273842a6</td></tr>
<tr>
<td title='com.emmanuelarhu.tests.CommentsTest.testCreateCommentWithInvalidData()'><b>testCreateCommentWithInvalidData</b><br>Test class: com.emmanuelarhu.tests.CommentsTest<br>Parameters: 1, null, test@example.com, Test body</td>
<td><div><pre>java.lang.AssertionError: Expected 404 Not Found for invalid comment creation expected [true] but found [false]
	at com.emmanuelarhu.tests.CommentsTest.testCreateCommentWithInvalidData(CommentsTest.java:215)
	at java.base/java.util.ArrayList.forEach(ArrayList.java:1596)
... Removed 33 stack frames</pre></div><a href='#' onClick='toggleBox("stack-trace437826444", this, "Click to show all stack frames", "Click to hide stack frames")'>Click to show all stack frames</a>
<div class='stack-trace' id='stack-trace437826444'><pre>java.lang.AssertionError: Expected 404 Not Found for invalid comment creation expected [true] but found [false]
	at org.testng.Assert.fail(Assert.java:111)
	at org.testng.Assert.failNotEquals(Assert.java:1578)
	at org.testng.Assert.assertTrue(Assert.java:57)
	at com.emmanuelarhu.tests.CommentsTest.testCreateCommentWithInvalidData(CommentsTest.java:215)
	at java.base/jdk.internal.reflect.DirectMethodHandleAccessor.invoke(DirectMethodHandleAccessor.java:103)
	at java.base/java.lang.reflect.Method.invoke(Method.java:580)
	at org.testng.internal.invokers.MethodInvocationHelper.invokeMethod(MethodInvocationHelper.java:139)
	at org.testng.internal.invokers.TestInvoker.invokeMethod(TestInvoker.java:664)
	at org.testng.internal.invokers.TestInvoker.invokeTestMethod(TestInvoker.java:227)
	at org.testng.internal.invokers.MethodRunner.runInSequence(MethodRunner.java:50)
	at org.testng.internal.invokers.TestInvoker$MethodInvocationAgent.invoke(TestInvoker.java:957)
	at org.testng.internal.invokers.TestInvoker.invokeTestMethods(TestInvoker.java:200)
	at org.testng.internal.invokers.TestMethodWorker.invokeTestMethods(TestMethodWorker.java:148)
	at org.testng.internal.invokers.TestMethodWorker.run(TestMethodWorker.java:128)
	at java.base/java.util.ArrayList.forEach(ArrayList.java:1596)
	at org.testng.TestRunner.privateRun(TestRunner.java:848)
	at org.testng.TestRunner.run(TestRunner.java:621)
	at org.testng.SuiteRunner.runTest(SuiteRunner.java:443)
	at org.testng.SuiteRunner.runSequentially(SuiteRunner.java:437)
	at org.testng.SuiteRunner.privateRun(SuiteRunner.java:397)
	at org.testng.SuiteRunner.run(SuiteRunner.java:336)
	at org.testng.SuiteRunnerWorker.runSuite(SuiteRunnerWorker.java:52)
	at org.testng.SuiteRunnerWorker.run(SuiteRunnerWorker.java:95)
	at org.testng.TestNG.runSuitesSequentially(TestNG.java:1280)
	at org.testng.TestNG.runSuitesLocally(TestNG.java:1200)
	at org.testng.TestNG.runSuites(TestNG.java:1114)
	at org.testng.TestNG.run(TestNG.java:1082)
	at org.apache.maven.surefire.testng.TestNGExecutor.run(TestNGExecutor.java:155)
	at org.apache.maven.surefire.testng.TestNGDirectoryTestSuite.executeMulti(TestNGDirectoryTestSuite.java:169)
	at org.apache.maven.surefire.testng.TestNGDirectoryTestSuite.execute(TestNGDirectoryTestSuite.java:88)
	at org.apache.maven.surefire.testng.TestNGProvider.invoke(TestNGProvider.java:137)
	at org.apache.maven.surefire.booter.ForkedBooter.runSuitesInProcess(ForkedBooter.java:385)
	at org.apache.maven.surefire.booter.ForkedBooter.execute(ForkedBooter.java:162)
	at org.apache.maven.surefire.booter.ForkedBooter.run(ForkedBooter.java:507)
	at org.apache.maven.surefire.booter.ForkedBooter.main(ForkedBooter.java:495)
</pre></div></td>
<td>0</td>
<td>com.emmanuelarhu.tests.CommentsTest@6075b2d3</td></tr>
<tr>
<td title='com.emmanuelarhu.tests.CommentsTest.testCreateCommentWithInvalidData()'><b>testCreateCommentWithInvalidData</b><br>Test class: com.emmanuelarhu.tests.CommentsTest<br>Parameters: 1, Test Comment, test@example.com, null</td>
<td><div><pre>java.lang.AssertionError: Expected 404 Not Found for invalid comment creation expected [true] but found [false]
	at com.emmanuelarhu.tests.CommentsTest.testCreateCommentWithInvalidData(CommentsTest.java:215)
	at java.base/java.util.ArrayList.forEach(ArrayList.java:1596)
... Removed 33 stack frames</pre></div><a href='#' onClick='toggleBox("stack-trace1144450595", this, "Click to show all stack frames", "Click to hide stack frames")'>Click to show all stack frames</a>
<div class='stack-trace' id='stack-trace1144450595'><pre>java.lang.AssertionError: Expected 404 Not Found for invalid comment creation expected [true] but found [false]
	at org.testng.Assert.fail(Assert.java:111)
	at org.testng.Assert.failNotEquals(Assert.java:1578)
	at org.testng.Assert.assertTrue(Assert.java:57)
	at com.emmanuelarhu.tests.CommentsTest.testCreateCommentWithInvalidData(CommentsTest.java:215)
	at java.base/jdk.internal.reflect.DirectMethodHandleAccessor.invoke(DirectMethodHandleAccessor.java:103)
	at java.base/java.lang.reflect.Method.invoke(Method.java:580)
	at org.testng.internal.invokers.MethodInvocationHelper.invokeMethod(MethodInvocationHelper.java:139)
	at org.testng.internal.invokers.TestInvoker.invokeMethod(TestInvoker.java:664)
	at org.testng.internal.invokers.TestInvoker.invokeTestMethod(TestInvoker.java:227)
	at org.testng.internal.invokers.MethodRunner.runInSequence(MethodRunner.java:50)
	at org.testng.internal.invokers.TestInvoker$MethodInvocationAgent.invoke(TestInvoker.java:957)
	at org.testng.internal.invokers.TestInvoker.invokeTestMethods(TestInvoker.java:200)
	at org.testng.internal.invokers.TestMethodWorker.invokeTestMethods(TestMethodWorker.java:148)
	at org.testng.internal.invokers.TestMethodWorker.run(TestMethodWorker.java:128)
	at java.base/java.util.ArrayList.forEach(ArrayList.java:1596)
	at org.testng.TestRunner.privateRun(TestRunner.java:848)
	at org.testng.TestRunner.run(TestRunner.java:621)
	at org.testng.SuiteRunner.runTest(SuiteRunner.java:443)
	at org.testng.SuiteRunner.runSequentially(SuiteRunner.java:437)
	at org.testng.SuiteRunner.privateRun(SuiteRunner.java:397)
	at org.testng.SuiteRunner.run(SuiteRunner.java:336)
	at org.testng.SuiteRunnerWorker.runSuite(SuiteRunnerWorker.java:52)
	at org.testng.SuiteRunnerWorker.run(SuiteRunnerWorker.java:95)
	at org.testng.TestNG.runSuitesSequentially(TestNG.java:1280)
	at org.testng.TestNG.runSuitesLocally(TestNG.java:1200)
	at org.testng.TestNG.runSuites(TestNG.java:1114)
	at org.testng.TestNG.run(TestNG.java:1082)
	at org.apache.maven.surefire.testng.TestNGExecutor.run(TestNGExecutor.java:155)
	at org.apache.maven.surefire.testng.TestNGDirectoryTestSuite.executeMulti(TestNGDirectoryTestSuite.java:169)
	at org.apache.maven.surefire.testng.TestNGDirectoryTestSuite.execute(TestNGDirectoryTestSuite.java:88)
	at org.apache.maven.surefire.testng.TestNGProvider.invoke(TestNGProvider.java:137)
	at org.apache.maven.surefire.booter.ForkedBooter.runSuitesInProcess(ForkedBooter.java:385)
	at org.apache.maven.surefire.booter.ForkedBooter.execute(ForkedBooter.java:162)
	at org.apache.maven.surefire.booter.ForkedBooter.run(ForkedBooter.java:507)
	at org.apache.maven.surefire.booter.ForkedBooter.main(ForkedBooter.java:495)
</pre></div></td>
<td>0</td>
<td>com.emmanuelarhu.tests.CommentsTest@6075b2d3</td></tr>
<tr>
<td title='com.emmanuelarhu.tests.PostsTest.testDeleteNonExistentPost()'><b>testDeleteNonExistentPost</b><br>Test class: com.emmanuelarhu.tests.PostsTest</td>
<td><div><pre>java.lang.AssertionError: 1 expectation failed.
Expected status code &lt;404&gt; but was &lt;200&gt;.

	at org.codehaus.groovy.runtime.callsite.ConstructorSite$ConstructorSiteNoUnwrapNoCoerce.callConstructor(ConstructorSite.java:108)
	at org.codehaus.groovy.runtime.callsite.CallSiteArray.defaultCallConstructor(CallSiteArray.java:57)
	at org.codehaus.groovy.runtime.callsite.AbstractCallSite.callConstructor(AbstractCallSite.java:263)
	at org.codehaus.groovy.runtime.callsite.AbstractCallSite.callConstructor(AbstractCallSite.java:277)
	at io.restassured.internal.ResponseSpecificationImpl$HamcrestAssertionClosure.validate(ResponseSpecificationImpl.groovy:512)
	at io.restassured.internal.ResponseSpecificationImpl$HamcrestAssertionClosure$validate$1.call(Unknown Source)
	at io.restassured.internal.ResponseSpecificationImpl.validateResponseIfRequired(ResponseSpecificationImpl.groovy:696)
	at io.restassured.internal.ResponseSpecificationImpl.this$2$validateResponseIfRequired(ResponseSpecificationImpl.groovy)
	at org.codehaus.groovy.runtime.callsite.PlainObjectMetaMethodSite.doInvoke(PlainObjectMetaMethodSite.java:43)
	at org.codehaus.groovy.runtime.callsite.PogoMetaMethodSite$PogoCachedMethodSiteNoUnwrapNoCoerce.invoke(PogoMetaMethodSite.java:198)
	at org.codehaus.groovy.runtime.callsite.PogoMetaMethodSite.callCurrent(PogoMetaMethodSite.java:62)
	at org.codehaus.groovy.runtime.callsite.AbstractCallSite.callCurrent(AbstractCallSite.java:185)
	at io.restassured.internal.ResponseSpecificationImpl.statusCode(ResponseSpecificationImpl.groovy:135)
	at io.restassured.specification.ResponseSpecification$statusCode$0.callCurrent(Unknown Source)
	at io.restassured.internal.ResponseSpecificationImpl.statusCode(ResponseSpecificationImpl.groovy:143)
	at io.restassured.internal.ValidatableResponseOptionsImpl.statusCode(ValidatableResponseOptionsImpl.java:89)
	at com.emmanuelarhu.tests.PostsTest.testDeleteNonExistentPost(PostsTest.java:304)
	at java.base/java.util.ArrayList.forEach(ArrayList.java:1596)
... Removed 36 stack frames</pre></div><a href='#' onClick='toggleBox("stack-trace2053387251", this, "Click to show all stack frames", "Click to hide stack frames")'>Click to show all stack frames</a>
<div class='stack-trace' id='stack-trace2053387251'><pre>java.lang.AssertionError: 1 expectation failed.
Expected status code &lt;404&gt; but was &lt;200&gt;.

	at java.base/jdk.internal.reflect.DirectConstructorHandleAccessor.newInstance(DirectConstructorHandleAccessor.java:62)
	at java.base/java.lang.reflect.Constructor.newInstanceWithCaller(Constructor.java:502)
	at java.base/java.lang.reflect.Constructor.newInstance(Constructor.java:486)
	at org.codehaus.groovy.reflection.CachedConstructor.invoke(CachedConstructor.java:73)
	at org.codehaus.groovy.runtime.callsite.ConstructorSite$ConstructorSiteNoUnwrapNoCoerce.callConstructor(ConstructorSite.java:108)
	at org.codehaus.groovy.runtime.callsite.CallSiteArray.defaultCallConstructor(CallSiteArray.java:57)
	at org.codehaus.groovy.runtime.callsite.AbstractCallSite.callConstructor(AbstractCallSite.java:263)
	at org.codehaus.groovy.runtime.callsite.AbstractCallSite.callConstructor(AbstractCallSite.java:277)
	at io.restassured.internal.ResponseSpecificationImpl$HamcrestAssertionClosure.validate(ResponseSpecificationImpl.groovy:512)
	at io.restassured.internal.ResponseSpecificationImpl$HamcrestAssertionClosure$validate$1.call(Unknown Source)
	at io.restassured.internal.ResponseSpecificationImpl.validateResponseIfRequired(ResponseSpecificationImpl.groovy:696)
	at io.restassured.internal.ResponseSpecificationImpl.this$2$validateResponseIfRequired(ResponseSpecificationImpl.groovy)
	at java.base/jdk.internal.reflect.DirectMethodHandleAccessor.invoke(DirectMethodHandleAccessor.java:103)
	at java.base/java.lang.reflect.Method.invoke(Method.java:580)
	at org.codehaus.groovy.runtime.callsite.PlainObjectMetaMethodSite.doInvoke(PlainObjectMetaMethodSite.java:43)
	at org.codehaus.groovy.runtime.callsite.PogoMetaMethodSite$PogoCachedMethodSiteNoUnwrapNoCoerce.invoke(PogoMetaMethodSite.java:198)
	at org.codehaus.groovy.runtime.callsite.PogoMetaMethodSite.callCurrent(PogoMetaMethodSite.java:62)
	at org.codehaus.groovy.runtime.callsite.AbstractCallSite.callCurrent(AbstractCallSite.java:185)
	at io.restassured.internal.ResponseSpecificationImpl.statusCode(ResponseSpecificationImpl.groovy:135)
	at io.restassured.specification.ResponseSpecification$statusCode$0.callCurrent(Unknown Source)
	at io.restassured.internal.ResponseSpecificationImpl.statusCode(ResponseSpecificationImpl.groovy:143)
	at io.restassured.internal.ValidatableResponseOptionsImpl.statusCode(ValidatableResponseOptionsImpl.java:89)
	at com.emmanuelarhu.tests.PostsTest.testDeleteNonExistentPost(PostsTest.java:304)
	at java.base/jdk.internal.reflect.DirectMethodHandleAccessor.invoke(DirectMethodHandleAccessor.java:103)
	at java.base/java.lang.reflect.Method.invoke(Method.java:580)
	at org.testng.internal.invokers.MethodInvocationHelper.invokeMethod(MethodInvocationHelper.java:139)
	at org.testng.internal.invokers.TestInvoker.invokeMethod(TestInvoker.java:664)
	at org.testng.internal.invokers.TestInvoker.invokeTestMethod(TestInvoker.java:227)
	at org.testng.internal.invokers.MethodRunner.runInSequence(MethodRunner.java:50)
	at org.testng.internal.invokers.TestInvoker$MethodInvocationAgent.invoke(TestInvoker.java:957)
	at org.testng.internal.invokers.TestInvoker.invokeTestMethods(TestInvoker.java:200)
	at org.testng.internal.invokers.TestMethodWorker.invokeTestMethods(TestMethodWorker.java:148)
	at org.testng.internal.invokers.TestMethodWorker.run(TestMethodWorker.java:128)
	at java.base/java.util.ArrayList.forEach(ArrayList.java:1596)
	at org.testng.TestRunner.privateRun(TestRunner.java:848)
	at org.testng.TestRunner.run(TestRunner.java:621)
	at org.testng.SuiteRunner.runTest(SuiteRunner.java:443)
	at org.testng.SuiteRunner.runSequentially(SuiteRunner.java:437)
	at org.testng.SuiteRunner.privateRun(SuiteRunner.java:397)
	at org.testng.SuiteRunner.run(SuiteRunner.java:336)
	at org.testng.SuiteRunnerWorker.runSuite(SuiteRunnerWorker.java:52)
	at org.testng.SuiteRunnerWorker.run(SuiteRunnerWorker.java:95)
	at org.testng.TestNG.runSuitesSequentially(TestNG.java:1280)
	at org.testng.TestNG.runSuitesLocally(TestNG.java:1200)
	at org.testng.TestNG.runSuites(TestNG.java:1114)
	at org.testng.TestNG.run(TestNG.java:1082)
	at org.apache.maven.surefire.testng.TestNGExecutor.run(TestNGExecutor.java:155)
	at org.apache.maven.surefire.testng.TestNGDirectoryTestSuite.executeMulti(TestNGDirectoryTestSuite.java:169)
	at org.apache.maven.surefire.testng.TestNGDirectoryTestSuite.execute(TestNGDirectoryTestSuite.java:88)
	at org.apache.maven.surefire.testng.TestNGProvider.invoke(TestNGProvider.java:137)
	at org.apache.maven.surefire.booter.ForkedBooter.runSuitesInProcess(ForkedBooter.java:385)
	at org.apache.maven.surefire.booter.ForkedBooter.execute(ForkedBooter.java:162)
	at org.apache.maven.surefire.booter.ForkedBooter.run(ForkedBooter.java:507)
	at org.apache.maven.surefire.booter.ForkedBooter.main(ForkedBooter.java:495)
</pre></div></td>
<td>0</td>
<td>com.emmanuelarhu.tests.PostsTest@551de37d</td></tr>
<tr>
<td title='com.emmanuelarhu.tests.AlbumsTest.testDeleteNonExistentAlbum()'><b>testDeleteNonExistentAlbum</b><br>Test class: com.emmanuelarhu.tests.AlbumsTest</td>
<td><div><pre>java.lang.AssertionError: 1 expectation failed.
Expected status code &lt;404&gt; but was &lt;200&gt;.

	at org.codehaus.groovy.runtime.callsite.ConstructorSite$ConstructorSiteNoUnwrapNoCoerce.callConstructor(ConstructorSite.java:108)
	at org.codehaus.groovy.runtime.callsite.AbstractCallSite.callConstructor(AbstractCallSite.java:277)
	at io.restassured.internal.ResponseSpecificationImpl$HamcrestAssertionClosure.validate(ResponseSpecificationImpl.groovy:512)
	at io.restassured.internal.ResponseSpecificationImpl$HamcrestAssertionClosure$validate$1.call(Unknown Source)
	at io.restassured.internal.ResponseSpecificationImpl.validateResponseIfRequired(ResponseSpecificationImpl.groovy:696)
	at io.restassured.internal.ResponseSpecificationImpl.this$2$validateResponseIfRequired(ResponseSpecificationImpl.groovy)
	at org.codehaus.groovy.runtime.callsite.PlainObjectMetaMethodSite.doInvoke(PlainObjectMetaMethodSite.java:43)
	at org.codehaus.groovy.runtime.callsite.PogoMetaMethodSite$PogoCachedMethodSiteNoUnwrapNoCoerce.invoke(PogoMetaMethodSite.java:198)
	at org.codehaus.groovy.runtime.callsite.PogoMetaMethodSite.callCurrent(PogoMetaMethodSite.java:62)
	at org.codehaus.groovy.runtime.callsite.AbstractCallSite.callCurrent(AbstractCallSite.java:185)
	at io.restassured.internal.ResponseSpecificationImpl.statusCode(ResponseSpecificationImpl.groovy:135)
	at io.restassured.specification.ResponseSpecification$statusCode$0.callCurrent(Unknown Source)
	at io.restassured.internal.ResponseSpecificationImpl.statusCode(ResponseSpecificationImpl.groovy:143)
	at io.restassured.internal.ValidatableResponseOptionsImpl.statusCode(ValidatableResponseOptionsImpl.java:89)
	at com.emmanuelarhu.tests.AlbumsTest.testDeleteNonExistentAlbum(AlbumsTest.java:277)
	at java.base/java.util.ArrayList.forEach(ArrayList.java:1596)
... Removed 36 stack frames</pre></div><a href='#' onClick='toggleBox("stack-trace907681475", this, "Click to show all stack frames", "Click to hide stack frames")'>Click to show all stack frames</a>
<div class='stack-trace' id='stack-trace907681475'><pre>java.lang.AssertionError: 1 expectation failed.
Expected status code &lt;404&gt; but was &lt;200&gt;.

	at java.base/jdk.internal.reflect.DirectConstructorHandleAccessor.newInstance(DirectConstructorHandleAccessor.java:62)
	at java.base/java.lang.reflect.Constructor.newInstanceWithCaller(Constructor.java:502)
	at java.base/java.lang.reflect.Constructor.newInstance(Constructor.java:486)
	at org.codehaus.groovy.reflection.CachedConstructor.invoke(CachedConstructor.java:73)
	at org.codehaus.groovy.runtime.callsite.ConstructorSite$ConstructorSiteNoUnwrapNoCoerce.callConstructor(ConstructorSite.java:108)
	at org.codehaus.groovy.runtime.callsite.AbstractCallSite.callConstructor(AbstractCallSite.java:277)
	at io.restassured.internal.ResponseSpecificationImpl$HamcrestAssertionClosure.validate(ResponseSpecificationImpl.groovy:512)
	at io.restassured.internal.ResponseSpecificationImpl$HamcrestAssertionClosure$validate$1.call(Unknown Source)
	at io.restassured.internal.ResponseSpecificationImpl.validateResponseIfRequired(ResponseSpecificationImpl.groovy:696)
	at io.restassured.internal.ResponseSpecificationImpl.this$2$validateResponseIfRequired(ResponseSpecificationImpl.groovy)
	at java.base/jdk.internal.reflect.DirectMethodHandleAccessor.invoke(DirectMethodHandleAccessor.java:103)
	at java.base/java.lang.reflect.Method.invoke(Method.java:580)
	at org.codehaus.groovy.runtime.callsite.PlainObjectMetaMethodSite.doInvoke(PlainObjectMetaMethodSite.java:43)
	at org.codehaus.groovy.runtime.callsite.PogoMetaMethodSite$PogoCachedMethodSiteNoUnwrapNoCoerce.invoke(PogoMetaMethodSite.java:198)
	at org.codehaus.groovy.runtime.callsite.PogoMetaMethodSite.callCurrent(PogoMetaMethodSite.java:62)
	at org.codehaus.groovy.runtime.callsite.AbstractCallSite.callCurrent(AbstractCallSite.java:185)
	at io.restassured.internal.ResponseSpecificationImpl.statusCode(ResponseSpecificationImpl.groovy:135)
	at io.restassured.specification.ResponseSpecification$statusCode$0.callCurrent(Unknown Source)
	at io.restassured.internal.ResponseSpecificationImpl.statusCode(ResponseSpecificationImpl.groovy:143)
	at io.restassured.internal.ValidatableResponseOptionsImpl.statusCode(ValidatableResponseOptionsImpl.java:89)
	at com.emmanuelarhu.tests.AlbumsTest.testDeleteNonExistentAlbum(AlbumsTest.java:277)
	at java.base/jdk.internal.reflect.DirectMethodHandleAccessor.invoke(DirectMethodHandleAccessor.java:103)
	at java.base/java.lang.reflect.Method.invoke(Method.java:580)
	at org.testng.internal.invokers.MethodInvocationHelper.invokeMethod(MethodInvocationHelper.java:139)
	at org.testng.internal.invokers.TestInvoker.invokeMethod(TestInvoker.java:664)
	at org.testng.internal.invokers.TestInvoker.invokeTestMethod(TestInvoker.java:227)
	at org.testng.internal.invokers.MethodRunner.runInSequence(MethodRunner.java:50)
	at org.testng.internal.invokers.TestInvoker$MethodInvocationAgent.invoke(TestInvoker.java:957)
	at org.testng.internal.invokers.TestInvoker.invokeTestMethods(TestInvoker.java:200)
	at org.testng.internal.invokers.TestMethodWorker.invokeTestMethods(TestMethodWorker.java:148)
	at org.testng.internal.invokers.TestMethodWorker.run(TestMethodWorker.java:128)
	at java.base/java.util.ArrayList.forEach(ArrayList.java:1596)
	at org.testng.TestRunner.privateRun(TestRunner.java:848)
	at org.testng.TestRunner.run(TestRunner.java:621)
	at org.testng.SuiteRunner.runTest(SuiteRunner.java:443)
	at org.testng.SuiteRunner.runSequentially(SuiteRunner.java:437)
	at org.testng.SuiteRunner.privateRun(SuiteRunner.java:397)
	at org.testng.SuiteRunner.run(SuiteRunner.java:336)
	at org.testng.SuiteRunnerWorker.runSuite(SuiteRunnerWorker.java:52)
	at org.testng.SuiteRunnerWorker.run(SuiteRunnerWorker.java:95)
	at org.testng.TestNG.runSuitesSequentially(TestNG.java:1280)
	at org.testng.TestNG.runSuitesLocally(TestNG.java:1200)
	at org.testng.TestNG.runSuites(TestNG.java:1114)
	at org.testng.TestNG.run(TestNG.java:1082)
	at org.apache.maven.surefire.testng.TestNGExecutor.run(TestNGExecutor.java:155)
	at org.apache.maven.surefire.testng.TestNGDirectoryTestSuite.executeMulti(TestNGDirectoryTestSuite.java:169)
	at org.apache.maven.surefire.testng.TestNGDirectoryTestSuite.execute(TestNGDirectoryTestSuite.java:88)
	at org.apache.maven.surefire.testng.TestNGProvider.invoke(TestNGProvider.java:137)
	at org.apache.maven.surefire.booter.ForkedBooter.runSuitesInProcess(ForkedBooter.java:385)
	at org.apache.maven.surefire.booter.ForkedBooter.execute(ForkedBooter.java:162)
	at org.apache.maven.surefire.booter.ForkedBooter.run(ForkedBooter.java:507)
	at org.apache.maven.surefire.booter.ForkedBooter.main(ForkedBooter.java:495)
</pre></div></td>
<td>0</td>
<td>com.emmanuelarhu.tests.AlbumsTest@6ef81f31</td></tr>
<tr>
<td title='com.emmanuelarhu.tests.TodosTest.testCreateTodoWithInvalidData()'><b>testCreateTodoWithInvalidData</b><br>Test class: com.emmanuelarhu.tests.TodosTest</td>
<td><div><pre>java.lang.NullPointerException: Cannot invoke &quot;java.util.List.contains(Object)&quot; because the return value of &quot;java.util.Map.get(Object)&quot; is null
	at java.base/java.util.ArrayList.forEach(ArrayList.java:1596)
... Removed 35 stack frames</pre></div><a href='#' onClick='toggleBox("stack-trace1351996428", this, "Click to show all stack frames", "Click to hide stack frames")'>Click to show all stack frames</a>
<div class='stack-trace' id='stack-trace1351996428'><pre>java.lang.NullPointerException: Cannot invoke &quot;java.util.List.contains(Object)&quot; because the return value of &quot;java.util.Map.get(Object)&quot; is null
	at org.testng.internal.reflect.ReflectionRecipes.isInstanceOf(ReflectionRecipes.java:75)
	at org.testng.internal.reflect.ReflectionRecipes.exactMatch(ReflectionRecipes.java:246)
	at org.testng.internal.reflect.ReflectionRecipes.exactMatch(ReflectionRecipes.java:231)
	at org.testng.internal.reflect.DirectMethodMatcher.match(DirectMethodMatcher.java:34)
	at org.testng.internal.reflect.AbstractNodeMethodMatcher.hasConformance(AbstractNodeMethodMatcher.java:26)
	at org.testng.internal.reflect.AbstractMethodMatcher.conforms(AbstractMethodMatcher.java:25)
	at org.testng.internal.reflect.DataProviderMethodMatcher.hasConformance(DataProviderMethodMatcher.java:20)
	at org.testng.internal.reflect.AbstractMethodMatcher.conforms(AbstractMethodMatcher.java:25)
	at org.testng.internal.reflect.DataProviderMethodMatcher.getConformingArguments(DataProviderMethodMatcher.java:34)
	at org.testng.internal.Parameters.injectParameters(Parameters.java:909)
	at org.testng.internal.invokers.MethodRunner.runInSequence(MethodRunner.java:37)
	at org.testng.internal.invokers.TestInvoker$MethodInvocationAgent.invoke(TestInvoker.java:957)
	at org.testng.internal.invokers.TestInvoker.invokeTestMethods(TestInvoker.java:200)
	at org.testng.internal.invokers.TestMethodWorker.invokeTestMethods(TestMethodWorker.java:148)
	at org.testng.internal.invokers.TestMethodWorker.run(TestMethodWorker.java:128)
	at java.base/java.util.ArrayList.forEach(ArrayList.java:1596)
	at org.testng.TestRunner.privateRun(TestRunner.java:848)
	at org.testng.TestRunner.run(TestRunner.java:621)
	at org.testng.SuiteRunner.runTest(SuiteRunner.java:443)
	at org.testng.SuiteRunner.runSequentially(SuiteRunner.java:437)
	at org.testng.SuiteRunner.privateRun(SuiteRunner.java:397)
	at org.testng.SuiteRunner.run(SuiteRunner.java:336)
	at org.testng.SuiteRunnerWorker.runSuite(SuiteRunnerWorker.java:52)
	at org.testng.SuiteRunnerWorker.run(SuiteRunnerWorker.java:95)
	at org.testng.TestNG.runSuitesSequentially(TestNG.java:1280)
	at org.testng.TestNG.runSuitesLocally(TestNG.java:1200)
	at org.testng.TestNG.runSuites(TestNG.java:1114)
	at org.testng.TestNG.run(TestNG.java:1082)
	at org.apache.maven.surefire.testng.TestNGExecutor.run(TestNGExecutor.java:155)
	at org.apache.maven.surefire.testng.TestNGDirectoryTestSuite.executeMulti(TestNGDirectoryTestSuite.java:169)
	at org.apache.maven.surefire.testng.TestNGDirectoryTestSuite.execute(TestNGDirectoryTestSuite.java:88)
	at org.apache.maven.surefire.testng.TestNGProvider.invoke(TestNGProvider.java:137)
	at org.apache.maven.surefire.booter.ForkedBooter.runSuitesInProcess(ForkedBooter.java:385)
	at org.apache.maven.surefire.booter.ForkedBooter.execute(ForkedBooter.java:162)
	at org.apache.maven.surefire.booter.ForkedBooter.run(ForkedBooter.java:507)
	at org.apache.maven.surefire.booter.ForkedBooter.main(ForkedBooter.java:495)
</pre></div></td>
<td>0</td>
<td>com.emmanuelarhu.tests.TodosTest@997d532</td></tr>
<tr>
<td title='com.emmanuelarhu.tests.AlbumsTest.testCreateAlbumWithInvalidData()'><b>testCreateAlbumWithInvalidData</b><br>Test class: com.emmanuelarhu.tests.AlbumsTest<br>Parameters: 0, Test Album</td>
<td><div><pre>java.lang.AssertionError: Should receive a valid HTTP response code expected [true] but found [false]
	at com.emmanuelarhu.tests.AlbumsTest.testCreateAlbumWithInvalidData(AlbumsTest.java:237)
	at java.base/java.util.ArrayList.forEach(ArrayList.java:1596)
... Removed 33 stack frames</pre></div><a href='#' onClick='toggleBox("stack-trace1501155493", this, "Click to show all stack frames", "Click to hide stack frames")'>Click to show all stack frames</a>
<div class='stack-trace' id='stack-trace1501155493'><pre>java.lang.AssertionError: Should receive a valid HTTP response code expected [true] but found [false]
	at org.testng.Assert.fail(Assert.java:111)
	at org.testng.Assert.failNotEquals(Assert.java:1578)
	at org.testng.Assert.assertTrue(Assert.java:57)
	at com.emmanuelarhu.tests.AlbumsTest.testCreateAlbumWithInvalidData(AlbumsTest.java:237)
	at java.base/jdk.internal.reflect.DirectMethodHandleAccessor.invoke(DirectMethodHandleAccessor.java:103)
	at java.base/java.lang.reflect.Method.invoke(Method.java:580)
	at org.testng.internal.invokers.MethodInvocationHelper.invokeMethod(MethodInvocationHelper.java:139)
	at org.testng.internal.invokers.TestInvoker.invokeMethod(TestInvoker.java:664)
	at org.testng.internal.invokers.TestInvoker.invokeTestMethod(TestInvoker.java:227)
	at org.testng.internal.invokers.MethodRunner.runInSequence(MethodRunner.java:50)
	at org.testng.internal.invokers.TestInvoker$MethodInvocationAgent.invoke(TestInvoker.java:957)
	at org.testng.internal.invokers.TestInvoker.invokeTestMethods(TestInvoker.java:200)
	at org.testng.internal.invokers.TestMethodWorker.invokeTestMethods(TestMethodWorker.java:148)
	at org.testng.internal.invokers.TestMethodWorker.run(TestMethodWorker.java:128)
	at java.base/java.util.ArrayList.forEach(ArrayList.java:1596)
	at org.testng.TestRunner.privateRun(TestRunner.java:848)
	at org.testng.TestRunner.run(TestRunner.java:621)
	at org.testng.SuiteRunner.runTest(SuiteRunner.java:443)
	at org.testng.SuiteRunner.runSequentially(SuiteRunner.java:437)
	at org.testng.SuiteRunner.privateRun(SuiteRunner.java:397)
	at org.testng.SuiteRunner.run(SuiteRunner.java:336)
	at org.testng.SuiteRunnerWorker.runSuite(SuiteRunnerWorker.java:52)
	at org.testng.SuiteRunnerWorker.run(SuiteRunnerWorker.java:95)
	at org.testng.TestNG.runSuitesSequentially(TestNG.java:1280)
	at org.testng.TestNG.runSuitesLocally(TestNG.java:1200)
	at org.testng.TestNG.runSuites(TestNG.java:1114)
	at org.testng.TestNG.run(TestNG.java:1082)
	at org.apache.maven.surefire.testng.TestNGExecutor.run(TestNGExecutor.java:155)
	at org.apache.maven.surefire.testng.TestNGDirectoryTestSuite.executeMulti(TestNGDirectoryTestSuite.java:169)
	at org.apache.maven.surefire.testng.TestNGDirectoryTestSuite.execute(TestNGDirectoryTestSuite.java:88)
	at org.apache.maven.surefire.testng.TestNGProvider.invoke(TestNGProvider.java:137)
	at org.apache.maven.surefire.booter.ForkedBooter.runSuitesInProcess(ForkedBooter.java:385)
	at org.apache.maven.surefire.booter.ForkedBooter.execute(ForkedBooter.java:162)
	at org.apache.maven.surefire.booter.ForkedBooter.run(ForkedBooter.java:507)
	at org.apache.maven.surefire.booter.ForkedBooter.main(ForkedBooter.java:495)
</pre></div></td>
<td>0</td>
<td>com.emmanuelarhu.tests.AlbumsTest@6ef81f31</td></tr>
<tr>
<td title='com.emmanuelarhu.tests.TodosTest.testFilterTodosWithInvalidUserId()'><b>testFilterTodosWithInvalidUserId</b><br>Test class: com.emmanuelarhu.tests.TodosTest</td>
<td><div><pre>java.lang.AssertionError: 1 expectation failed.
Expected status code &lt;404&gt; but was &lt;200&gt;.

	at org.codehaus.groovy.runtime.callsite.ConstructorSite$ConstructorSiteNoUnwrapNoCoerce.callConstructor(ConstructorSite.java:108)
	at org.codehaus.groovy.runtime.callsite.AbstractCallSite.callConstructor(AbstractCallSite.java:277)
	at io.restassured.internal.ResponseSpecificationImpl$HamcrestAssertionClosure.validate(ResponseSpecificationImpl.groovy:512)
	at io.restassured.internal.ResponseSpecificationImpl$HamcrestAssertionClosure$validate$1.call(Unknown Source)
	at io.restassured.internal.ResponseSpecificationImpl.validateResponseIfRequired(ResponseSpecificationImpl.groovy:696)
	at io.restassured.internal.ResponseSpecificationImpl.this$2$validateResponseIfRequired(ResponseSpecificationImpl.groovy)
	at org.codehaus.groovy.runtime.callsite.PlainObjectMetaMethodSite.doInvoke(PlainObjectMetaMethodSite.java:43)
	at org.codehaus.groovy.runtime.callsite.PogoMetaMethodSite$PogoCachedMethodSiteNoUnwrapNoCoerce.invoke(PogoMetaMethodSite.java:198)
	at org.codehaus.groovy.runtime.callsite.PogoMetaMethodSite.callCurrent(PogoMetaMethodSite.java:62)
	at org.codehaus.groovy.runtime.callsite.AbstractCallSite.callCurrent(AbstractCallSite.java:185)
	at io.restassured.internal.ResponseSpecificationImpl.statusCode(ResponseSpecificationImpl.groovy:135)
	at io.restassured.specification.ResponseSpecification$statusCode$0.callCurrent(Unknown Source)
	at io.restassured.internal.ResponseSpecificationImpl.statusCode(ResponseSpecificationImpl.groovy:143)
	at io.restassured.internal.ValidatableResponseOptionsImpl.statusCode(ValidatableResponseOptionsImpl.java:89)
	at com.emmanuelarhu.tests.TodosTest.testFilterTodosWithInvalidUserId(TodosTest.java:293)
	at java.base/java.util.ArrayList.forEach(ArrayList.java:1596)
... Removed 36 stack frames</pre></div><a href='#' onClick='toggleBox("stack-trace133573226", this, "Click to show all stack frames", "Click to hide stack frames")'>Click to show all stack frames</a>
<div class='stack-trace' id='stack-trace133573226'><pre>java.lang.AssertionError: 1 expectation failed.
Expected status code &lt;404&gt; but was &lt;200&gt;.

	at java.base/jdk.internal.reflect.DirectConstructorHandleAccessor.newInstance(DirectConstructorHandleAccessor.java:62)
	at java.base/java.lang.reflect.Constructor.newInstanceWithCaller(Constructor.java:502)
	at java.base/java.lang.reflect.Constructor.newInstance(Constructor.java:486)
	at org.codehaus.groovy.reflection.CachedConstructor.invoke(CachedConstructor.java:73)
	at org.codehaus.groovy.runtime.callsite.ConstructorSite$ConstructorSiteNoUnwrapNoCoerce.callConstructor(ConstructorSite.java:108)
	at org.codehaus.groovy.runtime.callsite.AbstractCallSite.callConstructor(AbstractCallSite.java:277)
	at io.restassured.internal.ResponseSpecificationImpl$HamcrestAssertionClosure.validate(ResponseSpecificationImpl.groovy:512)
	at io.restassured.internal.ResponseSpecificationImpl$HamcrestAssertionClosure$validate$1.call(Unknown Source)
	at io.restassured.internal.ResponseSpecificationImpl.validateResponseIfRequired(ResponseSpecificationImpl.groovy:696)
	at io.restassured.internal.ResponseSpecificationImpl.this$2$validateResponseIfRequired(ResponseSpecificationImpl.groovy)
	at java.base/jdk.internal.reflect.DirectMethodHandleAccessor.invoke(DirectMethodHandleAccessor.java:103)
	at java.base/java.lang.reflect.Method.invoke(Method.java:580)
	at org.codehaus.groovy.runtime.callsite.PlainObjectMetaMethodSite.doInvoke(PlainObjectMetaMethodSite.java:43)
	at org.codehaus.groovy.runtime.callsite.PogoMetaMethodSite$PogoCachedMethodSiteNoUnwrapNoCoerce.invoke(PogoMetaMethodSite.java:198)
	at org.codehaus.groovy.runtime.callsite.PogoMetaMethodSite.callCurrent(PogoMetaMethodSite.java:62)
	at org.codehaus.groovy.runtime.callsite.AbstractCallSite.callCurrent(AbstractCallSite.java:185)
	at io.restassured.internal.ResponseSpecificationImpl.statusCode(ResponseSpecificationImpl.groovy:135)
	at io.restassured.specification.ResponseSpecification$statusCode$0.callCurrent(Unknown Source)
	at io.restassured.internal.ResponseSpecificationImpl.statusCode(ResponseSpecificationImpl.groovy:143)
	at io.restassured.internal.ValidatableResponseOptionsImpl.statusCode(ValidatableResponseOptionsImpl.java:89)
	at com.emmanuelarhu.tests.TodosTest.testFilterTodosWithInvalidUserId(TodosTest.java:293)
	at java.base/jdk.internal.reflect.DirectMethodHandleAccessor.invoke(DirectMethodHandleAccessor.java:103)
	at java.base/java.lang.reflect.Method.invoke(Method.java:580)
	at org.testng.internal.invokers.MethodInvocationHelper.invokeMethod(MethodInvocationHelper.java:139)
	at org.testng.internal.invokers.TestInvoker.invokeMethod(TestInvoker.java:664)
	at org.testng.internal.invokers.TestInvoker.invokeTestMethod(TestInvoker.java:227)
	at org.testng.internal.invokers.MethodRunner.runInSequence(MethodRunner.java:50)
	at org.testng.internal.invokers.TestInvoker$MethodInvocationAgent.invoke(TestInvoker.java:957)
	at org.testng.internal.invokers.TestInvoker.invokeTestMethods(TestInvoker.java:200)
	at org.testng.internal.invokers.TestMethodWorker.invokeTestMethods(TestMethodWorker.java:148)
	at org.testng.internal.invokers.TestMethodWorker.run(TestMethodWorker.java:128)
	at java.base/java.util.ArrayList.forEach(ArrayList.java:1596)
	at org.testng.TestRunner.privateRun(TestRunner.java:848)
	at org.testng.TestRunner.run(TestRunner.java:621)
	at org.testng.SuiteRunner.runTest(SuiteRunner.java:443)
	at org.testng.SuiteRunner.runSequentially(SuiteRunner.java:437)
	at org.testng.SuiteRunner.privateRun(SuiteRunner.java:397)
	at org.testng.SuiteRunner.run(SuiteRunner.java:336)
	at org.testng.SuiteRunnerWorker.runSuite(SuiteRunnerWorker.java:52)
	at org.testng.SuiteRunnerWorker.run(SuiteRunnerWorker.java:95)
	at org.testng.TestNG.runSuitesSequentially(TestNG.java:1280)
	at org.testng.TestNG.runSuitesLocally(TestNG.java:1200)
	at org.testng.TestNG.runSuites(TestNG.java:1114)
	at org.testng.TestNG.run(TestNG.java:1082)
	at org.apache.maven.surefire.testng.TestNGExecutor.run(TestNGExecutor.java:155)
	at org.apache.maven.surefire.testng.TestNGDirectoryTestSuite.executeMulti(TestNGDirectoryTestSuite.java:169)
	at org.apache.maven.surefire.testng.TestNGDirectoryTestSuite.execute(TestNGDirectoryTestSuite.java:88)
	at org.apache.maven.surefire.testng.TestNGProvider.invoke(TestNGProvider.java:137)
	at org.apache.maven.surefire.booter.ForkedBooter.runSuitesInProcess(ForkedBooter.java:385)
	at org.apache.maven.surefire.booter.ForkedBooter.execute(ForkedBooter.java:162)
	at org.apache.maven.surefire.booter.ForkedBooter.run(ForkedBooter.java:507)
	at org.apache.maven.surefire.booter.ForkedBooter.main(ForkedBooter.java:495)
</pre></div></td>
<td>0</td>
<td>com.emmanuelarhu.tests.TodosTest@997d532</td></tr>
<tr>
<td title='com.emmanuelarhu.tests.CommentsTest.testCreateCommentWithInvalidData()'><b>testCreateCommentWithInvalidData</b><br>Test class: com.emmanuelarhu.tests.CommentsTest<br>Parameters: 999, Test Comment, test@example.com, Test body</td>
<td><div><pre>java.lang.AssertionError: Expected 404 Not Found for invalid comment creation expected [true] but found [false]
	at com.emmanuelarhu.tests.CommentsTest.testCreateCommentWithInvalidData(CommentsTest.java:215)
	at java.base/java.util.ArrayList.forEach(ArrayList.java:1596)
... Removed 33 stack frames</pre></div><a href='#' onClick='toggleBox("stack-trace1496376144", this, "Click to show all stack frames", "Click to hide stack frames")'>Click to show all stack frames</a>
<div class='stack-trace' id='stack-trace1496376144'><pre>java.lang.AssertionError: Expected 404 Not Found for invalid comment creation expected [true] but found [false]
	at org.testng.Assert.fail(Assert.java:111)
	at org.testng.Assert.failNotEquals(Assert.java:1578)
	at org.testng.Assert.assertTrue(Assert.java:57)
	at com.emmanuelarhu.tests.CommentsTest.testCreateCommentWithInvalidData(CommentsTest.java:215)
	at java.base/jdk.internal.reflect.DirectMethodHandleAccessor.invoke(DirectMethodHandleAccessor.java:103)
	at java.base/java.lang.reflect.Method.invoke(Method.java:580)
	at org.testng.internal.invokers.MethodInvocationHelper.invokeMethod(MethodInvocationHelper.java:139)
	at org.testng.internal.invokers.TestInvoker.invokeMethod(TestInvoker.java:664)
	at org.testng.internal.invokers.TestInvoker.invokeTestMethod(TestInvoker.java:227)
	at org.testng.internal.invokers.MethodRunner.runInSequence(MethodRunner.java:50)
	at org.testng.internal.invokers.TestInvoker$MethodInvocationAgent.invoke(TestInvoker.java:957)
	at org.testng.internal.invokers.TestInvoker.invokeTestMethods(TestInvoker.java:200)
	at org.testng.internal.invokers.TestMethodWorker.invokeTestMethods(TestMethodWorker.java:148)
	at org.testng.internal.invokers.TestMethodWorker.run(TestMethodWorker.java:128)
	at java.base/java.util.ArrayList.forEach(ArrayList.java:1596)
	at org.testng.TestRunner.privateRun(TestRunner.java:848)
	at org.testng.TestRunner.run(TestRunner.java:621)
	at org.testng.SuiteRunner.runTest(SuiteRunner.java:443)
	at org.testng.SuiteRunner.runSequentially(SuiteRunner.java:437)
	at org.testng.SuiteRunner.privateRun(SuiteRunner.java:397)
	at org.testng.SuiteRunner.run(SuiteRunner.java:336)
	at org.testng.SuiteRunnerWorker.runSuite(SuiteRunnerWorker.java:52)
	at org.testng.SuiteRunnerWorker.run(SuiteRunnerWorker.java:95)
	at org.testng.TestNG.runSuitesSequentially(TestNG.java:1280)
	at org.testng.TestNG.runSuitesLocally(TestNG.java:1200)
	at org.testng.TestNG.runSuites(TestNG.java:1114)
	at org.testng.TestNG.run(TestNG.java:1082)
	at org.apache.maven.surefire.testng.TestNGExecutor.run(TestNGExecutor.java:155)
	at org.apache.maven.surefire.testng.TestNGDirectoryTestSuite.executeMulti(TestNGDirectoryTestSuite.java:169)
	at org.apache.maven.surefire.testng.TestNGDirectoryTestSuite.execute(TestNGDirectoryTestSuite.java:88)
	at org.apache.maven.surefire.testng.TestNGProvider.invoke(TestNGProvider.java:137)
	at org.apache.maven.surefire.booter.ForkedBooter.runSuitesInProcess(ForkedBooter.java:385)
	at org.apache.maven.surefire.booter.ForkedBooter.execute(ForkedBooter.java:162)
	at org.apache.maven.surefire.booter.ForkedBooter.run(ForkedBooter.java:507)
	at org.apache.maven.surefire.booter.ForkedBooter.main(ForkedBooter.java:495)
</pre></div></td>
<td>0</td>
<td>com.emmanuelarhu.tests.CommentsTest@6075b2d3</td></tr>
<tr>
<td title='com.emmanuelarhu.tests.UsersTest.testCreateUserWithInvalidData()'><b>testCreateUserWithInvalidData</b><br>Test class: com.emmanuelarhu.tests.UsersTest<br>Parameters: Test User, null, test@example.com</td>
<td><div><pre>java.lang.AssertionError: Should receive a valid HTTP response code expected [true] but found [false]
	at com.emmanuelarhu.tests.UsersTest.testCreateUserWithInvalidData(UsersTest.java:193)
	at java.base/java.util.ArrayList.forEach(ArrayList.java:1596)
... Removed 33 stack frames</pre></div><a href='#' onClick='toggleBox("stack-trace1799652260", this, "Click to show all stack frames", "Click to hide stack frames")'>Click to show all stack frames</a>
<div class='stack-trace' id='stack-trace1799652260'><pre>java.lang.AssertionError: Should receive a valid HTTP response code expected [true] but found [false]
	at org.testng.Assert.fail(Assert.java:111)
	at org.testng.Assert.failNotEquals(Assert.java:1578)
	at org.testng.Assert.assertTrue(Assert.java:57)
	at com.emmanuelarhu.tests.UsersTest.testCreateUserWithInvalidData(UsersTest.java:193)
	at java.base/jdk.internal.reflect.DirectMethodHandleAccessor.invoke(DirectMethodHandleAccessor.java:103)
	at java.base/java.lang.reflect.Method.invoke(Method.java:580)
	at org.testng.internal.invokers.MethodInvocationHelper.invokeMethod(MethodInvocationHelper.java:139)
	at org.testng.internal.invokers.TestInvoker.invokeMethod(TestInvoker.java:664)
	at org.testng.internal.invokers.TestInvoker.invokeTestMethod(TestInvoker.java:227)
	at org.testng.internal.invokers.MethodRunner.runInSequence(MethodRunner.java:50)
	at org.testng.internal.invokers.TestInvoker$MethodInvocationAgent.invoke(TestInvoker.java:957)
	at org.testng.internal.invokers.TestInvoker.invokeTestMethods(TestInvoker.java:200)
	at org.testng.internal.invokers.TestMethodWorker.invokeTestMethods(TestMethodWorker.java:148)
	at org.testng.internal.invokers.TestMethodWorker.run(TestMethodWorker.java:128)
	at java.base/java.util.ArrayList.forEach(ArrayList.java:1596)
	at org.testng.TestRunner.privateRun(TestRunner.java:848)
	at org.testng.TestRunner.run(TestRunner.java:621)
	at org.testng.SuiteRunner.runTest(SuiteRunner.java:443)
	at org.testng.SuiteRunner.runSequentially(SuiteRunner.java:437)
	at org.testng.SuiteRunner.privateRun(SuiteRunner.java:397)
	at org.testng.SuiteRunner.run(SuiteRunner.java:336)
	at org.testng.SuiteRunnerWorker.runSuite(SuiteRunnerWorker.java:52)
	at org.testng.SuiteRunnerWorker.run(SuiteRunnerWorker.java:95)
	at org.testng.TestNG.runSuitesSequentially(TestNG.java:1280)
	at org.testng.TestNG.runSuitesLocally(TestNG.java:1200)
	at org.testng.TestNG.runSuites(TestNG.java:1114)
	at org.testng.TestNG.run(TestNG.java:1082)
	at org.apache.maven.surefire.testng.TestNGExecutor.run(TestNGExecutor.java:155)
	at org.apache.maven.surefire.testng.TestNGDirectoryTestSuite.executeMulti(TestNGDirectoryTestSuite.java:169)
	at org.apache.maven.surefire.testng.TestNGDirectoryTestSuite.execute(TestNGDirectoryTestSuite.java:88)
	at org.apache.maven.surefire.testng.TestNGProvider.invoke(TestNGProvider.java:137)
	at org.apache.maven.surefire.booter.ForkedBooter.runSuitesInProcess(ForkedBooter.java:385)
	at org.apache.maven.surefire.booter.ForkedBooter.execute(ForkedBooter.java:162)
	at org.apache.maven.surefire.booter.ForkedBooter.run(ForkedBooter.java:507)
	at org.apache.maven.surefire.booter.ForkedBooter.main(ForkedBooter.java:495)
</pre></div></td>
<td>0</td>
<td>com.emmanuelarhu.tests.UsersTest@273842a6</td></tr>
<tr>
<td title='com.emmanuelarhu.tests.TodosTest.testDeleteNonExistentTodo()'><b>testDeleteNonExistentTodo</b><br>Test class: com.emmanuelarhu.tests.TodosTest</td>
<td><div><pre>java.lang.AssertionError: 1 expectation failed.
Expected status code &lt;404&gt; but was &lt;200&gt;.

	at org.codehaus.groovy.runtime.callsite.ConstructorSite$ConstructorSiteNoUnwrapNoCoerce.callConstructor(ConstructorSite.java:108)
	at org.codehaus.groovy.runtime.callsite.AbstractCallSite.callConstructor(AbstractCallSite.java:277)
	at io.restassured.internal.ResponseSpecificationImpl$HamcrestAssertionClosure.validate(ResponseSpecificationImpl.groovy:512)
	at io.restassured.internal.ResponseSpecificationImpl$HamcrestAssertionClosure$validate$1.call(Unknown Source)
	at io.restassured.internal.ResponseSpecificationImpl.validateResponseIfRequired(ResponseSpecificationImpl.groovy:696)
	at io.restassured.internal.ResponseSpecificationImpl.this$2$validateResponseIfRequired(ResponseSpecificationImpl.groovy)
	at org.codehaus.groovy.runtime.callsite.PlainObjectMetaMethodSite.doInvoke(PlainObjectMetaMethodSite.java:43)
	at org.codehaus.groovy.runtime.callsite.PogoMetaMethodSite$PogoCachedMethodSiteNoUnwrapNoCoerce.invoke(PogoMetaMethodSite.java:198)
	at org.codehaus.groovy.runtime.callsite.PogoMetaMethodSite.callCurrent(PogoMetaMethodSite.java:62)
	at org.codehaus.groovy.runtime.callsite.AbstractCallSite.callCurrent(AbstractCallSite.java:185)
	at io.restassured.internal.ResponseSpecificationImpl.statusCode(ResponseSpecificationImpl.groovy:135)
	at io.restassured.specification.ResponseSpecification$statusCode$0.callCurrent(Unknown Source)
	at io.restassured.internal.ResponseSpecificationImpl.statusCode(ResponseSpecificationImpl.groovy:143)
	at io.restassured.internal.ValidatableResponseOptionsImpl.statusCode(ValidatableResponseOptionsImpl.java:89)
	at com.emmanuelarhu.tests.TodosTest.testDeleteNonExistentTodo(TodosTest.java:313)
	at java.base/java.util.ArrayList.forEach(ArrayList.java:1596)
... Removed 36 stack frames</pre></div><a href='#' onClick='toggleBox("stack-trace1560285603", this, "Click to show all stack frames", "Click to hide stack frames")'>Click to show all stack frames</a>
<div class='stack-trace' id='stack-trace1560285603'><pre>java.lang.AssertionError: 1 expectation failed.
Expected status code &lt;404&gt; but was &lt;200&gt;.

	at java.base/jdk.internal.reflect.DirectConstructorHandleAccessor.newInstance(DirectConstructorHandleAccessor.java:62)
	at java.base/java.lang.reflect.Constructor.newInstanceWithCaller(Constructor.java:502)
	at java.base/java.lang.reflect.Constructor.newInstance(Constructor.java:486)
	at org.codehaus.groovy.reflection.CachedConstructor.invoke(CachedConstructor.java:73)
	at org.codehaus.groovy.runtime.callsite.ConstructorSite$ConstructorSiteNoUnwrapNoCoerce.callConstructor(ConstructorSite.java:108)
	at org.codehaus.groovy.runtime.callsite.AbstractCallSite.callConstructor(AbstractCallSite.java:277)
	at io.restassured.internal.ResponseSpecificationImpl$HamcrestAssertionClosure.validate(ResponseSpecificationImpl.groovy:512)
	at io.restassured.internal.ResponseSpecificationImpl$HamcrestAssertionClosure$validate$1.call(Unknown Source)
	at io.restassured.internal.ResponseSpecificationImpl.validateResponseIfRequired(ResponseSpecificationImpl.groovy:696)
	at io.restassured.internal.ResponseSpecificationImpl.this$2$validateResponseIfRequired(ResponseSpecificationImpl.groovy)
	at java.base/jdk.internal.reflect.DirectMethodHandleAccessor.invoke(DirectMethodHandleAccessor.java:103)
	at java.base/java.lang.reflect.Method.invoke(Method.java:580)
	at org.codehaus.groovy.runtime.callsite.PlainObjectMetaMethodSite.doInvoke(PlainObjectMetaMethodSite.java:43)
	at org.codehaus.groovy.runtime.callsite.PogoMetaMethodSite$PogoCachedMethodSiteNoUnwrapNoCoerce.invoke(PogoMetaMethodSite.java:198)
	at org.codehaus.groovy.runtime.callsite.PogoMetaMethodSite.callCurrent(PogoMetaMethodSite.java:62)
	at org.codehaus.groovy.runtime.callsite.AbstractCallSite.callCurrent(AbstractCallSite.java:185)
	at io.restassured.internal.ResponseSpecificationImpl.statusCode(ResponseSpecificationImpl.groovy:135)
	at io.restassured.specification.ResponseSpecification$statusCode$0.callCurrent(Unknown Source)
	at io.restassured.internal.ResponseSpecificationImpl.statusCode(ResponseSpecificationImpl.groovy:143)
	at io.restassured.internal.ValidatableResponseOptionsImpl.statusCode(ValidatableResponseOptionsImpl.java:89)
	at com.emmanuelarhu.tests.TodosTest.testDeleteNonExistentTodo(TodosTest.java:313)
	at java.base/jdk.internal.reflect.DirectMethodHandleAccessor.invoke(DirectMethodHandleAccessor.java:103)
	at java.base/java.lang.reflect.Method.invoke(Method.java:580)
	at org.testng.internal.invokers.MethodInvocationHelper.invokeMethod(MethodInvocationHelper.java:139)
	at org.testng.internal.invokers.TestInvoker.invokeMethod(TestInvoker.java:664)
	at org.testng.internal.invokers.TestInvoker.invokeTestMethod(TestInvoker.java:227)
	at org.testng.internal.invokers.MethodRunner.runInSequence(MethodRunner.java:50)
	at org.testng.internal.invokers.TestInvoker$MethodInvocationAgent.invoke(TestInvoker.java:957)
	at org.testng.internal.invokers.TestInvoker.invokeTestMethods(TestInvoker.java:200)
	at org.testng.internal.invokers.TestMethodWorker.invokeTestMethods(TestMethodWorker.java:148)
	at org.testng.internal.invokers.TestMethodWorker.run(TestMethodWorker.java:128)
	at java.base/java.util.ArrayList.forEach(ArrayList.java:1596)
	at org.testng.TestRunner.privateRun(TestRunner.java:848)
	at org.testng.TestRunner.run(TestRunner.java:621)
	at org.testng.SuiteRunner.runTest(SuiteRunner.java:443)
	at org.testng.SuiteRunner.runSequentially(SuiteRunner.java:437)
	at org.testng.SuiteRunner.privateRun(SuiteRunner.java:397)
	at org.testng.SuiteRunner.run(SuiteRunner.java:336)
	at org.testng.SuiteRunnerWorker.runSuite(SuiteRunnerWorker.java:52)
	at org.testng.SuiteRunnerWorker.run(SuiteRunnerWorker.java:95)
	at org.testng.TestNG.runSuitesSequentially(TestNG.java:1280)
	at org.testng.TestNG.runSuitesLocally(TestNG.java:1200)
	at org.testng.TestNG.runSuites(TestNG.java:1114)
	at org.testng.TestNG.run(TestNG.java:1082)
	at org.apache.maven.surefire.testng.TestNGExecutor.run(TestNGExecutor.java:155)
	at org.apache.maven.surefire.testng.TestNGDirectoryTestSuite.executeMulti(TestNGDirectoryTestSuite.java:169)
	at org.apache.maven.surefire.testng.TestNGDirectoryTestSuite.execute(TestNGDirectoryTestSuite.java:88)
	at org.apache.maven.surefire.testng.TestNGProvider.invoke(TestNGProvider.java:137)
	at org.apache.maven.surefire.booter.ForkedBooter.runSuitesInProcess(ForkedBooter.java:385)
	at org.apache.maven.surefire.booter.ForkedBooter.execute(ForkedBooter.java:162)
	at org.apache.maven.surefire.booter.ForkedBooter.run(ForkedBooter.java:507)
	at org.apache.maven.surefire.booter.ForkedBooter.main(ForkedBooter.java:495)
</pre></div></td>
<td>0</td>
<td>com.emmanuelarhu.tests.TodosTest@997d532</td></tr>
<tr>
<td title='com.emmanuelarhu.tests.PostsTest.testCreatePostWithInvalidData()'><b>testCreatePostWithInvalidData</b><br>Test class: com.emmanuelarhu.tests.PostsTest<br>Parameters: 1, Test Post, null</td>
<td><div><pre>java.lang.AssertionError: Should receive a valid HTTP response code expected [true] but found [false]
	at com.emmanuelarhu.tests.PostsTest.testCreatePostWithInvalidData(PostsTest.java:285)
	at java.base/java.util.ArrayList.forEach(ArrayList.java:1596)
... Removed 33 stack frames</pre></div><a href='#' onClick='toggleBox("stack-trace1481577195", this, "Click to show all stack frames", "Click to hide stack frames")'>Click to show all stack frames</a>
<div class='stack-trace' id='stack-trace1481577195'><pre>java.lang.AssertionError: Should receive a valid HTTP response code expected [true] but found [false]
	at org.testng.Assert.fail(Assert.java:111)
	at org.testng.Assert.failNotEquals(Assert.java:1578)
	at org.testng.Assert.assertTrue(Assert.java:57)
	at com.emmanuelarhu.tests.PostsTest.testCreatePostWithInvalidData(PostsTest.java:285)
	at java.base/jdk.internal.reflect.DirectMethodHandleAccessor.invoke(DirectMethodHandleAccessor.java:103)
	at java.base/java.lang.reflect.Method.invoke(Method.java:580)
	at org.testng.internal.invokers.MethodInvocationHelper.invokeMethod(MethodInvocationHelper.java:139)
	at org.testng.internal.invokers.TestInvoker.invokeMethod(TestInvoker.java:664)
	at org.testng.internal.invokers.TestInvoker.invokeTestMethod(TestInvoker.java:227)
	at org.testng.internal.invokers.MethodRunner.runInSequence(MethodRunner.java:50)
	at org.testng.internal.invokers.TestInvoker$MethodInvocationAgent.invoke(TestInvoker.java:957)
	at org.testng.internal.invokers.TestInvoker.invokeTestMethods(TestInvoker.java:200)
	at org.testng.internal.invokers.TestMethodWorker.invokeTestMethods(TestMethodWorker.java:148)
	at org.testng.internal.invokers.TestMethodWorker.run(TestMethodWorker.java:128)
	at java.base/java.util.ArrayList.forEach(ArrayList.java:1596)
	at org.testng.TestRunner.privateRun(TestRunner.java:848)
	at org.testng.TestRunner.run(TestRunner.java:621)
	at org.testng.SuiteRunner.runTest(SuiteRunner.java:443)
	at org.testng.SuiteRunner.runSequentially(SuiteRunner.java:437)
	at org.testng.SuiteRunner.privateRun(SuiteRunner.java:397)
	at org.testng.SuiteRunner.run(SuiteRunner.java:336)
	at org.testng.SuiteRunnerWorker.runSuite(SuiteRunnerWorker.java:52)
	at org.testng.SuiteRunnerWorker.run(SuiteRunnerWorker.java:95)
	at org.testng.TestNG.runSuitesSequentially(TestNG.java:1280)
	at org.testng.TestNG.runSuitesLocally(TestNG.java:1200)
	at org.testng.TestNG.runSuites(TestNG.java:1114)
	at org.testng.TestNG.run(TestNG.java:1082)
	at org.apache.maven.surefire.testng.TestNGExecutor.run(TestNGExecutor.java:155)
	at org.apache.maven.surefire.testng.TestNGDirectoryTestSuite.executeMulti(TestNGDirectoryTestSuite.java:169)
	at org.apache.maven.surefire.testng.TestNGDirectoryTestSuite.execute(TestNGDirectoryTestSuite.java:88)
	at org.apache.maven.surefire.testng.TestNGProvider.invoke(TestNGProvider.java:137)
	at org.apache.maven.surefire.booter.ForkedBooter.runSuitesInProcess(ForkedBooter.java:385)
	at org.apache.maven.surefire.booter.ForkedBooter.execute(ForkedBooter.java:162)
	at org.apache.maven.surefire.booter.ForkedBooter.run(ForkedBooter.java:507)
	at org.apache.maven.surefire.booter.ForkedBooter.main(ForkedBooter.java:495)
</pre></div></td>
<td>0</td>
<td>com.emmanuelarhu.tests.PostsTest@551de37d</td></tr>
<tr>
<td title='com.emmanuelarhu.tests.PhotosTest.testFilterPhotosWithInvalidAlbumId()'><b>testFilterPhotosWithInvalidAlbumId</b><br>Test class: com.emmanuelarhu.tests.PhotosTest</td>
<td><div><pre>java.lang.AssertionError: 1 expectation failed.
Expected status code &lt;404&gt; but was &lt;200&gt;.

	at org.codehaus.groovy.runtime.callsite.ConstructorSite$ConstructorSiteNoUnwrapNoCoerce.callConstructor(ConstructorSite.java:108)
	at org.codehaus.groovy.runtime.callsite.AbstractCallSite.callConstructor(AbstractCallSite.java:277)
	at io.restassured.internal.ResponseSpecificationImpl$HamcrestAssertionClosure.validate(ResponseSpecificationImpl.groovy:512)
	at io.restassured.internal.ResponseSpecificationImpl$HamcrestAssertionClosure$validate$1.call(Unknown Source)
	at io.restassured.internal.ResponseSpecificationImpl.validateResponseIfRequired(ResponseSpecificationImpl.groovy:696)
	at io.restassured.internal.ResponseSpecificationImpl.this$2$validateResponseIfRequired(ResponseSpecificationImpl.groovy)
	at org.codehaus.groovy.runtime.callsite.PlainObjectMetaMethodSite.doInvoke(PlainObjectMetaMethodSite.java:43)
	at org.codehaus.groovy.runtime.callsite.PogoMetaMethodSite$PogoCachedMethodSiteNoUnwrapNoCoerce.invoke(PogoMetaMethodSite.java:198)
	at org.codehaus.groovy.runtime.callsite.PogoMetaMethodSite.callCurrent(PogoMetaMethodSite.java:62)
	at org.codehaus.groovy.runtime.callsite.AbstractCallSite.callCurrent(AbstractCallSite.java:185)
	at io.restassured.internal.ResponseSpecificationImpl.statusCode(ResponseSpecificationImpl.groovy:135)
	at io.restassured.specification.ResponseSpecification$statusCode$0.callCurrent(Unknown Source)
	at io.restassured.internal.ResponseSpecificationImpl.statusCode(ResponseSpecificationImpl.groovy:143)
	at io.restassured.internal.ValidatableResponseOptionsImpl.statusCode(ValidatableResponseOptionsImpl.java:89)
	at com.emmanuelarhu.tests.PhotosTest.testFilterPhotosWithInvalidAlbumId(PhotosTest.java:267)
	at java.base/java.util.ArrayList.forEach(ArrayList.java:1596)
... Removed 36 stack frames</pre></div><a href='#' onClick='toggleBox("stack-trace1182571225", this, "Click to show all stack frames", "Click to hide stack frames")'>Click to show all stack frames</a>
<div class='stack-trace' id='stack-trace1182571225'><pre>java.lang.AssertionError: 1 expectation failed.
Expected status code &lt;404&gt; but was &lt;200&gt;.

	at java.base/jdk.internal.reflect.DirectConstructorHandleAccessor.newInstance(DirectConstructorHandleAccessor.java:62)
	at java.base/java.lang.reflect.Constructor.newInstanceWithCaller(Constructor.java:502)
	at java.base/java.lang.reflect.Constructor.newInstance(Constructor.java:486)
	at org.codehaus.groovy.reflection.CachedConstructor.invoke(CachedConstructor.java:73)
	at org.codehaus.groovy.runtime.callsite.ConstructorSite$ConstructorSiteNoUnwrapNoCoerce.callConstructor(ConstructorSite.java:108)
	at org.codehaus.groovy.runtime.callsite.AbstractCallSite.callConstructor(AbstractCallSite.java:277)
	at io.restassured.internal.ResponseSpecificationImpl$HamcrestAssertionClosure.validate(ResponseSpecificationImpl.groovy:512)
	at io.restassured.internal.ResponseSpecificationImpl$HamcrestAssertionClosure$validate$1.call(Unknown Source)
	at io.restassured.internal.ResponseSpecificationImpl.validateResponseIfRequired(ResponseSpecificationImpl.groovy:696)
	at io.restassured.internal.ResponseSpecificationImpl.this$2$validateResponseIfRequired(ResponseSpecificationImpl.groovy)
	at java.base/jdk.internal.reflect.DirectMethodHandleAccessor.invoke(DirectMethodHandleAccessor.java:103)
	at java.base/java.lang.reflect.Method.invoke(Method.java:580)
	at org.codehaus.groovy.runtime.callsite.PlainObjectMetaMethodSite.doInvoke(PlainObjectMetaMethodSite.java:43)
	at org.codehaus.groovy.runtime.callsite.PogoMetaMethodSite$PogoCachedMethodSiteNoUnwrapNoCoerce.invoke(PogoMetaMethodSite.java:198)
	at org.codehaus.groovy.runtime.callsite.PogoMetaMethodSite.callCurrent(PogoMetaMethodSite.java:62)
	at org.codehaus.groovy.runtime.callsite.AbstractCallSite.callCurrent(AbstractCallSite.java:185)
	at io.restassured.internal.ResponseSpecificationImpl.statusCode(ResponseSpecificationImpl.groovy:135)
	at io.restassured.specification.ResponseSpecification$statusCode$0.callCurrent(Unknown Source)
	at io.restassured.internal.ResponseSpecificationImpl.statusCode(ResponseSpecificationImpl.groovy:143)
	at io.restassured.internal.ValidatableResponseOptionsImpl.statusCode(ValidatableResponseOptionsImpl.java:89)
	at com.emmanuelarhu.tests.PhotosTest.testFilterPhotosWithInvalidAlbumId(PhotosTest.java:267)
	at java.base/jdk.internal.reflect.DirectMethodHandleAccessor.invoke(DirectMethodHandleAccessor.java:103)
	at java.base/java.lang.reflect.Method.invoke(Method.java:580)
	at org.testng.internal.invokers.MethodInvocationHelper.invokeMethod(MethodInvocationHelper.java:139)
	at org.testng.internal.invokers.TestInvoker.invokeMethod(TestInvoker.java:664)
	at org.testng.internal.invokers.TestInvoker.invokeTestMethod(TestInvoker.java:227)
	at org.testng.internal.invokers.MethodRunner.runInSequence(MethodRunner.java:50)
	at org.testng.internal.invokers.TestInvoker$MethodInvocationAgent.invoke(TestInvoker.java:957)
	at org.testng.internal.invokers.TestInvoker.invokeTestMethods(TestInvoker.java:200)
	at org.testng.internal.invokers.TestMethodWorker.invokeTestMethods(TestMethodWorker.java:148)
	at org.testng.internal.invokers.TestMethodWorker.run(TestMethodWorker.java:128)
	at java.base/java.util.ArrayList.forEach(ArrayList.java:1596)
	at org.testng.TestRunner.privateRun(TestRunner.java:848)
	at org.testng.TestRunner.run(TestRunner.java:621)
	at org.testng.SuiteRunner.runTest(SuiteRunner.java:443)
	at org.testng.SuiteRunner.runSequentially(SuiteRunner.java:437)
	at org.testng.SuiteRunner.privateRun(SuiteRunner.java:397)
	at org.testng.SuiteRunner.run(SuiteRunner.java:336)
	at org.testng.SuiteRunnerWorker.runSuite(SuiteRunnerWorker.java:52)
	at org.testng.SuiteRunnerWorker.run(SuiteRunnerWorker.java:95)
	at org.testng.TestNG.runSuitesSequentially(TestNG.java:1280)
	at org.testng.TestNG.runSuitesLocally(TestNG.java:1200)
	at org.testng.TestNG.runSuites(TestNG.java:1114)
	at org.testng.TestNG.run(TestNG.java:1082)
	at org.apache.maven.surefire.testng.TestNGExecutor.run(TestNGExecutor.java:155)
	at org.apache.maven.surefire.testng.TestNGDirectoryTestSuite.executeMulti(TestNGDirectoryTestSuite.java:169)
	at org.apache.maven.surefire.testng.TestNGDirectoryTestSuite.execute(TestNGDirectoryTestSuite.java:88)
	at org.apache.maven.surefire.testng.TestNGProvider.invoke(TestNGProvider.java:137)
	at org.apache.maven.surefire.booter.ForkedBooter.runSuitesInProcess(ForkedBooter.java:385)
	at org.apache.maven.surefire.booter.ForkedBooter.execute(ForkedBooter.java:162)
	at org.apache.maven.surefire.booter.ForkedBooter.run(ForkedBooter.java:507)
	at org.apache.maven.surefire.booter.ForkedBooter.main(ForkedBooter.java:495)
</pre></div></td>
<td>0</td>
<td>com.emmanuelarhu.tests.PhotosTest@33abde31</td></tr>
<tr>
<td title='com.emmanuelarhu.tests.CommentsTest.testCreateCommentWithInvalidData()'><b>testCreateCommentWithInvalidData</b><br>Test class: com.emmanuelarhu.tests.CommentsTest<br>Parameters: 1, Test Comment, test@example.com, </td>
<td><div><pre>java.lang.AssertionError: Expected 404 Not Found for invalid comment creation expected [true] but found [false]
	at com.emmanuelarhu.tests.CommentsTest.testCreateCommentWithInvalidData(CommentsTest.java:215)
	at java.base/java.util.ArrayList.forEach(ArrayList.java:1596)
... Removed 33 stack frames</pre></div><a href='#' onClick='toggleBox("stack-trace860099309", this, "Click to show all stack frames", "Click to hide stack frames")'>Click to show all stack frames</a>
<div class='stack-trace' id='stack-trace860099309'><pre>java.lang.AssertionError: Expected 404 Not Found for invalid comment creation expected [true] but found [false]
	at org.testng.Assert.fail(Assert.java:111)
	at org.testng.Assert.failNotEquals(Assert.java:1578)
	at org.testng.Assert.assertTrue(Assert.java:57)
	at com.emmanuelarhu.tests.CommentsTest.testCreateCommentWithInvalidData(CommentsTest.java:215)
	at java.base/jdk.internal.reflect.DirectMethodHandleAccessor.invoke(DirectMethodHandleAccessor.java:103)
	at java.base/java.lang.reflect.Method.invoke(Method.java:580)
	at org.testng.internal.invokers.MethodInvocationHelper.invokeMethod(MethodInvocationHelper.java:139)
	at org.testng.internal.invokers.TestInvoker.invokeMethod(TestInvoker.java:664)
	at org.testng.internal.invokers.TestInvoker.invokeTestMethod(TestInvoker.java:227)
	at org.testng.internal.invokers.MethodRunner.runInSequence(MethodRunner.java:50)
	at org.testng.internal.invokers.TestInvoker$MethodInvocationAgent.invoke(TestInvoker.java:957)
	at org.testng.internal.invokers.TestInvoker.invokeTestMethods(TestInvoker.java:200)
	at org.testng.internal.invokers.TestMethodWorker.invokeTestMethods(TestMethodWorker.java:148)
	at org.testng.internal.invokers.TestMethodWorker.run(TestMethodWorker.java:128)
	at java.base/java.util.ArrayList.forEach(ArrayList.java:1596)
	at org.testng.TestRunner.privateRun(TestRunner.java:848)
	at org.testng.TestRunner.run(TestRunner.java:621)
	at org.testng.SuiteRunner.runTest(SuiteRunner.java:443)
	at org.testng.SuiteRunner.runSequentially(SuiteRunner.java:437)
	at org.testng.SuiteRunner.privateRun(SuiteRunner.java:397)
	at org.testng.SuiteRunner.run(SuiteRunner.java:336)
	at org.testng.SuiteRunnerWorker.runSuite(SuiteRunnerWorker.java:52)
	at org.testng.SuiteRunnerWorker.run(SuiteRunnerWorker.java:95)
	at org.testng.TestNG.runSuitesSequentially(TestNG.java:1280)
	at org.testng.TestNG.runSuitesLocally(TestNG.java:1200)
	at org.testng.TestNG.runSuites(TestNG.java:1114)
	at org.testng.TestNG.run(TestNG.java:1082)
	at org.apache.maven.surefire.testng.TestNGExecutor.run(TestNGExecutor.java:155)
	at org.apache.maven.surefire.testng.TestNGDirectoryTestSuite.executeMulti(TestNGDirectoryTestSuite.java:169)
	at org.apache.maven.surefire.testng.TestNGDirectoryTestSuite.execute(TestNGDirectoryTestSuite.java:88)
	at org.apache.maven.surefire.testng.TestNGProvider.invoke(TestNGProvider.java:137)
	at org.apache.maven.surefire.booter.ForkedBooter.runSuitesInProcess(ForkedBooter.java:385)
	at org.apache.maven.surefire.booter.ForkedBooter.execute(ForkedBooter.java:162)
	at org.apache.maven.surefire.booter.ForkedBooter.run(ForkedBooter.java:507)
	at org.apache.maven.surefire.booter.ForkedBooter.main(ForkedBooter.java:495)
</pre></div></td>
<td>0</td>
<td>com.emmanuelarhu.tests.CommentsTest@6075b2d3</td></tr>
<tr>
<td title='com.emmanuelarhu.tests.CommentsTest.testCreateCommentWithInvalidData()'><b>testCreateCommentWithInvalidData</b><br>Test class: com.emmanuelarhu.tests.CommentsTest<br>Parameters: 1, Test Comment, null, Test body</td>
<td><div><pre>java.lang.AssertionError: Expected 404 Not Found for invalid comment creation expected [true] but found [false]
	at com.emmanuelarhu.tests.CommentsTest.testCreateCommentWithInvalidData(CommentsTest.java:215)
	at java.base/java.util.ArrayList.forEach(ArrayList.java:1596)
... Removed 33 stack frames</pre></div><a href='#' onClick='toggleBox("stack-trace714296250", this, "Click to show all stack frames", "Click to hide stack frames")'>Click to show all stack frames</a>
<div class='stack-trace' id='stack-trace714296250'><pre>java.lang.AssertionError: Expected 404 Not Found for invalid comment creation expected [true] but found [false]
	at org.testng.Assert.fail(Assert.java:111)
	at org.testng.Assert.failNotEquals(Assert.java:1578)
	at org.testng.Assert.assertTrue(Assert.java:57)
	at com.emmanuelarhu.tests.CommentsTest.testCreateCommentWithInvalidData(CommentsTest.java:215)
	at java.base/jdk.internal.reflect.DirectMethodHandleAccessor.invoke(DirectMethodHandleAccessor.java:103)
	at java.base/java.lang.reflect.Method.invoke(Method.java:580)
	at org.testng.internal.invokers.MethodInvocationHelper.invokeMethod(MethodInvocationHelper.java:139)
	at org.testng.internal.invokers.TestInvoker.invokeMethod(TestInvoker.java:664)
	at org.testng.internal.invokers.TestInvoker.invokeTestMethod(TestInvoker.java:227)
	at org.testng.internal.invokers.MethodRunner.runInSequence(MethodRunner.java:50)
	at org.testng.internal.invokers.TestInvoker$MethodInvocationAgent.invoke(TestInvoker.java:957)
	at org.testng.internal.invokers.TestInvoker.invokeTestMethods(TestInvoker.java:200)
	at org.testng.internal.invokers.TestMethodWorker.invokeTestMethods(TestMethodWorker.java:148)
	at org.testng.internal.invokers.TestMethodWorker.run(TestMethodWorker.java:128)
	at java.base/java.util.ArrayList.forEach(ArrayList.java:1596)
	at org.testng.TestRunner.privateRun(TestRunner.java:848)
	at org.testng.TestRunner.run(TestRunner.java:621)
	at org.testng.SuiteRunner.runTest(SuiteRunner.java:443)
	at org.testng.SuiteRunner.runSequentially(SuiteRunner.java:437)
	at org.testng.SuiteRunner.privateRun(SuiteRunner.java:397)
	at org.testng.SuiteRunner.run(SuiteRunner.java:336)
	at org.testng.SuiteRunnerWorker.runSuite(SuiteRunnerWorker.java:52)
	at org.testng.SuiteRunnerWorker.run(SuiteRunnerWorker.java:95)
	at org.testng.TestNG.runSuitesSequentially(TestNG.java:1280)
	at org.testng.TestNG.runSuitesLocally(TestNG.java:1200)
	at org.testng.TestNG.runSuites(TestNG.java:1114)
	at org.testng.TestNG.run(TestNG.java:1082)
	at org.apache.maven.surefire.testng.TestNGExecutor.run(TestNGExecutor.java:155)
	at org.apache.maven.surefire.testng.TestNGDirectoryTestSuite.executeMulti(TestNGDirectoryTestSuite.java:169)
	at org.apache.maven.surefire.testng.TestNGDirectoryTestSuite.execute(TestNGDirectoryTestSuite.java:88)
	at org.apache.maven.surefire.testng.TestNGProvider.invoke(TestNGProvider.java:137)
	at org.apache.maven.surefire.booter.ForkedBooter.runSuitesInProcess(ForkedBooter.java:385)
	at org.apache.maven.surefire.booter.ForkedBooter.execute(ForkedBooter.java:162)
	at org.apache.maven.surefire.booter.ForkedBooter.run(ForkedBooter.java:507)
	at org.apache.maven.surefire.booter.ForkedBooter.main(ForkedBooter.java:495)
</pre></div></td>
<td>0</td>
<td>com.emmanuelarhu.tests.CommentsTest@6075b2d3</td></tr>
<tr>
<td title='com.emmanuelarhu.tests.AlbumsTest.testCreateAlbumWithInvalidData()'><b>testCreateAlbumWithInvalidData</b><br>Test class: com.emmanuelarhu.tests.AlbumsTest</td>
<td><div><pre>org.testng.internal.reflect.MethodMatcherException: 
[public void com.emmanuelarhu.tests.AlbumsTest.testCreateAlbumWithInvalidData(int,java.lang.String)] has no parameters defined but was found to be using a data provider (either explicitly specified or inherited from class level annotation).
Data provider mismatch
Method: testCreateAlbumWithInvalidData([int arg0, java.lang.String arg1])
Arguments: [(java.lang.String) ,(java.lang.String) ]
	at java.base/java.util.ArrayList.forEach(ArrayList.java:1596)
... Removed 27 stack frames</pre></div><a href='#' onClick='toggleBox("stack-trace883416781", this, "Click to show all stack frames", "Click to hide stack frames")'>Click to show all stack frames</a>
<div class='stack-trace' id='stack-trace883416781'><pre>org.testng.internal.reflect.MethodMatcherException: 
[public void com.emmanuelarhu.tests.AlbumsTest.testCreateAlbumWithInvalidData(int,java.lang.String)] has no parameters defined but was found to be using a data provider (either explicitly specified or inherited from class level annotation).
Data provider mismatch
Method: testCreateAlbumWithInvalidData([int arg0, java.lang.String arg1])
Arguments: [(java.lang.String) ,(java.lang.String) ]
	at org.testng.internal.reflect.DataProviderMethodMatcher.getConformingArguments(DataProviderMethodMatcher.java:46)
	at org.testng.internal.Parameters.injectParameters(Parameters.java:909)
	at org.testng.internal.invokers.MethodRunner.runInSequence(MethodRunner.java:37)
	at org.testng.internal.invokers.TestInvoker$MethodInvocationAgent.invoke(TestInvoker.java:957)
	at org.testng.internal.invokers.TestInvoker.invokeTestMethods(TestInvoker.java:200)
	at org.testng.internal.invokers.TestMethodWorker.invokeTestMethods(TestMethodWorker.java:148)
	at org.testng.internal.invokers.TestMethodWorker.run(TestMethodWorker.java:128)
	at java.base/java.util.ArrayList.forEach(ArrayList.java:1596)
	at org.testng.TestRunner.privateRun(TestRunner.java:848)
	at org.testng.TestRunner.run(TestRunner.java:621)
	at org.testng.SuiteRunner.runTest(SuiteRunner.java:443)
	at org.testng.SuiteRunner.runSequentially(SuiteRunner.java:437)
	at org.testng.SuiteRunner.privateRun(SuiteRunner.java:397)
	at org.testng.SuiteRunner.run(SuiteRunner.java:336)
	at org.testng.SuiteRunnerWorker.runSuite(SuiteRunnerWorker.java:52)
	at org.testng.SuiteRunnerWorker.run(SuiteRunnerWorker.java:95)
	at org.testng.TestNG.runSuitesSequentially(TestNG.java:1280)
	at org.testng.TestNG.runSuitesLocally(TestNG.java:1200)
	at org.testng.TestNG.runSuites(TestNG.java:1114)
	at org.testng.TestNG.run(TestNG.java:1082)
	at org.apache.maven.surefire.testng.TestNGExecutor.run(TestNGExecutor.java:155)
	at org.apache.maven.surefire.testng.TestNGDirectoryTestSuite.executeMulti(TestNGDirectoryTestSuite.java:169)
	at org.apache.maven.surefire.testng.TestNGDirectoryTestSuite.execute(TestNGDirectoryTestSuite.java:88)
	at org.apache.maven.surefire.testng.TestNGProvider.invoke(TestNGProvider.java:137)
	at org.apache.maven.surefire.booter.ForkedBooter.runSuitesInProcess(ForkedBooter.java:385)
	at org.apache.maven.surefire.booter.ForkedBooter.execute(ForkedBooter.java:162)
	at org.apache.maven.surefire.booter.ForkedBooter.run(ForkedBooter.java:507)
	at org.apache.maven.surefire.booter.ForkedBooter.main(ForkedBooter.java:495)
</pre></div></td>
<td>0</td>
<td>com.emmanuelarhu.tests.AlbumsTest@6ef81f31</td></tr>
<tr>
<td title='com.emmanuelarhu.tests.AlbumsTest.testFilterAlbumsWithInvalidUserId()'><b>testFilterAlbumsWithInvalidUserId</b><br>Test class: com.emmanuelarhu.tests.AlbumsTest</td>
<td><div><pre>java.lang.AssertionError: 1 expectation failed.
Expected status code &lt;404&gt; but was &lt;200&gt;.

	at org.codehaus.groovy.runtime.callsite.ConstructorSite$ConstructorSiteNoUnwrapNoCoerce.callConstructor(ConstructorSite.java:108)
	at org.codehaus.groovy.runtime.callsite.AbstractCallSite.callConstructor(AbstractCallSite.java:277)
	at io.restassured.internal.ResponseSpecificationImpl$HamcrestAssertionClosure.validate(ResponseSpecificationImpl.groovy:512)
	at io.restassured.internal.ResponseSpecificationImpl$HamcrestAssertionClosure$validate$1.call(Unknown Source)
	at io.restassured.internal.ResponseSpecificationImpl.validateResponseIfRequired(ResponseSpecificationImpl.groovy:696)
	at io.restassured.internal.ResponseSpecificationImpl.this$2$validateResponseIfRequired(ResponseSpecificationImpl.groovy)
	at org.codehaus.groovy.runtime.callsite.PlainObjectMetaMethodSite.doInvoke(PlainObjectMetaMethodSite.java:43)
	at org.codehaus.groovy.runtime.callsite.PogoMetaMethodSite$PogoCachedMethodSiteNoUnwrapNoCoerce.invoke(PogoMetaMethodSite.java:198)
	at org.codehaus.groovy.runtime.callsite.PogoMetaMethodSite.callCurrent(PogoMetaMethodSite.java:62)
	at org.codehaus.groovy.runtime.callsite.AbstractCallSite.callCurrent(AbstractCallSite.java:185)
	at io.restassured.internal.ResponseSpecificationImpl.statusCode(ResponseSpecificationImpl.groovy:135)
	at io.restassured.specification.ResponseSpecification$statusCode$0.callCurrent(Unknown Source)
	at io.restassured.internal.ResponseSpecificationImpl.statusCode(ResponseSpecificationImpl.groovy:143)
	at io.restassured.internal.ValidatableResponseOptionsImpl.statusCode(ValidatableResponseOptionsImpl.java:89)
	at com.emmanuelarhu.tests.AlbumsTest.testFilterAlbumsWithInvalidUserId(AlbumsTest.java:257)
	at java.base/java.util.ArrayList.forEach(ArrayList.java:1596)
... Removed 36 stack frames</pre></div><a href='#' onClick='toggleBox("stack-trace1717168117", this, "Click to show all stack frames", "Click to hide stack frames")'>Click to show all stack frames</a>
<div class='stack-trace' id='stack-trace1717168117'><pre>java.lang.AssertionError: 1 expectation failed.
Expected status code &lt;404&gt; but was &lt;200&gt;.

	at java.base/jdk.internal.reflect.DirectConstructorHandleAccessor.newInstance(DirectConstructorHandleAccessor.java:62)
	at java.base/java.lang.reflect.Constructor.newInstanceWithCaller(Constructor.java:502)
	at java.base/java.lang.reflect.Constructor.newInstance(Constructor.java:486)
	at org.codehaus.groovy.reflection.CachedConstructor.invoke(CachedConstructor.java:73)
	at org.codehaus.groovy.runtime.callsite.ConstructorSite$ConstructorSiteNoUnwrapNoCoerce.callConstructor(ConstructorSite.java:108)
	at org.codehaus.groovy.runtime.callsite.AbstractCallSite.callConstructor(AbstractCallSite.java:277)
	at io.restassured.internal.ResponseSpecificationImpl$HamcrestAssertionClosure.validate(ResponseSpecificationImpl.groovy:512)
	at io.restassured.internal.ResponseSpecificationImpl$HamcrestAssertionClosure$validate$1.call(Unknown Source)
	at io.restassured.internal.ResponseSpecificationImpl.validateResponseIfRequired(ResponseSpecificationImpl.groovy:696)
	at io.restassured.internal.ResponseSpecificationImpl.this$2$validateResponseIfRequired(ResponseSpecificationImpl.groovy)
	at java.base/jdk.internal.reflect.DirectMethodHandleAccessor.invoke(DirectMethodHandleAccessor.java:103)
	at java.base/java.lang.reflect.Method.invoke(Method.java:580)
	at org.codehaus.groovy.runtime.callsite.PlainObjectMetaMethodSite.doInvoke(PlainObjectMetaMethodSite.java:43)
	at org.codehaus.groovy.runtime.callsite.PogoMetaMethodSite$PogoCachedMethodSiteNoUnwrapNoCoerce.invoke(PogoMetaMethodSite.java:198)
	at org.codehaus.groovy.runtime.callsite.PogoMetaMethodSite.callCurrent(PogoMetaMethodSite.java:62)
	at org.codehaus.groovy.runtime.callsite.AbstractCallSite.callCurrent(AbstractCallSite.java:185)
	at io.restassured.internal.ResponseSpecificationImpl.statusCode(ResponseSpecificationImpl.groovy:135)
	at io.restassured.specification.ResponseSpecification$statusCode$0.callCurrent(Unknown Source)
	at io.restassured.internal.ResponseSpecificationImpl.statusCode(ResponseSpecificationImpl.groovy:143)
	at io.restassured.internal.ValidatableResponseOptionsImpl.statusCode(ValidatableResponseOptionsImpl.java:89)
	at com.emmanuelarhu.tests.AlbumsTest.testFilterAlbumsWithInvalidUserId(AlbumsTest.java:257)
	at java.base/jdk.internal.reflect.DirectMethodHandleAccessor.invoke(DirectMethodHandleAccessor.java:103)
	at java.base/java.lang.reflect.Method.invoke(Method.java:580)
	at org.testng.internal.invokers.MethodInvocationHelper.invokeMethod(MethodInvocationHelper.java:139)
	at org.testng.internal.invokers.TestInvoker.invokeMethod(TestInvoker.java:664)
	at org.testng.internal.invokers.TestInvoker.invokeTestMethod(TestInvoker.java:227)
	at org.testng.internal.invokers.MethodRunner.runInSequence(MethodRunner.java:50)
	at org.testng.internal.invokers.TestInvoker$MethodInvocationAgent.invoke(TestInvoker.java:957)
	at org.testng.internal.invokers.TestInvoker.invokeTestMethods(TestInvoker.java:200)
	at org.testng.internal.invokers.TestMethodWorker.invokeTestMethods(TestMethodWorker.java:148)
	at org.testng.internal.invokers.TestMethodWorker.run(TestMethodWorker.java:128)
	at java.base/java.util.ArrayList.forEach(ArrayList.java:1596)
	at org.testng.TestRunner.privateRun(TestRunner.java:848)
	at org.testng.TestRunner.run(TestRunner.java:621)
	at org.testng.SuiteRunner.runTest(SuiteRunner.java:443)
	at org.testng.SuiteRunner.runSequentially(SuiteRunner.java:437)
	at org.testng.SuiteRunner.privateRun(SuiteRunner.java:397)
	at org.testng.SuiteRunner.run(SuiteRunner.java:336)
	at org.testng.SuiteRunnerWorker.runSuite(SuiteRunnerWorker.java:52)
	at org.testng.SuiteRunnerWorker.run(SuiteRunnerWorker.java:95)
	at org.testng.TestNG.runSuitesSequentially(TestNG.java:1280)
	at org.testng.TestNG.runSuitesLocally(TestNG.java:1200)
	at org.testng.TestNG.runSuites(TestNG.java:1114)
	at org.testng.TestNG.run(TestNG.java:1082)
	at org.apache.maven.surefire.testng.TestNGExecutor.run(TestNGExecutor.java:155)
	at org.apache.maven.surefire.testng.TestNGDirectoryTestSuite.executeMulti(TestNGDirectoryTestSuite.java:169)
	at org.apache.maven.surefire.testng.TestNGDirectoryTestSuite.execute(TestNGDirectoryTestSuite.java:88)
	at org.apache.maven.surefire.testng.TestNGProvider.invoke(TestNGProvider.java:137)
	at org.apache.maven.surefire.booter.ForkedBooter.runSuitesInProcess(ForkedBooter.java:385)
	at org.apache.maven.surefire.booter.ForkedBooter.execute(ForkedBooter.java:162)
	at org.apache.maven.surefire.booter.ForkedBooter.run(ForkedBooter.java:507)
	at org.apache.maven.surefire.booter.ForkedBooter.main(ForkedBooter.java:495)
</pre></div></td>
<td>0</td>
<td>com.emmanuelarhu.tests.AlbumsTest@6ef81f31</td></tr>
<tr>
<td title='com.emmanuelarhu.tests.UsersTest.testCreateUserWithInvalidData()'><b>testCreateUserWithInvalidData</b><br>Test class: com.emmanuelarhu.tests.UsersTest<br>Parameters: Test User, testuser, </td>
<td><div><pre>java.lang.AssertionError: Should receive a valid HTTP response code expected [true] but found [false]
	at com.emmanuelarhu.tests.UsersTest.testCreateUserWithInvalidData(UsersTest.java:193)
	at java.base/java.util.ArrayList.forEach(ArrayList.java:1596)
... Removed 33 stack frames</pre></div><a href='#' onClick='toggleBox("stack-trace310677160", this, "Click to show all stack frames", "Click to hide stack frames")'>Click to show all stack frames</a>
<div class='stack-trace' id='stack-trace310677160'><pre>java.lang.AssertionError: Should receive a valid HTTP response code expected [true] but found [false]
	at org.testng.Assert.fail(Assert.java:111)
	at org.testng.Assert.failNotEquals(Assert.java:1578)
	at org.testng.Assert.assertTrue(Assert.java:57)
	at com.emmanuelarhu.tests.UsersTest.testCreateUserWithInvalidData(UsersTest.java:193)
	at java.base/jdk.internal.reflect.DirectMethodHandleAccessor.invoke(DirectMethodHandleAccessor.java:103)
	at java.base/java.lang.reflect.Method.invoke(Method.java:580)
	at org.testng.internal.invokers.MethodInvocationHelper.invokeMethod(MethodInvocationHelper.java:139)
	at org.testng.internal.invokers.TestInvoker.invokeMethod(TestInvoker.java:664)
	at org.testng.internal.invokers.TestInvoker.invokeTestMethod(TestInvoker.java:227)
	at org.testng.internal.invokers.MethodRunner.runInSequence(MethodRunner.java:50)
	at org.testng.internal.invokers.TestInvoker$MethodInvocationAgent.invoke(TestInvoker.java:957)
	at org.testng.internal.invokers.TestInvoker.invokeTestMethods(TestInvoker.java:200)
	at org.testng.internal.invokers.TestMethodWorker.invokeTestMethods(TestMethodWorker.java:148)
	at org.testng.internal.invokers.TestMethodWorker.run(TestMethodWorker.java:128)
	at java.base/java.util.ArrayList.forEach(ArrayList.java:1596)
	at org.testng.TestRunner.privateRun(TestRunner.java:848)
	at org.testng.TestRunner.run(TestRunner.java:621)
	at org.testng.SuiteRunner.runTest(SuiteRunner.java:443)
	at org.testng.SuiteRunner.runSequentially(SuiteRunner.java:437)
	at org.testng.SuiteRunner.privateRun(SuiteRunner.java:397)
	at org.testng.SuiteRunner.run(SuiteRunner.java:336)
	at org.testng.SuiteRunnerWorker.runSuite(SuiteRunnerWorker.java:52)
	at org.testng.SuiteRunnerWorker.run(SuiteRunnerWorker.java:95)
	at org.testng.TestNG.runSuitesSequentially(TestNG.java:1280)
	at org.testng.TestNG.runSuitesLocally(TestNG.java:1200)
	at org.testng.TestNG.runSuites(TestNG.java:1114)
	at org.testng.TestNG.run(TestNG.java:1082)
	at org.apache.maven.surefire.testng.TestNGExecutor.run(TestNGExecutor.java:155)
	at org.apache.maven.surefire.testng.TestNGDirectoryTestSuite.executeMulti(TestNGDirectoryTestSuite.java:169)
	at org.apache.maven.surefire.testng.TestNGDirectoryTestSuite.execute(TestNGDirectoryTestSuite.java:88)
	at org.apache.maven.surefire.testng.TestNGProvider.invoke(TestNGProvider.java:137)
	at org.apache.maven.surefire.booter.ForkedBooter.runSuitesInProcess(ForkedBooter.java:385)
	at org.apache.maven.surefire.booter.ForkedBooter.execute(ForkedBooter.java:162)
	at org.apache.maven.surefire.booter.ForkedBooter.run(ForkedBooter.java:507)
	at org.apache.maven.surefire.booter.ForkedBooter.main(ForkedBooter.java:495)
</pre></div></td>
<td>0</td>
<td>com.emmanuelarhu.tests.UsersTest@273842a6</td></tr>
<tr>
<td title='com.emmanuelarhu.tests.PostsTest.testCreatePostWithInvalidData()'><b>testCreatePostWithInvalidData</b><br>Test class: com.emmanuelarhu.tests.PostsTest<br>Parameters: 0, 00, 52</td>
<td><div><pre>java.lang.AssertionError: Should receive a valid HTTP response code expected [true] but found [false]
	at com.emmanuelarhu.tests.PostsTest.testCreatePostWithInvalidData(PostsTest.java:285)
	at java.base/java.util.ArrayList.forEach(ArrayList.java:1596)
... Removed 33 stack frames</pre></div><a href='#' onClick='toggleBox("stack-trace1985368292", this, "Click to show all stack frames", "Click to hide stack frames")'>Click to show all stack frames</a>
<div class='stack-trace' id='stack-trace1985368292'><pre>java.lang.AssertionError: Should receive a valid HTTP response code expected [true] but found [false]
	at org.testng.Assert.fail(Assert.java:111)
	at org.testng.Assert.failNotEquals(Assert.java:1578)
	at org.testng.Assert.assertTrue(Assert.java:57)
	at com.emmanuelarhu.tests.PostsTest.testCreatePostWithInvalidData(PostsTest.java:285)
	at java.base/jdk.internal.reflect.DirectMethodHandleAccessor.invoke(DirectMethodHandleAccessor.java:103)
	at java.base/java.lang.reflect.Method.invoke(Method.java:580)
	at org.testng.internal.invokers.MethodInvocationHelper.invokeMethod(MethodInvocationHelper.java:139)
	at org.testng.internal.invokers.TestInvoker.invokeMethod(TestInvoker.java:664)
	at org.testng.internal.invokers.TestInvoker.invokeTestMethod(TestInvoker.java:227)
	at org.testng.internal.invokers.MethodRunner.runInSequence(MethodRunner.java:50)
	at org.testng.internal.invokers.TestInvoker$MethodInvocationAgent.invoke(TestInvoker.java:957)
	at org.testng.internal.invokers.TestInvoker.invokeTestMethods(TestInvoker.java:200)
	at org.testng.internal.invokers.TestMethodWorker.invokeTestMethods(TestMethodWorker.java:148)
	at org.testng.internal.invokers.TestMethodWorker.run(TestMethodWorker.java:128)
	at java.base/java.util.ArrayList.forEach(ArrayList.java:1596)
	at org.testng.TestRunner.privateRun(TestRunner.java:848)
	at org.testng.TestRunner.run(TestRunner.java:621)
	at org.testng.SuiteRunner.runTest(SuiteRunner.java:443)
	at org.testng.SuiteRunner.runSequentially(SuiteRunner.java:437)
	at org.testng.SuiteRunner.privateRun(SuiteRunner.java:397)
	at org.testng.SuiteRunner.run(SuiteRunner.java:336)
	at org.testng.SuiteRunnerWorker.runSuite(SuiteRunnerWorker.java:52)
	at org.testng.SuiteRunnerWorker.run(SuiteRunnerWorker.java:95)
	at org.testng.TestNG.runSuitesSequentially(TestNG.java:1280)
	at org.testng.TestNG.runSuitesLocally(TestNG.java:1200)
	at org.testng.TestNG.runSuites(TestNG.java:1114)
	at org.testng.TestNG.run(TestNG.java:1082)
	at org.apache.maven.surefire.testng.TestNGExecutor.run(TestNGExecutor.java:155)
	at org.apache.maven.surefire.testng.TestNGDirectoryTestSuite.executeMulti(TestNGDirectoryTestSuite.java:169)
	at org.apache.maven.surefire.testng.TestNGDirectoryTestSuite.execute(TestNGDirectoryTestSuite.java:88)
	at org.apache.maven.surefire.testng.TestNGProvider.invoke(TestNGProvider.java:137)
	at org.apache.maven.surefire.booter.ForkedBooter.runSuitesInProcess(ForkedBooter.java:385)
	at org.apache.maven.surefire.booter.ForkedBooter.execute(ForkedBooter.java:162)
	at org.apache.maven.surefire.booter.ForkedBooter.run(ForkedBooter.java:507)
	at org.apache.maven.surefire.booter.ForkedBooter.main(ForkedBooter.java:495)
</pre></div></td>
<td>0</td>
<td>com.emmanuelarhu.tests.PostsTest@551de37d</td></tr>
<tr>
<td title='com.emmanuelarhu.tests.CommentsTest.testCreateCommentWithInvalidData()'><b>testCreateCommentWithInvalidData</b><br>Test class: com.emmanuelarhu.tests.CommentsTest<br>Parameters: 0, Test Comment, test@example.com, Test body</td>
<td><div><pre>java.lang.AssertionError: Expected 404 Not Found for invalid comment creation expected [true] but found [false]
	at com.emmanuelarhu.tests.CommentsTest.testCreateCommentWithInvalidData(CommentsTest.java:215)
	at java.base/java.util.ArrayList.forEach(ArrayList.java:1596)
... Removed 33 stack frames</pre></div><a href='#' onClick='toggleBox("stack-trace2018614627", this, "Click to show all stack frames", "Click to hide stack frames")'>Click to show all stack frames</a>
<div class='stack-trace' id='stack-trace2018614627'><pre>java.lang.AssertionError: Expected 404 Not Found for invalid comment creation expected [true] but found [false]
	at org.testng.Assert.fail(Assert.java:111)
	at org.testng.Assert.failNotEquals(Assert.java:1578)
	at org.testng.Assert.assertTrue(Assert.java:57)
	at com.emmanuelarhu.tests.CommentsTest.testCreateCommentWithInvalidData(CommentsTest.java:215)
	at java.base/jdk.internal.reflect.DirectMethodHandleAccessor.invoke(DirectMethodHandleAccessor.java:103)
	at java.base/java.lang.reflect.Method.invoke(Method.java:580)
	at org.testng.internal.invokers.MethodInvocationHelper.invokeMethod(MethodInvocationHelper.java:139)
	at org.testng.internal.invokers.TestInvoker.invokeMethod(TestInvoker.java:664)
	at org.testng.internal.invokers.TestInvoker.invokeTestMethod(TestInvoker.java:227)
	at org.testng.internal.invokers.MethodRunner.runInSequence(MethodRunner.java:50)
	at org.testng.internal.invokers.TestInvoker$MethodInvocationAgent.invoke(TestInvoker.java:957)
	at org.testng.internal.invokers.TestInvoker.invokeTestMethods(TestInvoker.java:200)
	at org.testng.internal.invokers.TestMethodWorker.invokeTestMethods(TestMethodWorker.java:148)
	at org.testng.internal.invokers.TestMethodWorker.run(TestMethodWorker.java:128)
	at java.base/java.util.ArrayList.forEach(ArrayList.java:1596)
	at org.testng.TestRunner.privateRun(TestRunner.java:848)
	at org.testng.TestRunner.run(TestRunner.java:621)
	at org.testng.SuiteRunner.runTest(SuiteRunner.java:443)
	at org.testng.SuiteRunner.runSequentially(SuiteRunner.java:437)
	at org.testng.SuiteRunner.privateRun(SuiteRunner.java:397)
	at org.testng.SuiteRunner.run(SuiteRunner.java:336)
	at org.testng.SuiteRunnerWorker.runSuite(SuiteRunnerWorker.java:52)
	at org.testng.SuiteRunnerWorker.run(SuiteRunnerWorker.java:95)
	at org.testng.TestNG.runSuitesSequentially(TestNG.java:1280)
	at org.testng.TestNG.runSuitesLocally(TestNG.java:1200)
	at org.testng.TestNG.runSuites(TestNG.java:1114)
	at org.testng.TestNG.run(TestNG.java:1082)
	at org.apache.maven.surefire.testng.TestNGExecutor.run(TestNGExecutor.java:155)
	at org.apache.maven.surefire.testng.TestNGDirectoryTestSuite.executeMulti(TestNGDirectoryTestSuite.java:169)
	at org.apache.maven.surefire.testng.TestNGDirectoryTestSuite.execute(TestNGDirectoryTestSuite.java:88)
	at org.apache.maven.surefire.testng.TestNGProvider.invoke(TestNGProvider.java:137)
	at org.apache.maven.surefire.booter.ForkedBooter.runSuitesInProcess(ForkedBooter.java:385)
	at org.apache.maven.surefire.booter.ForkedBooter.execute(ForkedBooter.java:162)
	at org.apache.maven.surefire.booter.ForkedBooter.run(ForkedBooter.java:507)
	at org.apache.maven.surefire.booter.ForkedBooter.main(ForkedBooter.java:495)
</pre></div></td>
<td>0</td>
<td>com.emmanuelarhu.tests.CommentsTest@6075b2d3</td></tr>
<tr>
<td title='com.emmanuelarhu.tests.CommentsTest.testCreateCommentWithInvalidData()'><b>testCreateCommentWithInvalidData</b><br>Test class: com.emmanuelarhu.tests.CommentsTest<br>Parameters: 1, Test Comment, , Test body</td>
<td><div><pre>java.lang.AssertionError: Expected 404 Not Found for invalid comment creation expected [true] but found [false]
	at com.emmanuelarhu.tests.CommentsTest.testCreateCommentWithInvalidData(CommentsTest.java:215)
	at java.base/java.util.ArrayList.forEach(ArrayList.java:1596)
... Removed 33 stack frames</pre></div><a href='#' onClick='toggleBox("stack-trace1002804791", this, "Click to show all stack frames", "Click to hide stack frames")'>Click to show all stack frames</a>
<div class='stack-trace' id='stack-trace1002804791'><pre>java.lang.AssertionError: Expected 404 Not Found for invalid comment creation expected [true] but found [false]
	at org.testng.Assert.fail(Assert.java:111)
	at org.testng.Assert.failNotEquals(Assert.java:1578)
	at org.testng.Assert.assertTrue(Assert.java:57)
	at com.emmanuelarhu.tests.CommentsTest.testCreateCommentWithInvalidData(CommentsTest.java:215)
	at java.base/jdk.internal.reflect.DirectMethodHandleAccessor.invoke(DirectMethodHandleAccessor.java:103)
	at java.base/java.lang.reflect.Method.invoke(Method.java:580)
	at org.testng.internal.invokers.MethodInvocationHelper.invokeMethod(MethodInvocationHelper.java:139)
	at org.testng.internal.invokers.TestInvoker.invokeMethod(TestInvoker.java:664)
	at org.testng.internal.invokers.TestInvoker.invokeTestMethod(TestInvoker.java:227)
	at org.testng.internal.invokers.MethodRunner.runInSequence(MethodRunner.java:50)
	at org.testng.internal.invokers.TestInvoker$MethodInvocationAgent.invoke(TestInvoker.java:957)
	at org.testng.internal.invokers.TestInvoker.invokeTestMethods(TestInvoker.java:200)
	at org.testng.internal.invokers.TestMethodWorker.invokeTestMethods(TestMethodWorker.java:148)
	at org.testng.internal.invokers.TestMethodWorker.run(TestMethodWorker.java:128)
	at java.base/java.util.ArrayList.forEach(ArrayList.java:1596)
	at org.testng.TestRunner.privateRun(TestRunner.java:848)
	at org.testng.TestRunner.run(TestRunner.java:621)
	at org.testng.SuiteRunner.runTest(SuiteRunner.java:443)
	at org.testng.SuiteRunner.runSequentially(SuiteRunner.java:437)
	at org.testng.SuiteRunner.privateRun(SuiteRunner.java:397)
	at org.testng.SuiteRunner.run(SuiteRunner.java:336)
	at org.testng.SuiteRunnerWorker.runSuite(SuiteRunnerWorker.java:52)
	at org.testng.SuiteRunnerWorker.run(SuiteRunnerWorker.java:95)
	at org.testng.TestNG.runSuitesSequentially(TestNG.java:1280)
	at org.testng.TestNG.runSuitesLocally(TestNG.java:1200)
	at org.testng.TestNG.runSuites(TestNG.java:1114)
	at org.testng.TestNG.run(TestNG.java:1082)
	at org.apache.maven.surefire.testng.TestNGExecutor.run(TestNGExecutor.java:155)
	at org.apache.maven.surefire.testng.TestNGDirectoryTestSuite.executeMulti(TestNGDirectoryTestSuite.java:169)
	at org.apache.maven.surefire.testng.TestNGDirectoryTestSuite.execute(TestNGDirectoryTestSuite.java:88)
	at org.apache.maven.surefire.testng.TestNGProvider.invoke(TestNGProvider.java:137)
	at org.apache.maven.surefire.booter.ForkedBooter.runSuitesInProcess(ForkedBooter.java:385)
	at org.apache.maven.surefire.booter.ForkedBooter.execute(ForkedBooter.java:162)
	at org.apache.maven.surefire.booter.ForkedBooter.run(ForkedBooter.java:507)
	at org.apache.maven.surefire.booter.ForkedBooter.main(ForkedBooter.java:495)
</pre></div></td>
<td>0</td>
<td>com.emmanuelarhu.tests.CommentsTest@6075b2d3</td></tr>
<tr>
<td title='com.emmanuelarhu.tests.PostsTest.testCreatePostWithInvalidData()'><b>testCreatePostWithInvalidData</b><br>Test class: com.emmanuelarhu.tests.PostsTest<br>Parameters: -1, Test Post, Test content</td>
<td><div><pre>java.lang.AssertionError: Should receive a valid HTTP response code expected [true] but found [false]
	at com.emmanuelarhu.tests.PostsTest.testCreatePostWithInvalidData(PostsTest.java:285)
	at java.base/java.util.ArrayList.forEach(ArrayList.java:1596)
... Removed 33 stack frames</pre></div><a href='#' onClick='toggleBox("stack-trace135972201", this, "Click to show all stack frames", "Click to hide stack frames")'>Click to show all stack frames</a>
<div class='stack-trace' id='stack-trace135972201'><pre>java.lang.AssertionError: Should receive a valid HTTP response code expected [true] but found [false]
	at org.testng.Assert.fail(Assert.java:111)
	at org.testng.Assert.failNotEquals(Assert.java:1578)
	at org.testng.Assert.assertTrue(Assert.java:57)
	at com.emmanuelarhu.tests.PostsTest.testCreatePostWithInvalidData(PostsTest.java:285)
	at java.base/jdk.internal.reflect.DirectMethodHandleAccessor.invoke(DirectMethodHandleAccessor.java:103)
	at java.base/java.lang.reflect.Method.invoke(Method.java:580)
	at org.testng.internal.invokers.MethodInvocationHelper.invokeMethod(MethodInvocationHelper.java:139)
	at org.testng.internal.invokers.TestInvoker.invokeMethod(TestInvoker.java:664)
	at org.testng.internal.invokers.TestInvoker.invokeTestMethod(TestInvoker.java:227)
	at org.testng.internal.invokers.MethodRunner.runInSequence(MethodRunner.java:50)
	at org.testng.internal.invokers.TestInvoker$MethodInvocationAgent.invoke(TestInvoker.java:957)
	at org.testng.internal.invokers.TestInvoker.invokeTestMethods(TestInvoker.java:200)
	at org.testng.internal.invokers.TestMethodWorker.invokeTestMethods(TestMethodWorker.java:148)
	at org.testng.internal.invokers.TestMethodWorker.run(TestMethodWorker.java:128)
	at java.base/java.util.ArrayList.forEach(ArrayList.java:1596)
	at org.testng.TestRunner.privateRun(TestRunner.java:848)
	at org.testng.TestRunner.run(TestRunner.java:621)
	at org.testng.SuiteRunner.runTest(SuiteRunner.java:443)
	at org.testng.SuiteRunner.runSequentially(SuiteRunner.java:437)
	at org.testng.SuiteRunner.privateRun(SuiteRunner.java:397)
	at org.testng.SuiteRunner.run(SuiteRunner.java:336)
	at org.testng.SuiteRunnerWorker.runSuite(SuiteRunnerWorker.java:52)
	at org.testng.SuiteRunnerWorker.run(SuiteRunnerWorker.java:95)
	at org.testng.TestNG.runSuitesSequentially(TestNG.java:1280)
	at org.testng.TestNG.runSuitesLocally(TestNG.java:1200)
	at org.testng.TestNG.runSuites(TestNG.java:1114)
	at org.testng.TestNG.run(TestNG.java:1082)
	at org.apache.maven.surefire.testng.TestNGExecutor.run(TestNGExecutor.java:155)
	at org.apache.maven.surefire.testng.TestNGDirectoryTestSuite.executeMulti(TestNGDirectoryTestSuite.java:169)
	at org.apache.maven.surefire.testng.TestNGDirectoryTestSuite.execute(TestNGDirectoryTestSuite.java:88)
	at org.apache.maven.surefire.testng.TestNGProvider.invoke(TestNGProvider.java:137)
	at org.apache.maven.surefire.booter.ForkedBooter.runSuitesInProcess(ForkedBooter.java:385)
	at org.apache.maven.surefire.booter.ForkedBooter.execute(ForkedBooter.java:162)
	at org.apache.maven.surefire.booter.ForkedBooter.run(ForkedBooter.java:507)
	at org.apache.maven.surefire.booter.ForkedBooter.main(ForkedBooter.java:495)
</pre></div></td>
<td>0</td>
<td>com.emmanuelarhu.tests.PostsTest@551de37d</td></tr>
<tr>
<td title='com.emmanuelarhu.tests.CommentsTest.testCreateCommentWithInvalidData()'><b>testCreateCommentWithInvalidData</b><br>Test class: com.emmanuelarhu.tests.CommentsTest<br>Parameters: 1, , test@example.com, Test body</td>
<td><div><pre>java.lang.AssertionError: Expected 404 Not Found for invalid comment creation expected [true] but found [false]
	at com.emmanuelarhu.tests.CommentsTest.testCreateCommentWithInvalidData(CommentsTest.java:215)
	at java.base/java.util.ArrayList.forEach(ArrayList.java:1596)
... Removed 33 stack frames</pre></div><a href='#' onClick='toggleBox("stack-trace825935118", this, "Click to show all stack frames", "Click to hide stack frames")'>Click to show all stack frames</a>
<div class='stack-trace' id='stack-trace825935118'><pre>java.lang.AssertionError: Expected 404 Not Found for invalid comment creation expected [true] but found [false]
	at org.testng.Assert.fail(Assert.java:111)
	at org.testng.Assert.failNotEquals(Assert.java:1578)
	at org.testng.Assert.assertTrue(Assert.java:57)
	at com.emmanuelarhu.tests.CommentsTest.testCreateCommentWithInvalidData(CommentsTest.java:215)
	at java.base/jdk.internal.reflect.DirectMethodHandleAccessor.invoke(DirectMethodHandleAccessor.java:103)
	at java.base/java.lang.reflect.Method.invoke(Method.java:580)
	at org.testng.internal.invokers.MethodInvocationHelper.invokeMethod(MethodInvocationHelper.java:139)
	at org.testng.internal.invokers.TestInvoker.invokeMethod(TestInvoker.java:664)
	at org.testng.internal.invokers.TestInvoker.invokeTestMethod(TestInvoker.java:227)
	at org.testng.internal.invokers.MethodRunner.runInSequence(MethodRunner.java:50)
	at org.testng.internal.invokers.TestInvoker$MethodInvocationAgent.invoke(TestInvoker.java:957)
	at org.testng.internal.invokers.TestInvoker.invokeTestMethods(TestInvoker.java:200)
	at org.testng.internal.invokers.TestMethodWorker.invokeTestMethods(TestMethodWorker.java:148)
	at org.testng.internal.invokers.TestMethodWorker.run(TestMethodWorker.java:128)
	at java.base/java.util.ArrayList.forEach(ArrayList.java:1596)
	at org.testng.TestRunner.privateRun(TestRunner.java:848)
	at org.testng.TestRunner.run(TestRunner.java:621)
	at org.testng.SuiteRunner.runTest(SuiteRunner.java:443)
	at org.testng.SuiteRunner.runSequentially(SuiteRunner.java:437)
	at org.testng.SuiteRunner.privateRun(SuiteRunner.java:397)
	at org.testng.SuiteRunner.run(SuiteRunner.java:336)
	at org.testng.SuiteRunnerWorker.runSuite(SuiteRunnerWorker.java:52)
	at org.testng.SuiteRunnerWorker.run(SuiteRunnerWorker.java:95)
	at org.testng.TestNG.runSuitesSequentially(TestNG.java:1280)
	at org.testng.TestNG.runSuitesLocally(TestNG.java:1200)
	at org.testng.TestNG.runSuites(TestNG.java:1114)
	at org.testng.TestNG.run(TestNG.java:1082)
	at org.apache.maven.surefire.testng.TestNGExecutor.run(TestNGExecutor.java:155)
	at org.apache.maven.surefire.testng.TestNGDirectoryTestSuite.executeMulti(TestNGDirectoryTestSuite.java:169)
	at org.apache.maven.surefire.testng.TestNGDirectoryTestSuite.execute(TestNGDirectoryTestSuite.java:88)
	at org.apache.maven.surefire.testng.TestNGProvider.invoke(TestNGProvider.java:137)
	at org.apache.maven.surefire.booter.ForkedBooter.runSuitesInProcess(ForkedBooter.java:385)
	at org.apache.maven.surefire.booter.ForkedBooter.execute(ForkedBooter.java:162)
	at org.apache.maven.surefire.booter.ForkedBooter.run(ForkedBooter.java:507)
	at org.apache.maven.surefire.booter.ForkedBooter.main(ForkedBooter.java:495)
</pre></div></td>
<td>0</td>
<td>com.emmanuelarhu.tests.CommentsTest@6075b2d3</td></tr>
<tr>
<td title='com.emmanuelarhu.tests.UsersTest.testCreateUserWithInvalidData()'><b>testCreateUserWithInvalidData</b><br>Test class: com.emmanuelarhu.tests.UsersTest<br>Parameters: Test User, , test@example.com</td>
<td><div><pre>java.lang.AssertionError: Should receive a valid HTTP response code expected [true] but found [false]
	at com.emmanuelarhu.tests.UsersTest.testCreateUserWithInvalidData(UsersTest.java:193)
	at java.base/java.util.ArrayList.forEach(ArrayList.java:1596)
... Removed 33 stack frames</pre></div><a href='#' onClick='toggleBox("stack-trace1916468236", this, "Click to show all stack frames", "Click to hide stack frames")'>Click to show all stack frames</a>
<div class='stack-trace' id='stack-trace1916468236'><pre>java.lang.AssertionError: Should receive a valid HTTP response code expected [true] but found [false]
	at org.testng.Assert.fail(Assert.java:111)
	at org.testng.Assert.failNotEquals(Assert.java:1578)
	at org.testng.Assert.assertTrue(Assert.java:57)
	at com.emmanuelarhu.tests.UsersTest.testCreateUserWithInvalidData(UsersTest.java:193)
	at java.base/jdk.internal.reflect.DirectMethodHandleAccessor.invoke(DirectMethodHandleAccessor.java:103)
	at java.base/java.lang.reflect.Method.invoke(Method.java:580)
	at org.testng.internal.invokers.MethodInvocationHelper.invokeMethod(MethodInvocationHelper.java:139)
	at org.testng.internal.invokers.TestInvoker.invokeMethod(TestInvoker.java:664)
	at org.testng.internal.invokers.TestInvoker.invokeTestMethod(TestInvoker.java:227)
	at org.testng.internal.invokers.MethodRunner.runInSequence(MethodRunner.java:50)
	at org.testng.internal.invokers.TestInvoker$MethodInvocationAgent.invoke(TestInvoker.java:957)
	at org.testng.internal.invokers.TestInvoker.invokeTestMethods(TestInvoker.java:200)
	at org.testng.internal.invokers.TestMethodWorker.invokeTestMethods(TestMethodWorker.java:148)
	at org.testng.internal.invokers.TestMethodWorker.run(TestMethodWorker.java:128)
	at java.base/java.util.ArrayList.forEach(ArrayList.java:1596)
	at org.testng.TestRunner.privateRun(TestRunner.java:848)
	at org.testng.TestRunner.run(TestRunner.java:621)
	at org.testng.SuiteRunner.runTest(SuiteRunner.java:443)
	at org.testng.SuiteRunner.runSequentially(SuiteRunner.java:437)
	at org.testng.SuiteRunner.privateRun(SuiteRunner.java:397)
	at org.testng.SuiteRunner.run(SuiteRunner.java:336)
	at org.testng.SuiteRunnerWorker.runSuite(SuiteRunnerWorker.java:52)
	at org.testng.SuiteRunnerWorker.run(SuiteRunnerWorker.java:95)
	at org.testng.TestNG.runSuitesSequentially(TestNG.java:1280)
	at org.testng.TestNG.runSuitesLocally(TestNG.java:1200)
	at org.testng.TestNG.runSuites(TestNG.java:1114)
	at org.testng.TestNG.run(TestNG.java:1082)
	at org.apache.maven.surefire.testng.TestNGExecutor.run(TestNGExecutor.java:155)
	at org.apache.maven.surefire.testng.TestNGDirectoryTestSuite.executeMulti(TestNGDirectoryTestSuite.java:169)
	at org.apache.maven.surefire.testng.TestNGDirectoryTestSuite.execute(TestNGDirectoryTestSuite.java:88)
	at org.apache.maven.surefire.testng.TestNGProvider.invoke(TestNGProvider.java:137)
	at org.apache.maven.surefire.booter.ForkedBooter.runSuitesInProcess(ForkedBooter.java:385)
	at org.apache.maven.surefire.booter.ForkedBooter.execute(ForkedBooter.java:162)
	at org.apache.maven.surefire.booter.ForkedBooter.run(ForkedBooter.java:507)
	at org.apache.maven.surefire.booter.ForkedBooter.main(ForkedBooter.java:495)
</pre></div></td>
<td>0</td>
<td>com.emmanuelarhu.tests.UsersTest@273842a6</td></tr>
<tr>
<td title='com.emmanuelarhu.tests.PhotosTest.testDeleteNonExistentPhoto()'><b>testDeleteNonExistentPhoto</b><br>Test class: com.emmanuelarhu.tests.PhotosTest</td>
<td><div><pre>java.lang.AssertionError: 1 expectation failed.
Expected status code &lt;404&gt; but was &lt;200&gt;.

	at org.codehaus.groovy.runtime.callsite.ConstructorSite$ConstructorSiteNoUnwrapNoCoerce.callConstructor(ConstructorSite.java:108)
	at org.codehaus.groovy.runtime.callsite.AbstractCallSite.callConstructor(AbstractCallSite.java:277)
	at io.restassured.internal.ResponseSpecificationImpl$HamcrestAssertionClosure.validate(ResponseSpecificationImpl.groovy:512)
	at io.restassured.internal.ResponseSpecificationImpl$HamcrestAssertionClosure$validate$1.call(Unknown Source)
	at io.restassured.internal.ResponseSpecificationImpl.validateResponseIfRequired(ResponseSpecificationImpl.groovy:696)
	at io.restassured.internal.ResponseSpecificationImpl.this$2$validateResponseIfRequired(ResponseSpecificationImpl.groovy)
	at org.codehaus.groovy.runtime.callsite.PlainObjectMetaMethodSite.doInvoke(PlainObjectMetaMethodSite.java:43)
	at org.codehaus.groovy.runtime.callsite.PogoMetaMethodSite$PogoCachedMethodSiteNoUnwrapNoCoerce.invoke(PogoMetaMethodSite.java:198)
	at org.codehaus.groovy.runtime.callsite.PogoMetaMethodSite.callCurrent(PogoMetaMethodSite.java:62)
	at org.codehaus.groovy.runtime.callsite.AbstractCallSite.callCurrent(AbstractCallSite.java:185)
	at io.restassured.internal.ResponseSpecificationImpl.statusCode(ResponseSpecificationImpl.groovy:135)
	at io.restassured.specification.ResponseSpecification$statusCode$0.callCurrent(Unknown Source)
	at io.restassured.internal.ResponseSpecificationImpl.statusCode(ResponseSpecificationImpl.groovy:143)
	at io.restassured.internal.ValidatableResponseOptionsImpl.statusCode(ValidatableResponseOptionsImpl.java:89)
	at com.emmanuelarhu.tests.PhotosTest.testDeleteNonExistentPhoto(PhotosTest.java:287)
	at java.base/java.util.ArrayList.forEach(ArrayList.java:1596)
... Removed 36 stack frames</pre></div><a href='#' onClick='toggleBox("stack-trace35921939", this, "Click to show all stack frames", "Click to hide stack frames")'>Click to show all stack frames</a>
<div class='stack-trace' id='stack-trace35921939'><pre>java.lang.AssertionError: 1 expectation failed.
Expected status code &lt;404&gt; but was &lt;200&gt;.

	at java.base/jdk.internal.reflect.DirectConstructorHandleAccessor.newInstance(DirectConstructorHandleAccessor.java:62)
	at java.base/java.lang.reflect.Constructor.newInstanceWithCaller(Constructor.java:502)
	at java.base/java.lang.reflect.Constructor.newInstance(Constructor.java:486)
	at org.codehaus.groovy.reflection.CachedConstructor.invoke(CachedConstructor.java:73)
	at org.codehaus.groovy.runtime.callsite.ConstructorSite$ConstructorSiteNoUnwrapNoCoerce.callConstructor(ConstructorSite.java:108)
	at org.codehaus.groovy.runtime.callsite.AbstractCallSite.callConstructor(AbstractCallSite.java:277)
	at io.restassured.internal.ResponseSpecificationImpl$HamcrestAssertionClosure.validate(ResponseSpecificationImpl.groovy:512)
	at io.restassured.internal.ResponseSpecificationImpl$HamcrestAssertionClosure$validate$1.call(Unknown Source)
	at io.restassured.internal.ResponseSpecificationImpl.validateResponseIfRequired(ResponseSpecificationImpl.groovy:696)
	at io.restassured.internal.ResponseSpecificationImpl.this$2$validateResponseIfRequired(ResponseSpecificationImpl.groovy)
	at java.base/jdk.internal.reflect.DirectMethodHandleAccessor.invoke(DirectMethodHandleAccessor.java:103)
	at java.base/java.lang.reflect.Method.invoke(Method.java:580)
	at org.codehaus.groovy.runtime.callsite.PlainObjectMetaMethodSite.doInvoke(PlainObjectMetaMethodSite.java:43)
	at org.codehaus.groovy.runtime.callsite.PogoMetaMethodSite$PogoCachedMethodSiteNoUnwrapNoCoerce.invoke(PogoMetaMethodSite.java:198)
	at org.codehaus.groovy.runtime.callsite.PogoMetaMethodSite.callCurrent(PogoMetaMethodSite.java:62)
	at org.codehaus.groovy.runtime.callsite.AbstractCallSite.callCurrent(AbstractCallSite.java:185)
	at io.restassured.internal.ResponseSpecificationImpl.statusCode(ResponseSpecificationImpl.groovy:135)
	at io.restassured.specification.ResponseSpecification$statusCode$0.callCurrent(Unknown Source)
	at io.restassured.internal.ResponseSpecificationImpl.statusCode(ResponseSpecificationImpl.groovy:143)
	at io.restassured.internal.ValidatableResponseOptionsImpl.statusCode(ValidatableResponseOptionsImpl.java:89)
	at com.emmanuelarhu.tests.PhotosTest.testDeleteNonExistentPhoto(PhotosTest.java:287)
	at java.base/jdk.internal.reflect.DirectMethodHandleAccessor.invoke(DirectMethodHandleAccessor.java:103)
	at java.base/java.lang.reflect.Method.invoke(Method.java:580)
	at org.testng.internal.invokers.MethodInvocationHelper.invokeMethod(MethodInvocationHelper.java:139)
	at org.testng.internal.invokers.TestInvoker.invokeMethod(TestInvoker.java:664)
	at org.testng.internal.invokers.TestInvoker.invokeTestMethod(TestInvoker.java:227)
	at org.testng.internal.invokers.MethodRunner.runInSequence(MethodRunner.java:50)
	at org.testng.internal.invokers.TestInvoker$MethodInvocationAgent.invoke(TestInvoker.java:957)
	at org.testng.internal.invokers.TestInvoker.invokeTestMethods(TestInvoker.java:200)
	at org.testng.internal.invokers.TestMethodWorker.invokeTestMethods(TestMethodWorker.java:148)
	at org.testng.internal.invokers.TestMethodWorker.run(TestMethodWorker.java:128)
	at java.base/java.util.ArrayList.forEach(ArrayList.java:1596)
	at org.testng.TestRunner.privateRun(TestRunner.java:848)
	at org.testng.TestRunner.run(TestRunner.java:621)
	at org.testng.SuiteRunner.runTest(SuiteRunner.java:443)
	at org.testng.SuiteRunner.runSequentially(SuiteRunner.java:437)
	at org.testng.SuiteRunner.privateRun(SuiteRunner.java:397)
	at org.testng.SuiteRunner.run(SuiteRunner.java:336)
	at org.testng.SuiteRunnerWorker.runSuite(SuiteRunnerWorker.java:52)
	at org.testng.SuiteRunnerWorker.run(SuiteRunnerWorker.java:95)
	at org.testng.TestNG.runSuitesSequentially(TestNG.java:1280)
	at org.testng.TestNG.runSuitesLocally(TestNG.java:1200)
	at org.testng.TestNG.runSuites(TestNG.java:1114)
	at org.testng.TestNG.run(TestNG.java:1082)
	at org.apache.maven.surefire.testng.TestNGExecutor.run(TestNGExecutor.java:155)
	at org.apache.maven.surefire.testng.TestNGDirectoryTestSuite.executeMulti(TestNGDirectoryTestSuite.java:169)
	at org.apache.maven.surefire.testng.TestNGDirectoryTestSuite.execute(TestNGDirectoryTestSuite.java:88)
	at org.apache.maven.surefire.testng.TestNGProvider.invoke(TestNGProvider.java:137)
	at org.apache.maven.surefire.booter.ForkedBooter.runSuitesInProcess(ForkedBooter.java:385)
	at org.apache.maven.surefire.booter.ForkedBooter.execute(ForkedBooter.java:162)
	at org.apache.maven.surefire.booter.ForkedBooter.run(ForkedBooter.java:507)
	at org.apache.maven.surefire.booter.ForkedBooter.main(ForkedBooter.java:495)
</pre></div></td>
<td>0</td>
<td>com.emmanuelarhu.tests.PhotosTest@33abde31</td></tr>
<tr>
<td title='com.emmanuelarhu.tests.PostsTest.testCreatePostWithInvalidData()'><b>testCreatePostWithInvalidData</b><br>Test class: com.emmanuelarhu.tests.PostsTest<br>Parameters: 999, Test Post, Test content</td>
<td><div><pre>java.lang.AssertionError: Should receive a valid HTTP response code expected [true] but found [false]
	at com.emmanuelarhu.tests.PostsTest.testCreatePostWithInvalidData(PostsTest.java:285)
	at java.base/java.util.ArrayList.forEach(ArrayList.java:1596)
... Removed 33 stack frames</pre></div><a href='#' onClick='toggleBox("stack-trace1538065617", this, "Click to show all stack frames", "Click to hide stack frames")'>Click to show all stack frames</a>
<div class='stack-trace' id='stack-trace1538065617'><pre>java.lang.AssertionError: Should receive a valid HTTP response code expected [true] but found [false]
	at org.testng.Assert.fail(Assert.java:111)
	at org.testng.Assert.failNotEquals(Assert.java:1578)
	at org.testng.Assert.assertTrue(Assert.java:57)
	at com.emmanuelarhu.tests.PostsTest.testCreatePostWithInvalidData(PostsTest.java:285)
	at java.base/jdk.internal.reflect.DirectMethodHandleAccessor.invoke(DirectMethodHandleAccessor.java:103)
	at java.base/java.lang.reflect.Method.invoke(Method.java:580)
	at org.testng.internal.invokers.MethodInvocationHelper.invokeMethod(MethodInvocationHelper.java:139)
	at org.testng.internal.invokers.TestInvoker.invokeMethod(TestInvoker.java:664)
	at org.testng.internal.invokers.TestInvoker.invokeTestMethod(TestInvoker.java:227)
	at org.testng.internal.invokers.MethodRunner.runInSequence(MethodRunner.java:50)
	at org.testng.internal.invokers.TestInvoker$MethodInvocationAgent.invoke(TestInvoker.java:957)
	at org.testng.internal.invokers.TestInvoker.invokeTestMethods(TestInvoker.java:200)
	at org.testng.internal.invokers.TestMethodWorker.invokeTestMethods(TestMethodWorker.java:148)
	at org.testng.internal.invokers.TestMethodWorker.run(TestMethodWorker.java:128)
	at java.base/java.util.ArrayList.forEach(ArrayList.java:1596)
	at org.testng.TestRunner.privateRun(TestRunner.java:848)
	at org.testng.TestRunner.run(TestRunner.java:621)
	at org.testng.SuiteRunner.runTest(SuiteRunner.java:443)
	at org.testng.SuiteRunner.runSequentially(SuiteRunner.java:437)
	at org.testng.SuiteRunner.privateRun(SuiteRunner.java:397)
	at org.testng.SuiteRunner.run(SuiteRunner.java:336)
	at org.testng.SuiteRunnerWorker.runSuite(SuiteRunnerWorker.java:52)
	at org.testng.SuiteRunnerWorker.run(SuiteRunnerWorker.java:95)
	at org.testng.TestNG.runSuitesSequentially(TestNG.java:1280)
	at org.testng.TestNG.runSuitesLocally(TestNG.java:1200)
	at org.testng.TestNG.runSuites(TestNG.java:1114)
	at org.testng.TestNG.run(TestNG.java:1082)
	at org.apache.maven.surefire.testng.TestNGExecutor.run(TestNGExecutor.java:155)
	at org.apache.maven.surefire.testng.TestNGDirectoryTestSuite.executeMulti(TestNGDirectoryTestSuite.java:169)
	at org.apache.maven.surefire.testng.TestNGDirectoryTestSuite.execute(TestNGDirectoryTestSuite.java:88)
	at org.apache.maven.surefire.testng.TestNGProvider.invoke(TestNGProvider.java:137)
	at org.apache.maven.surefire.booter.ForkedBooter.runSuitesInProcess(ForkedBooter.java:385)
	at org.apache.maven.surefire.booter.ForkedBooter.execute(ForkedBooter.java:162)
	at org.apache.maven.surefire.booter.ForkedBooter.run(ForkedBooter.java:507)
	at org.apache.maven.surefire.booter.ForkedBooter.main(ForkedBooter.java:495)
</pre></div></td>
<td>0</td>
<td>com.emmanuelarhu.tests.PostsTest@551de37d</td></tr>
<tr>
<td title='com.emmanuelarhu.tests.UsersTest.testCreateUserWithInvalidData()'><b>testCreateUserWithInvalidData</b><br>Test class: com.emmanuelarhu.tests.UsersTest<br>Parameters: Test User, testuser, null</td>
<td><div><pre>java.lang.AssertionError: Should receive a valid HTTP response code expected [true] but found [false]
	at com.emmanuelarhu.tests.UsersTest.testCreateUserWithInvalidData(UsersTest.java:193)
	at java.base/java.util.ArrayList.forEach(ArrayList.java:1596)
... Removed 33 stack frames</pre></div><a href='#' onClick='toggleBox("stack-trace2084583614", this, "Click to show all stack frames", "Click to hide stack frames")'>Click to show all stack frames</a>
<div class='stack-trace' id='stack-trace2084583614'><pre>java.lang.AssertionError: Should receive a valid HTTP response code expected [true] but found [false]
	at org.testng.Assert.fail(Assert.java:111)
	at org.testng.Assert.failNotEquals(Assert.java:1578)
	at org.testng.Assert.assertTrue(Assert.java:57)
	at com.emmanuelarhu.tests.UsersTest.testCreateUserWithInvalidData(UsersTest.java:193)
	at java.base/jdk.internal.reflect.DirectMethodHandleAccessor.invoke(DirectMethodHandleAccessor.java:103)
	at java.base/java.lang.reflect.Method.invoke(Method.java:580)
	at org.testng.internal.invokers.MethodInvocationHelper.invokeMethod(MethodInvocationHelper.java:139)
	at org.testng.internal.invokers.TestInvoker.invokeMethod(TestInvoker.java:664)
	at org.testng.internal.invokers.TestInvoker.invokeTestMethod(TestInvoker.java:227)
	at org.testng.internal.invokers.MethodRunner.runInSequence(MethodRunner.java:50)
	at org.testng.internal.invokers.TestInvoker$MethodInvocationAgent.invoke(TestInvoker.java:957)
	at org.testng.internal.invokers.TestInvoker.invokeTestMethods(TestInvoker.java:200)
	at org.testng.internal.invokers.TestMethodWorker.invokeTestMethods(TestMethodWorker.java:148)
	at org.testng.internal.invokers.TestMethodWorker.run(TestMethodWorker.java:128)
	at java.base/java.util.ArrayList.forEach(ArrayList.java:1596)
	at org.testng.TestRunner.privateRun(TestRunner.java:848)
	at org.testng.TestRunner.run(TestRunner.java:621)
	at org.testng.SuiteRunner.runTest(SuiteRunner.java:443)
	at org.testng.SuiteRunner.runSequentially(SuiteRunner.java:437)
	at org.testng.SuiteRunner.privateRun(SuiteRunner.java:397)
	at org.testng.SuiteRunner.run(SuiteRunner.java:336)
	at org.testng.SuiteRunnerWorker.runSuite(SuiteRunnerWorker.java:52)
	at org.testng.SuiteRunnerWorker.run(SuiteRunnerWorker.java:95)
	at org.testng.TestNG.runSuitesSequentially(TestNG.java:1280)
	at org.testng.TestNG.runSuitesLocally(TestNG.java:1200)
	at org.testng.TestNG.runSuites(TestNG.java:1114)
	at org.testng.TestNG.run(TestNG.java:1082)
	at org.apache.maven.surefire.testng.TestNGExecutor.run(TestNGExecutor.java:155)
	at org.apache.maven.surefire.testng.TestNGDirectoryTestSuite.executeMulti(TestNGDirectoryTestSuite.java:169)
	at org.apache.maven.surefire.testng.TestNGDirectoryTestSuite.execute(TestNGDirectoryTestSuite.java:88)
	at org.apache.maven.surefire.testng.TestNGProvider.invoke(TestNGProvider.java:137)
	at org.apache.maven.surefire.booter.ForkedBooter.runSuitesInProcess(ForkedBooter.java:385)
	at org.apache.maven.surefire.booter.ForkedBooter.execute(ForkedBooter.java:162)
	at org.apache.maven.surefire.booter.ForkedBooter.run(ForkedBooter.java:507)
	at org.apache.maven.surefire.booter.ForkedBooter.main(ForkedBooter.java:495)
</pre></div></td>
<td>0</td>
<td>com.emmanuelarhu.tests.UsersTest@273842a6</td></tr>
</table><p>
<table width='100%' border='1' class='invocation-passed'>
<tr><td colspan='4' align='center'><b>PASSED TESTS</b></td></tr>
<tr><td><b>Test method</b></td>
<td><b>Attribute(s)</b></td>
<td width="30%"><b>Exception</b></td>
<td width="10%"><b>Time (seconds)</b></td>
<td><b>Instance</b></td>
</tr>
<tr>
<td title='com.emmanuelarhu.tests.PostsTest.testGetNonExistentPost()'><b>testGetNonExistentPost</b><br>Test class: com.emmanuelarhu.tests.PostsTest<br>Parameters: -1</td>
<td></td>
<td>0</td>
<td>com.emmanuelarhu.tests.PostsTest@551de37d</td></tr>
<tr>
<td title='com.emmanuelarhu.tests.AlbumsTest.testFilterAlbumsByUser()'><b>testFilterAlbumsByUser</b><br>Test class: com.emmanuelarhu.tests.AlbumsTest<br>Parameters: 3</td>
<td></td>
<td>0</td>
<td>com.emmanuelarhu.tests.AlbumsTest@6ef81f31</td></tr>
<tr>
<td title='com.emmanuelarhu.tests.AlbumsTest.testGetNonExistentAlbum()'><b>testGetNonExistentAlbum</b><br>Test class: com.emmanuelarhu.tests.AlbumsTest<br>Parameters: -1</td>
<td></td>
<td>0</td>
<td>com.emmanuelarhu.tests.AlbumsTest@6ef81f31</td></tr>
<tr>
<td title='com.emmanuelarhu.tests.TodosTest.testGetSingleTodo()'><b>testGetSingleTodo</b><br>Test class: com.emmanuelarhu.tests.TodosTest<br>Parameters: 1</td>
<td></td>
<td>0</td>
<td>com.emmanuelarhu.tests.TodosTest@997d532</td></tr>
<tr>
<td title='com.emmanuelarhu.tests.TodosTest.testGetAllTodos()'><b>testGetAllTodos</b><br>Test class: com.emmanuelarhu.tests.TodosTest</td>
<td></td>
<td>0</td>
<td>com.emmanuelarhu.tests.TodosTest@997d532</td></tr>
<tr>
<td title='com.emmanuelarhu.tests.UsersTest.testGetNonExistentUser()'><b>testGetNonExistentUser</b><br>Test class: com.emmanuelarhu.tests.UsersTest<br>Parameters: 11</td>
<td></td>
<td>0</td>
<td>com.emmanuelarhu.tests.UsersTest@273842a6</td></tr>
<tr>
<td title='com.emmanuelarhu.tests.AlbumsTest.testGetSingleAlbum()'><b>testGetSingleAlbum</b><br>Test class: com.emmanuelarhu.tests.AlbumsTest<br>Parameters: 1</td>
<td></td>
<td>0</td>
<td>com.emmanuelarhu.tests.AlbumsTest@6ef81f31</td></tr>
<tr>
<td title='com.emmanuelarhu.tests.PostsTest.testGetCommentsWithPostIdFilter()'><b>testGetCommentsWithPostIdFilter</b><br>Test class: com.emmanuelarhu.tests.PostsTest<br>Parameters: 1</td>
<td></td>
<td>0</td>
<td>com.emmanuelarhu.tests.PostsTest@551de37d</td></tr>
<tr>
<td title='com.emmanuelarhu.tests.CommentsTest.testFilterCommentsByPost()'><b>testFilterCommentsByPost</b><br>Test class: com.emmanuelarhu.tests.CommentsTest<br>Parameters: 3</td>
<td></td>
<td>0</td>
<td>com.emmanuelarhu.tests.CommentsTest@6075b2d3</td></tr>
<tr>
<td title='com.emmanuelarhu.tests.TodosTest.testGetNonExistentTodo()'><b>testGetNonExistentTodo</b><br>Test class: com.emmanuelarhu.tests.TodosTest<br>Parameters: 201</td>
<td></td>
<td>0</td>
<td>com.emmanuelarhu.tests.TodosTest@997d532</td></tr>
<tr>
<td title='com.emmanuelarhu.tests.TodosTest.testGetSingleTodo()'><b>testGetSingleTodo</b><br>Test class: com.emmanuelarhu.tests.TodosTest<br>Parameters: 5</td>
<td></td>
<td>0</td>
<td>com.emmanuelarhu.tests.TodosTest@997d532</td></tr>
<tr>
<td title='com.emmanuelarhu.tests.TodosTest.testGetNonExistentTodo()'><b>testGetNonExistentTodo</b><br>Test class: com.emmanuelarhu.tests.TodosTest<br>Parameters: 500</td>
<td></td>
<td>0</td>
<td>com.emmanuelarhu.tests.TodosTest@997d532</td></tr>
<tr>
<td title='com.emmanuelarhu.tests.CommentsTest.testUpdateComment()'><b>testUpdateComment</b><br>Test class: com.emmanuelarhu.tests.CommentsTest<br>Parameters: 2, Another Comment, another@example.com, Another comment content</td>
<td></td>
<td>0</td>
<td>com.emmanuelarhu.tests.CommentsTest@6075b2d3</td></tr>
<tr>
<td title='com.emmanuelarhu.tests.AlbumsTest.testGetAllAlbums()'><b>testGetAllAlbums</b><br>Test class: com.emmanuelarhu.tests.AlbumsTest</td>
<td></td>
<td>0</td>
<td>com.emmanuelarhu.tests.AlbumsTest@6ef81f31</td></tr>
<tr>
<td title='com.emmanuelarhu.tests.AlbumsTest.testGetSingleAlbum()'><b>testGetSingleAlbum</b><br>Test class: com.emmanuelarhu.tests.AlbumsTest<br>Parameters: 100</td>
<td></td>
<td>0</td>
<td>com.emmanuelarhu.tests.AlbumsTest@6ef81f31</td></tr>
<tr>
<td title='com.emmanuelarhu.tests.PostsTest.testCreateNewPost()'><b>testCreateNewPost</b><br>Test class: com.emmanuelarhu.tests.PostsTest<br>Parameters: 1, Sample Post, Sample post content for testing</td>
<td></td>
<td>0</td>
<td>com.emmanuelarhu.tests.PostsTest@551de37d</td></tr>
<tr>
<td title='com.emmanuelarhu.tests.AlbumsTest.testGetSingleAlbum()'><b>testGetSingleAlbum</b><br>Test class: com.emmanuelarhu.tests.AlbumsTest<br>Parameters: 50</td>
<td></td>
<td>0</td>
<td>com.emmanuelarhu.tests.AlbumsTest@6ef81f31</td></tr>
<tr>
<td title='com.emmanuelarhu.tests.AlbumsTest.testCreateNewAlbum()'><b>testCreateNewAlbum</b><br>Test class: com.emmanuelarhu.tests.AlbumsTest<br>Parameters: 1, Sample Album</td>
<td></td>
<td>0</td>
<td>com.emmanuelarhu.tests.AlbumsTest@6ef81f31</td></tr>
<tr>
<td title='com.emmanuelarhu.tests.PhotosTest.testCreateNewPhoto()'><b>testCreateNewPhoto</b><br>Test class: com.emmanuelarhu.tests.PhotosTest<br>Parameters: 1, Sample Photo, https://sample.com/pic.gif, https://sample.com/small.gif</td>
<td></td>
<td>0</td>
<td>com.emmanuelarhu.tests.PhotosTest@33abde31</td></tr>
<tr>
<td title='com.emmanuelarhu.tests.PostsTest.testGetSinglePost()'><b>testGetSinglePost</b><br>Test class: com.emmanuelarhu.tests.PostsTest<br>Parameters: 3</td>
<td></td>
<td>0</td>
<td>com.emmanuelarhu.tests.PostsTest@551de37d</td></tr>
<tr>
<td title='com.emmanuelarhu.tests.PostsTest.testDeletePost()'><b>testDeletePost</b><br>Test class: com.emmanuelarhu.tests.PostsTest</td>
<td></td>
<td>0</td>
<td>com.emmanuelarhu.tests.PostsTest@551de37d</td></tr>
<tr>
<td title='com.emmanuelarhu.tests.AlbumsTest.testGetSingleAlbum()'><b>testGetSingleAlbum</b><br>Test class: com.emmanuelarhu.tests.AlbumsTest<br>Parameters: 25</td>
<td></td>
<td>0</td>
<td>com.emmanuelarhu.tests.AlbumsTest@6ef81f31</td></tr>
<tr>
<td title='com.emmanuelarhu.tests.PostsTest.testGetSinglePost()'><b>testGetSinglePost</b><br>Test class: com.emmanuelarhu.tests.PostsTest<br>Parameters: 4</td>
<td></td>
<td>0</td>
<td>com.emmanuelarhu.tests.PostsTest@551de37d</td></tr>
<tr>
<td title='com.emmanuelarhu.tests.TodosTest.testGetSingleTodo()'><b>testGetSingleTodo</b><br>Test class: com.emmanuelarhu.tests.TodosTest<br>Parameters: 3</td>
<td></td>
<td>0</td>
<td>com.emmanuelarhu.tests.TodosTest@997d532</td></tr>
<tr>
<td title='com.emmanuelarhu.tests.UsersTest.testGetSingleUser()'><b>testGetSingleUser</b><br>Test class: com.emmanuelarhu.tests.UsersTest<br>Parameters: 6</td>
<td></td>
<td>0</td>
<td>com.emmanuelarhu.tests.UsersTest@273842a6</td></tr>
<tr>
<td title='com.emmanuelarhu.tests.CommentsTest.testGetNonExistentComment()'><b>testGetNonExistentComment</b><br>Test class: com.emmanuelarhu.tests.CommentsTest<br>Parameters: -1</td>
<td></td>
<td>0</td>
<td>com.emmanuelarhu.tests.CommentsTest@6075b2d3</td></tr>
<tr>
<td title='com.emmanuelarhu.tests.PhotosTest.testGetSinglePhoto()'><b>testGetSinglePhoto</b><br>Test class: com.emmanuelarhu.tests.PhotosTest<br>Parameters: 10</td>
<td></td>
<td>0</td>
<td>com.emmanuelarhu.tests.PhotosTest@33abde31</td></tr>
<tr>
<td title='com.emmanuelarhu.tests.TodosTest.testFilterTodosByCompletionStatus()'><b>testFilterTodosByCompletionStatus</b><br>Test class: com.emmanuelarhu.tests.TodosTest<br>Parameters: false</td>
<td></td>
<td>0</td>
<td>com.emmanuelarhu.tests.TodosTest@997d532</td></tr>
<tr>
<td title='com.emmanuelarhu.tests.PostsTest.testGetNonExistentPost()'><b>testGetNonExistentPost</b><br>Test class: com.emmanuelarhu.tests.PostsTest<br>Parameters: 500</td>
<td></td>
<td>0</td>
<td>com.emmanuelarhu.tests.PostsTest@551de37d</td></tr>
<tr>
<td title='com.emmanuelarhu.tests.AlbumsTest.testGetNonExistentAlbum()'><b>testGetNonExistentAlbum</b><br>Test class: com.emmanuelarhu.tests.AlbumsTest<br>Parameters: 0</td>
<td></td>
<td>0</td>
<td>com.emmanuelarhu.tests.AlbumsTest@6ef81f31</td></tr>
<tr>
<td title='com.emmanuelarhu.tests.PostsTest.testCreateNewPost()'><b>testCreateNewPost</b><br>Test class: com.emmanuelarhu.tests.PostsTest<br>Parameters: 1, Test Post Title, This is a test post body</td>
<td></td>
<td>0</td>
<td>com.emmanuelarhu.tests.PostsTest@551de37d</td></tr>
<tr>
<td title='com.emmanuelarhu.tests.PhotosTest.testGetNonExistentPhoto()'><b>testGetNonExistentPhoto</b><br>Test class: com.emmanuelarhu.tests.PhotosTest<br>Parameters: -1</td>
<td></td>
<td>0</td>
<td>com.emmanuelarhu.tests.PhotosTest@33abde31</td></tr>
<tr>
<td title='com.emmanuelarhu.tests.TodosTest.testGetSingleTodo()'><b>testGetSingleTodo</b><br>Test class: com.emmanuelarhu.tests.TodosTest<br>Parameters: 100</td>
<td></td>
<td>0</td>
<td>com.emmanuelarhu.tests.TodosTest@997d532</td></tr>
<tr>
<td title='com.emmanuelarhu.tests.TodosTest.testUpdateTodo()'><b>testUpdateTodo</b><br>Test class: com.emmanuelarhu.tests.TodosTest<br>Parameters: 1, Sample Todo, false</td>
<td></td>
<td>0</td>
<td>com.emmanuelarhu.tests.TodosTest@997d532</td></tr>
<tr>
<td title='com.emmanuelarhu.tests.PostsTest.testGetSinglePost()'><b>testGetSinglePost</b><br>Test class: com.emmanuelarhu.tests.PostsTest<br>Parameters: 75</td>
<td></td>
<td>0</td>
<td>com.emmanuelarhu.tests.PostsTest@551de37d</td></tr>
<tr>
<td title='com.emmanuelarhu.tests.AlbumsTest.testDeleteAlbum()'><b>testDeleteAlbum</b><br>Test class: com.emmanuelarhu.tests.AlbumsTest</td>
<td></td>
<td>0</td>
<td>com.emmanuelarhu.tests.AlbumsTest@6ef81f31</td></tr>
<tr>
<td title='com.emmanuelarhu.tests.UsersTest.testUpdateUser()'><b>testUpdateUser</b><br>Test class: com.emmanuelarhu.tests.UsersTest<br>Parameters: Jane Doe, janedoe, jane.doe@example.com</td>
<td></td>
<td>0</td>
<td>com.emmanuelarhu.tests.UsersTest@273842a6</td></tr>
<tr>
<td title='com.emmanuelarhu.tests.CommentsTest.testGetSingleComment()'><b>testGetSingleComment</b><br>Test class: com.emmanuelarhu.tests.CommentsTest<br>Parameters: 100</td>
<td></td>
<td>0</td>
<td>com.emmanuelarhu.tests.CommentsTest@6075b2d3</td></tr>
<tr>
<td title='com.emmanuelarhu.tests.CommentsTest.testUpdateComment()'><b>testUpdateComment</b><br>Test class: com.emmanuelarhu.tests.CommentsTest<br>Parameters: 1, Sample Comment, sample@example.com, Sample comment for testing</td>
<td></td>
<td>0</td>
<td>com.emmanuelarhu.tests.CommentsTest@6075b2d3</td></tr>
<tr>
<td title='com.emmanuelarhu.tests.UsersTest.testCreateNewUser()'><b>testCreateNewUser</b><br>Test class: com.emmanuelarhu.tests.UsersTest<br>Parameters: Jane Doe, janedoe, jane.doe@example.com</td>
<td></td>
<td>0</td>
<td>com.emmanuelarhu.tests.UsersTest@273842a6</td></tr>
<tr>
<td title='com.emmanuelarhu.tests.CommentsTest.testGetAllComments()'><b>testGetAllComments</b><br>Test class: com.emmanuelarhu.tests.CommentsTest</td>
<td></td>
<td>0</td>
<td>com.emmanuelarhu.tests.CommentsTest@6075b2d3</td></tr>
<tr>
<td title='com.emmanuelarhu.tests.TodosTest.testFilterTodosByUser()'><b>testFilterTodosByUser</b><br>Test class: com.emmanuelarhu.tests.TodosTest<br>Parameters: 2</td>
<td></td>
<td>0</td>
<td>com.emmanuelarhu.tests.TodosTest@997d532</td></tr>
<tr>
<td title='com.emmanuelarhu.tests.AlbumsTest.testGetNonExistentAlbum()'><b>testGetNonExistentAlbum</b><br>Test class: com.emmanuelarhu.tests.AlbumsTest<br>Parameters: 500</td>
<td></td>
<td>0</td>
<td>com.emmanuelarhu.tests.AlbumsTest@6ef81f31</td></tr>
<tr>
<td title='com.emmanuelarhu.tests.UsersTest.testCreateNewUser()'><b>testCreateNewUser</b><br>Test class: com.emmanuelarhu.tests.UsersTest<br>Parameters: Emmanuel Arhu, emmanuelarhu, emmanuel.arhu@amalitechtraining.org</td>
<td></td>
<td>0</td>
<td>com.emmanuelarhu.tests.UsersTest@273842a6</td></tr>
<tr>
<td title='com.emmanuelarhu.tests.PostsTest.testUpdatePost()'><b>testUpdatePost</b><br>Test class: com.emmanuelarhu.tests.PostsTest<br>Parameters: 2, Another Test Post, Another test post content</td>
<td></td>
<td>0</td>
<td>com.emmanuelarhu.tests.PostsTest@551de37d</td></tr>
<tr>
<td title='com.emmanuelarhu.tests.AlbumsTest.testGetSingleAlbum()'><b>testGetSingleAlbum</b><br>Test class: com.emmanuelarhu.tests.AlbumsTest<br>Parameters: 3</td>
<td></td>
<td>0</td>
<td>com.emmanuelarhu.tests.AlbumsTest@6ef81f31</td></tr>
<tr>
<td title='com.emmanuelarhu.tests.AlbumsTest.testUpdateAlbum()'><b>testUpdateAlbum</b><br>Test class: com.emmanuelarhu.tests.AlbumsTest<br>Parameters: 1, Test Album Title</td>
<td></td>
<td>0</td>
<td>com.emmanuelarhu.tests.AlbumsTest@6ef81f31</td></tr>
<tr>
<td title='com.emmanuelarhu.tests.PhotosTest.testCreatePhotoWithInvalidData()'><b>testCreatePhotoWithInvalidData</b><br>Test class: com.emmanuelarhu.tests.PhotosTest<br>Parameters: 1, Test Photo, , https://test.com/thumb.jpg</td>
<td></td>
<td>0</td>
<td>com.emmanuelarhu.tests.PhotosTest@33abde31</td></tr>
<tr>
<td title='com.emmanuelarhu.tests.PhotosTest.testGetSinglePhoto()'><b>testGetSinglePhoto</b><br>Test class: com.emmanuelarhu.tests.PhotosTest<br>Parameters: 2</td>
<td></td>
<td>0</td>
<td>com.emmanuelarhu.tests.PhotosTest@33abde31</td></tr>
<tr>
<td title='com.emmanuelarhu.tests.TodosTest.testDeleteTodo()'><b>testDeleteTodo</b><br>Test class: com.emmanuelarhu.tests.TodosTest</td>
<td></td>
<td>0</td>
<td>com.emmanuelarhu.tests.TodosTest@997d532</td></tr>
<tr>
<td title='com.emmanuelarhu.tests.PhotosTest.testGetSinglePhoto()'><b>testGetSinglePhoto</b><br>Test class: com.emmanuelarhu.tests.PhotosTest<br>Parameters: 4</td>
<td></td>
<td>0</td>
<td>com.emmanuelarhu.tests.PhotosTest@33abde31</td></tr>
<tr>
<td title='com.emmanuelarhu.tests.PhotosTest.testFilterPhotosByAlbum()'><b>testFilterPhotosByAlbum</b><br>Test class: com.emmanuelarhu.tests.PhotosTest<br>Parameters: 3</td>
<td></td>
<td>0</td>
<td>com.emmanuelarhu.tests.PhotosTest@33abde31</td></tr>
<tr>
<td title='com.emmanuelarhu.tests.CommentsTest.testFilterCommentsByPost()'><b>testFilterCommentsByPost</b><br>Test class: com.emmanuelarhu.tests.CommentsTest<br>Parameters: 4</td>
<td></td>
<td>0</td>
<td>com.emmanuelarhu.tests.CommentsTest@6075b2d3</td></tr>
<tr>
<td title='com.emmanuelarhu.tests.AlbumsTest.testGetSingleAlbum()'><b>testGetSingleAlbum</b><br>Test class: com.emmanuelarhu.tests.AlbumsTest<br>Parameters: 75</td>
<td></td>
<td>0</td>
<td>com.emmanuelarhu.tests.AlbumsTest@6ef81f31</td></tr>
<tr>
<td title='com.emmanuelarhu.tests.UsersTest.testCreateUserWithMalformedJson()'><b>testCreateUserWithMalformedJson</b><br>Test class: com.emmanuelarhu.tests.UsersTest</td>
<td></td>
<td>0</td>
<td>com.emmanuelarhu.tests.UsersTest@273842a6</td></tr>
<tr>
<td title='com.emmanuelarhu.tests.PhotosTest.testCreatePhotoWithInvalidData()'><b>testCreatePhotoWithInvalidData</b><br>Test class: com.emmanuelarhu.tests.PhotosTest<br>Parameters: 1, Test Photo, https://test.com/photo.jpg, </td>
<td></td>
<td>0</td>
<td>com.emmanuelarhu.tests.PhotosTest@33abde31</td></tr>
<tr>
<td title='com.emmanuelarhu.tests.TodosTest.testCreateNewTodo()'><b>testCreateNewTodo</b><br>Test class: com.emmanuelarhu.tests.TodosTest<br>Parameters: 1, Sample Todo, false</td>
<td></td>
<td>0</td>
<td>com.emmanuelarhu.tests.TodosTest@997d532</td></tr>
<tr>
<td title='com.emmanuelarhu.tests.PhotosTest.testCreatePhotoWithInvalidData()'><b>testCreatePhotoWithInvalidData</b><br>Test class: com.emmanuelarhu.tests.PhotosTest<br>Parameters: 1, null, https://test.com/photo.jpg, https://test.com/thumb.jpg</td>
<td></td>
<td>0</td>
<td>com.emmanuelarhu.tests.PhotosTest@33abde31</td></tr>
<tr>
<td title='com.emmanuelarhu.tests.TodosTest.testPatchTodo()'><b>testPatchTodo</b><br>Test class: com.emmanuelarhu.tests.TodosTest</td>
<td></td>
<td>0</td>
<td>com.emmanuelarhu.tests.TodosTest@997d532</td></tr>
<tr>
<td title='com.emmanuelarhu.tests.UsersTest.testGetSingleUser()'><b>testGetSingleUser</b><br>Test class: com.emmanuelarhu.tests.UsersTest<br>Parameters: 4</td>
<td></td>
<td>0</td>
<td>com.emmanuelarhu.tests.UsersTest@273842a6</td></tr>
<tr>
<td title='com.emmanuelarhu.tests.CommentsTest.testGetSingleComment()'><b>testGetSingleComment</b><br>Test class: com.emmanuelarhu.tests.CommentsTest<br>Parameters: 50</td>
<td></td>
<td>0</td>
<td>com.emmanuelarhu.tests.CommentsTest@6075b2d3</td></tr>
<tr>
<td title='com.emmanuelarhu.tests.PhotosTest.testFilterPhotosByAlbum()'><b>testFilterPhotosByAlbum</b><br>Test class: com.emmanuelarhu.tests.PhotosTest<br>Parameters: 1</td>
<td></td>
<td>0</td>
<td>com.emmanuelarhu.tests.PhotosTest@33abde31</td></tr>
<tr>
<td title='com.emmanuelarhu.tests.PhotosTest.testCreatePhotoWithInvalidData()'><b>testCreatePhotoWithInvalidData</b><br>Test class: com.emmanuelarhu.tests.PhotosTest<br>Parameters: 1, , https://test.com/photo.jpg, https://test.com/thumb.jpg</td>
<td></td>
<td>0</td>
<td>com.emmanuelarhu.tests.PhotosTest@33abde31</td></tr>
<tr>
<td title='com.emmanuelarhu.tests.TodosTest.testCreateNewTodo()'><b>testCreateNewTodo</b><br>Test class: com.emmanuelarhu.tests.TodosTest<br>Parameters: 2, Another Todo, true</td>
<td></td>
<td>0</td>
<td>com.emmanuelarhu.tests.TodosTest@997d532</td></tr>
<tr>
<td title='com.emmanuelarhu.tests.PostsTest.testPatchPost()'><b>testPatchPost</b><br>Test class: com.emmanuelarhu.tests.PostsTest</td>
<td></td>
<td>0</td>
<td>com.emmanuelarhu.tests.PostsTest@551de37d</td></tr>
<tr>
<td title='com.emmanuelarhu.tests.PhotosTest.testPatchPhoto()'><b>testPatchPhoto</b><br>Test class: com.emmanuelarhu.tests.PhotosTest</td>
<td></td>
<td>0</td>
<td>com.emmanuelarhu.tests.PhotosTest@33abde31</td></tr>
<tr>
<td title='com.emmanuelarhu.tests.TodosTest.testGetSingleTodo()'><b>testGetSingleTodo</b><br>Test class: com.emmanuelarhu.tests.TodosTest<br>Parameters: 2</td>
<td></td>
<td>0</td>
<td>com.emmanuelarhu.tests.TodosTest@997d532</td></tr>
<tr>
<td title='com.emmanuelarhu.tests.UsersTest.testGetNonExistentUser()'><b>testGetNonExistentUser</b><br>Test class: com.emmanuelarhu.tests.UsersTest<br>Parameters: 100</td>
<td></td>
<td>0</td>
<td>com.emmanuelarhu.tests.UsersTest@273842a6</td></tr>
<tr>
<td title='com.emmanuelarhu.tests.PhotosTest.testGetNonExistentPhoto()'><b>testGetNonExistentPhoto</b><br>Test class: com.emmanuelarhu.tests.PhotosTest<br>Parameters: 9999</td>
<td></td>
<td>0</td>
<td>com.emmanuelarhu.tests.PhotosTest@33abde31</td></tr>
<tr>
<td title='com.emmanuelarhu.tests.TodosTest.testGetNonExistentTodo()'><b>testGetNonExistentTodo</b><br>Test class: com.emmanuelarhu.tests.TodosTest<br>Parameters: 999</td>
<td></td>
<td>0</td>
<td>com.emmanuelarhu.tests.TodosTest@997d532</td></tr>
<tr>
<td title='com.emmanuelarhu.tests.CommentsTest.testCreateNewComment()'><b>testCreateNewComment</b><br>Test class: com.emmanuelarhu.tests.CommentsTest<br>Parameters: 2, Another Comment, another@example.com, Another comment content</td>
<td></td>
<td>0</td>
<td>com.emmanuelarhu.tests.CommentsTest@6075b2d3</td></tr>
<tr>
<td title='com.emmanuelarhu.tests.PostsTest.testGetNonExistentPost()'><b>testGetNonExistentPost</b><br>Test class: com.emmanuelarhu.tests.PostsTest<br>Parameters: 999</td>
<td></td>
<td>0</td>
<td>com.emmanuelarhu.tests.PostsTest@551de37d</td></tr>
<tr>
<td title='com.emmanuelarhu.tests.CommentsTest.testGetSingleComment()'><b>testGetSingleComment</b><br>Test class: com.emmanuelarhu.tests.CommentsTest<br>Parameters: 250</td>
<td></td>
<td>0</td>
<td>com.emmanuelarhu.tests.CommentsTest@6075b2d3</td></tr>
<tr>
<td title='com.emmanuelarhu.tests.PhotosTest.testGetNonExistentPhoto()'><b>testGetNonExistentPhoto</b><br>Test class: com.emmanuelarhu.tests.PhotosTest<br>Parameters: 0</td>
<td></td>
<td>0</td>
<td>com.emmanuelarhu.tests.PhotosTest@33abde31</td></tr>
<tr>
<td title='com.emmanuelarhu.tests.PhotosTest.testGetSinglePhoto()'><b>testGetSinglePhoto</b><br>Test class: com.emmanuelarhu.tests.PhotosTest<br>Parameters: 5000</td>
<td></td>
<td>0</td>
<td>com.emmanuelarhu.tests.PhotosTest@33abde31</td></tr>
<tr>
<td title='com.emmanuelarhu.tests.PhotosTest.testCreatePhotoWithInvalidData()'><b>testCreatePhotoWithInvalidData</b><br>Test class: com.emmanuelarhu.tests.PhotosTest<br>Parameters: 1, Test Photo, null, https://test.com/thumb.jpg</td>
<td></td>
<td>0</td>
<td>com.emmanuelarhu.tests.PhotosTest@33abde31</td></tr>
<tr>
<td title='com.emmanuelarhu.tests.PostsTest.testGetAllPosts()'><b>testGetAllPosts</b><br>Test class: com.emmanuelarhu.tests.PostsTest</td>
<td></td>
<td>3</td>
<td>com.emmanuelarhu.tests.PostsTest@551de37d</td></tr>
<tr>
<td title='com.emmanuelarhu.tests.CommentsTest.testGetSingleComment()'><b>testGetSingleComment</b><br>Test class: com.emmanuelarhu.tests.CommentsTest<br>Parameters: 1</td>
<td></td>
<td>0</td>
<td>com.emmanuelarhu.tests.CommentsTest@6075b2d3</td></tr>
<tr>
<td title='com.emmanuelarhu.tests.PhotosTest.testUpdatePhoto()'><b>testUpdatePhoto</b><br>Test class: com.emmanuelarhu.tests.PhotosTest<br>Parameters: 2, Another Photo, https://example.com/image.png, https://example.com/thumbnail.png</td>
<td></td>
<td>0</td>
<td>com.emmanuelarhu.tests.PhotosTest@33abde31</td></tr>
<tr>
<td title='com.emmanuelarhu.tests.PhotosTest.testCreatePhotoWithInvalidData()'><b>testCreatePhotoWithInvalidData</b><br>Test class: com.emmanuelarhu.tests.PhotosTest<br>Parameters: 0, Test Photo, https://test.com/photo.jpg, https://test.com/thumb.jpg</td>
<td></td>
<td>0</td>
<td>com.emmanuelarhu.tests.PhotosTest@33abde31</td></tr>
<tr>
<td title='com.emmanuelarhu.tests.PostsTest.testUpdatePost()'><b>testUpdatePost</b><br>Test class: com.emmanuelarhu.tests.PostsTest<br>Parameters: 1, Sample Post, Sample post content for testing</td>
<td></td>
<td>0</td>
<td>com.emmanuelarhu.tests.PostsTest@551de37d</td></tr>
<tr>
<td title='com.emmanuelarhu.tests.UsersTest.testGetSingleUser()'><b>testGetSingleUser</b><br>Test class: com.emmanuelarhu.tests.UsersTest<br>Parameters: 7</td>
<td></td>
<td>0</td>
<td>com.emmanuelarhu.tests.UsersTest@273842a6</td></tr>
<tr>
<td title='com.emmanuelarhu.tests.AlbumsTest.testGetSingleAlbum()'><b>testGetSingleAlbum</b><br>Test class: com.emmanuelarhu.tests.AlbumsTest<br>Parameters: 10</td>
<td></td>
<td>0</td>
<td>com.emmanuelarhu.tests.AlbumsTest@6ef81f31</td></tr>
<tr>
<td title='com.emmanuelarhu.tests.PhotosTest.testCreateNewPhoto()'><b>testCreateNewPhoto</b><br>Test class: com.emmanuelarhu.tests.PhotosTest<br>Parameters: 2, Another Photo, https://example.com/image.png, https://example.com/thumbnail.png</td>
<td></td>
<td>0</td>
<td>com.emmanuelarhu.tests.PhotosTest@33abde31</td></tr>
<tr>
<td title='com.emmanuelarhu.tests.UsersTest.testGetSingleUser()'><b>testGetSingleUser</b><br>Test class: com.emmanuelarhu.tests.UsersTest<br>Parameters: 2</td>
<td></td>
<td>0</td>
<td>com.emmanuelarhu.tests.UsersTest@273842a6</td></tr>
<tr>
<td title='com.emmanuelarhu.tests.PostsTest.testGetSinglePost()'><b>testGetSinglePost</b><br>Test class: com.emmanuelarhu.tests.PostsTest<br>Parameters: 50</td>
<td></td>
<td>0</td>
<td>com.emmanuelarhu.tests.PostsTest@551de37d</td></tr>
<tr>
<td title='com.emmanuelarhu.tests.TodosTest.testGetSingleTodo()'><b>testGetSingleTodo</b><br>Test class: com.emmanuelarhu.tests.TodosTest<br>Parameters: 50</td>
<td></td>
<td>0</td>
<td>com.emmanuelarhu.tests.TodosTest@997d532</td></tr>
<tr>
<td title='com.emmanuelarhu.tests.CommentsTest.testGetSingleComment()'><b>testGetSingleComment</b><br>Test class: com.emmanuelarhu.tests.CommentsTest<br>Parameters: 500</td>
<td></td>
<td>0</td>
<td>com.emmanuelarhu.tests.CommentsTest@6075b2d3</td></tr>
<tr>
<td title='com.emmanuelarhu.tests.PhotosTest.testDeletePhoto()'><b>testDeletePhoto</b><br>Test class: com.emmanuelarhu.tests.PhotosTest</td>
<td></td>
<td>0</td>
<td>com.emmanuelarhu.tests.PhotosTest@33abde31</td></tr>
<tr>
<td title='com.emmanuelarhu.tests.PostsTest.testGetCommentsWithPostIdFilter()'><b>testGetCommentsWithPostIdFilter</b><br>Test class: com.emmanuelarhu.tests.PostsTest<br>Parameters: 2</td>
<td></td>
<td>0</td>
<td>com.emmanuelarhu.tests.PostsTest@551de37d</td></tr>
<tr>
<td title='com.emmanuelarhu.tests.AlbumsTest.testGetSingleAlbum()'><b>testGetSingleAlbum</b><br>Test class: com.emmanuelarhu.tests.AlbumsTest<br>Parameters: 2</td>
<td></td>
<td>0</td>
<td>com.emmanuelarhu.tests.AlbumsTest@6ef81f31</td></tr>
<tr>
<td title='com.emmanuelarhu.tests.PostsTest.testGetCommentsWithPostIdFilter()'><b>testGetCommentsWithPostIdFilter</b><br>Test class: com.emmanuelarhu.tests.PostsTest<br>Parameters: 3</td>
<td></td>
<td>0</td>
<td>com.emmanuelarhu.tests.PostsTest@551de37d</td></tr>
<tr>
<td title='com.emmanuelarhu.tests.PostsTest.testGetSinglePost()'><b>testGetSinglePost</b><br>Test class: com.emmanuelarhu.tests.PostsTest<br>Parameters: 1</td>
<td></td>
<td>0</td>
<td>com.emmanuelarhu.tests.PostsTest@551de37d</td></tr>
<tr>
<td title='com.emmanuelarhu.tests.UsersTest.testDeleteUser()'><b>testDeleteUser</b><br>Test class: com.emmanuelarhu.tests.UsersTest</td>
<td></td>
<td>0</td>
<td>com.emmanuelarhu.tests.UsersTest@273842a6</td></tr>
<tr>
<td title='com.emmanuelarhu.tests.PostsTest.testUpdatePost()'><b>testUpdatePost</b><br>Test class: com.emmanuelarhu.tests.PostsTest<br>Parameters: 1, Test Post Title, This is a test post body</td>
<td></td>
<td>0</td>
<td>com.emmanuelarhu.tests.PostsTest@551de37d</td></tr>
<tr>
<td title='com.emmanuelarhu.tests.TodosTest.testCreateTodoWithMalformedJson()'><b>testCreateTodoWithMalformedJson</b><br>Test class: com.emmanuelarhu.tests.TodosTest</td>
<td></td>
<td>0</td>
<td>com.emmanuelarhu.tests.TodosTest@997d532</td></tr>
<tr>
<td title='com.emmanuelarhu.tests.PostsTest.testGetSinglePost()'><b>testGetSinglePost</b><br>Test class: com.emmanuelarhu.tests.PostsTest<br>Parameters: 2</td>
<td></td>
<td>0</td>
<td>com.emmanuelarhu.tests.PostsTest@551de37d</td></tr>
<tr>
<td title='com.emmanuelarhu.tests.CommentsTest.testGetSingleComment()'><b>testGetSingleComment</b><br>Test class: com.emmanuelarhu.tests.CommentsTest<br>Parameters: 10</td>
<td></td>
<td>0</td>
<td>com.emmanuelarhu.tests.CommentsTest@6075b2d3</td></tr>
<tr>
<td title='com.emmanuelarhu.tests.PostsTest.testGetNonExistentPost()'><b>testGetNonExistentPost</b><br>Test class: com.emmanuelarhu.tests.PostsTest<br>Parameters: 0</td>
<td></td>
<td>0</td>
<td>com.emmanuelarhu.tests.PostsTest@551de37d</td></tr>
<tr>
<td title='com.emmanuelarhu.tests.PostsTest.testGetSinglePost()'><b>testGetSinglePost</b><br>Test class: com.emmanuelarhu.tests.PostsTest<br>Parameters: 10</td>
<td></td>
<td>0</td>
<td>com.emmanuelarhu.tests.PostsTest@551de37d</td></tr>
<tr>
<td title='com.emmanuelarhu.tests.PhotosTest.testCreatePhotoWithInvalidData()'><b>testCreatePhotoWithInvalidData</b><br>Test class: com.emmanuelarhu.tests.PhotosTest<br>Parameters: 999, Test Photo, https://test.com/photo.jpg, https://test.com/thumb.jpg</td>
<td></td>
<td>0</td>
<td>com.emmanuelarhu.tests.PhotosTest@33abde31</td></tr>
<tr>
<td title='com.emmanuelarhu.tests.UsersTest.testGetSingleUser()'><b>testGetSingleUser</b><br>Test class: com.emmanuelarhu.tests.UsersTest<br>Parameters: 1</td>
<td></td>
<td>0</td>
<td>com.emmanuelarhu.tests.UsersTest@273842a6</td></tr>
<tr>
<td title='com.emmanuelarhu.tests.PhotosTest.testGetSinglePhoto()'><b>testGetSinglePhoto</b><br>Test class: com.emmanuelarhu.tests.PhotosTest<br>Parameters: 500</td>
<td></td>
<td>0</td>
<td>com.emmanuelarhu.tests.PhotosTest@33abde31</td></tr>
<tr>
<td title='com.emmanuelarhu.tests.UsersTest.testGetNonExistentUser()'><b>testGetNonExistentUser</b><br>Test class: com.emmanuelarhu.tests.UsersTest<br>Parameters: 0</td>
<td></td>
<td>0</td>
<td>com.emmanuelarhu.tests.UsersTest@273842a6</td></tr>
<tr>
<td title='com.emmanuelarhu.tests.CommentsTest.testGetSingleComment()'><b>testGetSingleComment</b><br>Test class: com.emmanuelarhu.tests.CommentsTest<br>Parameters: 2</td>
<td></td>
<td>0</td>
<td>com.emmanuelarhu.tests.CommentsTest@6075b2d3</td></tr>
<tr>
<td title='com.emmanuelarhu.tests.CommentsTest.testGetSingleComment()'><b>testGetSingleComment</b><br>Test class: com.emmanuelarhu.tests.CommentsTest<br>Parameters: 4</td>
<td></td>
<td>0</td>
<td>com.emmanuelarhu.tests.CommentsTest@6075b2d3</td></tr>
<tr>
<td title='com.emmanuelarhu.tests.PhotosTest.testCreatePhotoWithInvalidData()'><b>testCreatePhotoWithInvalidData</b><br>Test class: com.emmanuelarhu.tests.PhotosTest<br>Parameters: 1, Test Photo, https://test.com/photo.jpg, null</td>
<td></td>
<td>0</td>
<td>com.emmanuelarhu.tests.PhotosTest@33abde31</td></tr>
<tr>
<td title='com.emmanuelarhu.tests.PostsTest.testGetCommentsWithPostIdFilter()'><b>testGetCommentsWithPostIdFilter</b><br>Test class: com.emmanuelarhu.tests.PostsTest<br>Parameters: 4</td>
<td></td>
<td>0</td>
<td>com.emmanuelarhu.tests.PostsTest@551de37d</td></tr>
<tr>
<td title='com.emmanuelarhu.tests.CommentsTest.testGetNonExistentComment()'><b>testGetNonExistentComment</b><br>Test class: com.emmanuelarhu.tests.CommentsTest<br>Parameters: 501</td>
<td></td>
<td>0</td>
<td>com.emmanuelarhu.tests.CommentsTest@6075b2d3</td></tr>
<tr>
<td title='com.emmanuelarhu.tests.PhotosTest.testGetNonExistentPhoto()'><b>testGetNonExistentPhoto</b><br>Test class: com.emmanuelarhu.tests.PhotosTest<br>Parameters: 5001</td>
<td></td>
<td>0</td>
<td>com.emmanuelarhu.tests.PhotosTest@33abde31</td></tr>
<tr>
<td title='com.emmanuelarhu.tests.AlbumsTest.testGetSingleAlbum()'><b>testGetSingleAlbum</b><br>Test class: com.emmanuelarhu.tests.AlbumsTest<br>Parameters: 5</td>
<td></td>
<td>0</td>
<td>com.emmanuelarhu.tests.AlbumsTest@6ef81f31</td></tr>
<tr>
<td title='com.emmanuelarhu.tests.CommentsTest.testDeleteComment()'><b>testDeleteComment</b><br>Test class: com.emmanuelarhu.tests.CommentsTest</td>
<td></td>
<td>0</td>
<td>com.emmanuelarhu.tests.CommentsTest@6075b2d3</td></tr>
<tr>
<td title='com.emmanuelarhu.tests.UsersTest.testGetSingleUser()'><b>testGetSingleUser</b><br>Test class: com.emmanuelarhu.tests.UsersTest<br>Parameters: 8</td>
<td></td>
<td>0</td>
<td>com.emmanuelarhu.tests.UsersTest@273842a6</td></tr>
<tr>
<td title='com.emmanuelarhu.tests.PhotosTest.testUpdatePhoto()'><b>testUpdatePhoto</b><br>Test class: com.emmanuelarhu.tests.PhotosTest<br>Parameters: 1, Test Photo, https://test.com/photo.jpg, https://test.com/thumb.jpg</td>
<td></td>
<td>0</td>
<td>com.emmanuelarhu.tests.PhotosTest@33abde31</td></tr>
<tr>
<td title='com.emmanuelarhu.tests.PhotosTest.testFilterPhotosByAlbum()'><b>testFilterPhotosByAlbum</b><br>Test class: com.emmanuelarhu.tests.PhotosTest<br>Parameters: 5</td>
<td></td>
<td>0</td>
<td>com.emmanuelarhu.tests.PhotosTest@33abde31</td></tr>
<tr>
<td title='com.emmanuelarhu.tests.TodosTest.testGetNonExistentTodo()'><b>testGetNonExistentTodo</b><br>Test class: com.emmanuelarhu.tests.TodosTest<br>Parameters: -1</td>
<td></td>
<td>0</td>
<td>com.emmanuelarhu.tests.TodosTest@997d532</td></tr>
<tr>
<td title='com.emmanuelarhu.tests.AlbumsTest.testGetSingleAlbum()'><b>testGetSingleAlbum</b><br>Test class: com.emmanuelarhu.tests.AlbumsTest<br>Parameters: 4</td>
<td></td>
<td>0</td>
<td>com.emmanuelarhu.tests.AlbumsTest@6ef81f31</td></tr>
<tr>
<td title='com.emmanuelarhu.tests.TodosTest.testFilterTodosByUser()'><b>testFilterTodosByUser</b><br>Test class: com.emmanuelarhu.tests.TodosTest<br>Parameters: 3</td>
<td></td>
<td>0</td>
<td>com.emmanuelarhu.tests.TodosTest@997d532</td></tr>
<tr>
<td title='com.emmanuelarhu.tests.CommentsTest.testGetSingleComment()'><b>testGetSingleComment</b><br>Test class: com.emmanuelarhu.tests.CommentsTest<br>Parameters: 3</td>
<td></td>
<td>0</td>
<td>com.emmanuelarhu.tests.CommentsTest@6075b2d3</td></tr>
<tr>
<td title='com.emmanuelarhu.tests.PostsTest.testCreatePostWithMalformedJson()'><b>testCreatePostWithMalformedJson</b><br>Test class: com.emmanuelarhu.tests.PostsTest</td>
<td></td>
<td>0</td>
<td>com.emmanuelarhu.tests.PostsTest@551de37d</td></tr>
<tr>
<td title='com.emmanuelarhu.tests.PostsTest.testCreateNewPost()'><b>testCreateNewPost</b><br>Test class: com.emmanuelarhu.tests.PostsTest<br>Parameters: 2, Another Test Post, Another test post content</td>
<td></td>
<td>0</td>
<td>com.emmanuelarhu.tests.PostsTest@551de37d</td></tr>
<tr>
<td title='com.emmanuelarhu.tests.UsersTest.testGetSingleUser()'><b>testGetSingleUser</b><br>Test class: com.emmanuelarhu.tests.UsersTest<br>Parameters: 10</td>
<td></td>
<td>0</td>
<td>com.emmanuelarhu.tests.UsersTest@273842a6</td></tr>
<tr>
<td title='com.emmanuelarhu.tests.AlbumsTest.testGetNonExistentAlbum()'><b>testGetNonExistentAlbum</b><br>Test class: com.emmanuelarhu.tests.AlbumsTest<br>Parameters: 999</td>
<td></td>
<td>0</td>
<td>com.emmanuelarhu.tests.AlbumsTest@6ef81f31</td></tr>
<tr>
<td title='com.emmanuelarhu.tests.CommentsTest.testGetNonExistentComment()'><b>testGetNonExistentComment</b><br>Test class: com.emmanuelarhu.tests.CommentsTest<br>Parameters: 0</td>
<td></td>
<td>0</td>
<td>com.emmanuelarhu.tests.CommentsTest@6075b2d3</td></tr>
<tr>
<td title='com.emmanuelarhu.tests.TodosTest.testUpdateTodo()'><b>testUpdateTodo</b><br>Test class: com.emmanuelarhu.tests.TodosTest<br>Parameters: 2, Another Todo, true</td>
<td></td>
<td>0</td>
<td>com.emmanuelarhu.tests.TodosTest@997d532</td></tr>
<tr>
<td title='com.emmanuelarhu.tests.PhotosTest.testCreatePhotoWithInvalidData()'><b>testCreatePhotoWithInvalidData</b><br>Test class: com.emmanuelarhu.tests.PhotosTest<br>Parameters: -1, Test Photo, https://test.com/photo.jpg, https://test.com/thumb.jpg</td>
<td></td>
<td>0</td>
<td>com.emmanuelarhu.tests.PhotosTest@33abde31</td></tr>
<tr>
<td title='com.emmanuelarhu.tests.AlbumsTest.testFilterAlbumsByUser()'><b>testFilterAlbumsByUser</b><br>Test class: com.emmanuelarhu.tests.AlbumsTest<br>Parameters: 5</td>
<td></td>
<td>0</td>
<td>com.emmanuelarhu.tests.AlbumsTest@6ef81f31</td></tr>
<tr>
<td title='com.emmanuelarhu.tests.PhotosTest.testGetSinglePhoto()'><b>testGetSinglePhoto</b><br>Test class: com.emmanuelarhu.tests.PhotosTest<br>Parameters: 2500</td>
<td></td>
<td>0</td>
<td>com.emmanuelarhu.tests.PhotosTest@33abde31</td></tr>
<tr>
<td title='com.emmanuelarhu.tests.TodosTest.testGetSingleTodo()'><b>testGetSingleTodo</b><br>Test class: com.emmanuelarhu.tests.TodosTest<br>Parameters: 10</td>
<td></td>
<td>0</td>
<td>com.emmanuelarhu.tests.TodosTest@997d532</td></tr>
<tr>
<td title='com.emmanuelarhu.tests.UsersTest.testDeleteNonExistentUser()'><b>testDeleteNonExistentUser</b><br>Test class: com.emmanuelarhu.tests.UsersTest</td>
<td></td>
<td>0</td>
<td>com.emmanuelarhu.tests.UsersTest@273842a6</td></tr>
<tr>
<td title='com.emmanuelarhu.tests.PhotosTest.testGetSinglePhoto()'><b>testGetSinglePhoto</b><br>Test class: com.emmanuelarhu.tests.PhotosTest<br>Parameters: 1</td>
<td></td>
<td>0</td>
<td>com.emmanuelarhu.tests.PhotosTest@33abde31</td></tr>
<tr>
<td title='com.emmanuelarhu.tests.UsersTest.testCreateNewUser()'><b>testCreateNewUser</b><br>Test class: com.emmanuelarhu.tests.UsersTest<br>Parameters: John Smith, johnsmith, john.smith@example.com</td>
<td></td>
<td>0</td>
<td>com.emmanuelarhu.tests.UsersTest@273842a6</td></tr>
<tr>
<td title='com.emmanuelarhu.tests.PhotosTest.testUpdatePhoto()'><b>testUpdatePhoto</b><br>Test class: com.emmanuelarhu.tests.PhotosTest<br>Parameters: 1, Sample Photo, https://sample.com/pic.gif, https://sample.com/small.gif</td>
<td></td>
<td>0</td>
<td>com.emmanuelarhu.tests.PhotosTest@33abde31</td></tr>
<tr>
<td title='com.emmanuelarhu.tests.PostsTest.testGetSinglePost()'><b>testGetSinglePost</b><br>Test class: com.emmanuelarhu.tests.PostsTest<br>Parameters: 5</td>
<td></td>
<td>0</td>
<td>com.emmanuelarhu.tests.PostsTest@551de37d</td></tr>
<tr>
<td title='com.emmanuelarhu.tests.PhotosTest.testGetSinglePhoto()'><b>testGetSinglePhoto</b><br>Test class: com.emmanuelarhu.tests.PhotosTest<br>Parameters: 5</td>
<td></td>
<td>0</td>
<td>com.emmanuelarhu.tests.PhotosTest@33abde31</td></tr>
<tr>
<td title='com.emmanuelarhu.tests.UsersTest.testGetSingleUser()'><b>testGetSingleUser</b><br>Test class: com.emmanuelarhu.tests.UsersTest<br>Parameters: 3</td>
<td></td>
<td>0</td>
<td>com.emmanuelarhu.tests.UsersTest@273842a6</td></tr>
<tr>
<td title='com.emmanuelarhu.tests.PostsTest.testGetSinglePost()'><b>testGetSinglePost</b><br>Test class: com.emmanuelarhu.tests.PostsTest<br>Parameters: 100</td>
<td></td>
<td>0</td>
<td>com.emmanuelarhu.tests.PostsTest@551de37d</td></tr>
<tr>
<td title='com.emmanuelarhu.tests.TodosTest.testFilterTodosByUser()'><b>testFilterTodosByUser</b><br>Test class: com.emmanuelarhu.tests.TodosTest<br>Parameters: 5</td>
<td></td>
<td>0</td>
<td>com.emmanuelarhu.tests.TodosTest@997d532</td></tr>
<tr>
<td title='com.emmanuelarhu.tests.AlbumsTest.testFilterAlbumsByUser()'><b>testFilterAlbumsByUser</b><br>Test class: com.emmanuelarhu.tests.AlbumsTest<br>Parameters: 4</td>
<td></td>
<td>0</td>
<td>com.emmanuelarhu.tests.AlbumsTest@6ef81f31</td></tr>
<tr>
<td title='com.emmanuelarhu.tests.PhotosTest.testFilterPhotosByAlbum()'><b>testFilterPhotosByAlbum</b><br>Test class: com.emmanuelarhu.tests.PhotosTest<br>Parameters: 4</td>
<td></td>
<td>0</td>
<td>com.emmanuelarhu.tests.PhotosTest@33abde31</td></tr>
<tr>
<td title='com.emmanuelarhu.tests.PostsTest.testGetNonExistentPost()'><b>testGetNonExistentPost</b><br>Test class: com.emmanuelarhu.tests.PostsTest<br>Parameters: 101</td>
<td></td>
<td>0</td>
<td>com.emmanuelarhu.tests.PostsTest@551de37d</td></tr>
<tr>
<td title='com.emmanuelarhu.tests.PostsTest.testGetSinglePost()'><b>testGetSinglePost</b><br>Test class: com.emmanuelarhu.tests.PostsTest<br>Parameters: 25</td>
<td></td>
<td>0</td>
<td>com.emmanuelarhu.tests.PostsTest@551de37d</td></tr>
<tr>
<td title='com.emmanuelarhu.tests.TodosTest.testToggleCompletion()'><b>testToggleCompletion</b><br>Test class: com.emmanuelarhu.tests.TodosTest</td>
<td></td>
<td>0</td>
<td>com.emmanuelarhu.tests.TodosTest@997d532</td></tr>
<tr>
<td title='com.emmanuelarhu.tests.TodosTest.testGetNonExistentTodo()'><b>testGetNonExistentTodo</b><br>Test class: com.emmanuelarhu.tests.TodosTest<br>Parameters: 0</td>
<td></td>
<td>0</td>
<td>com.emmanuelarhu.tests.TodosTest@997d532</td></tr>
<tr>
<td title='com.emmanuelarhu.tests.PhotosTest.testFilterPhotosByAlbum()'><b>testFilterPhotosByAlbum</b><br>Test class: com.emmanuelarhu.tests.PhotosTest<br>Parameters: 2</td>
<td></td>
<td>0</td>
<td>com.emmanuelarhu.tests.PhotosTest@33abde31</td></tr>
<tr>
<td title='com.emmanuelarhu.tests.CommentsTest.testCreateNewComment()'><b>testCreateNewComment</b><br>Test class: com.emmanuelarhu.tests.CommentsTest<br>Parameters: 1, Sample Comment, sample@example.com, Sample comment for testing</td>
<td></td>
<td>0</td>
<td>com.emmanuelarhu.tests.CommentsTest@6075b2d3</td></tr>
<tr>
<td title='com.emmanuelarhu.tests.AlbumsTest.testCreateNewAlbum()'><b>testCreateNewAlbum</b><br>Test class: com.emmanuelarhu.tests.AlbumsTest<br>Parameters: 2, Another Album</td>
<td></td>
<td>0</td>
<td>com.emmanuelarhu.tests.AlbumsTest@6ef81f31</td></tr>
<tr>
<td title='com.emmanuelarhu.tests.CommentsTest.testFilterCommentsByPost()'><b>testFilterCommentsByPost</b><br>Test class: com.emmanuelarhu.tests.CommentsTest<br>Parameters: 5</td>
<td></td>
<td>0</td>
<td>com.emmanuelarhu.tests.CommentsTest@6075b2d3</td></tr>
<tr>
<td title='com.emmanuelarhu.tests.PhotosTest.testGetSinglePhoto()'><b>testGetSinglePhoto</b><br>Test class: com.emmanuelarhu.tests.PhotosTest<br>Parameters: 3</td>
<td></td>
<td>0</td>
<td>com.emmanuelarhu.tests.PhotosTest@33abde31</td></tr>
<tr>
<td title='com.emmanuelarhu.tests.AlbumsTest.testUpdateAlbum()'><b>testUpdateAlbum</b><br>Test class: com.emmanuelarhu.tests.AlbumsTest<br>Parameters: 1, Sample Album</td>
<td></td>
<td>0</td>
<td>com.emmanuelarhu.tests.AlbumsTest@6ef81f31</td></tr>
<tr>
<td title='com.emmanuelarhu.tests.TodosTest.testCreateNewTodo()'><b>testCreateNewTodo</b><br>Test class: com.emmanuelarhu.tests.TodosTest<br>Parameters: 1, Test Todo, false</td>
<td></td>
<td>0</td>
<td>com.emmanuelarhu.tests.TodosTest@997d532</td></tr>
<tr>
<td title='com.emmanuelarhu.tests.UsersTest.testGetAllUsers()'><b>testGetAllUsers</b><br>Test class: com.emmanuelarhu.tests.UsersTest</td>
<td></td>
<td>0</td>
<td>com.emmanuelarhu.tests.UsersTest@273842a6</td></tr>
<tr>
<td title='com.emmanuelarhu.tests.UsersTest.testUpdateUser()'><b>testUpdateUser</b><br>Test class: com.emmanuelarhu.tests.UsersTest<br>Parameters: Emmanuel Arhu, emmanuelarhu, emmanuel.arhu@amalitechtraining.org</td>
<td></td>
<td>0</td>
<td>com.emmanuelarhu.tests.UsersTest@273842a6</td></tr>
<tr>
<td title='com.emmanuelarhu.tests.TodosTest.testGetSingleTodo()'><b>testGetSingleTodo</b><br>Test class: com.emmanuelarhu.tests.TodosTest<br>Parameters: 150</td>
<td></td>
<td>0</td>
<td>com.emmanuelarhu.tests.TodosTest@997d532</td></tr>
<tr>
<td title='com.emmanuelarhu.tests.CommentsTest.testGetNonExistentComment()'><b>testGetNonExistentComment</b><br>Test class: com.emmanuelarhu.tests.CommentsTest<br>Parameters: 1000</td>
<td></td>
<td>0</td>
<td>com.emmanuelarhu.tests.CommentsTest@6075b2d3</td></tr>
<tr>
<td title='com.emmanuelarhu.tests.AlbumsTest.testUpdateAlbum()'><b>testUpdateAlbum</b><br>Test class: com.emmanuelarhu.tests.AlbumsTest<br>Parameters: 2, Another Album</td>
<td></td>
<td>0</td>
<td>com.emmanuelarhu.tests.AlbumsTest@6ef81f31</td></tr>
<tr>
<td title='com.emmanuelarhu.tests.CommentsTest.testCreateNewComment()'><b>testCreateNewComment</b><br>Test class: com.emmanuelarhu.tests.CommentsTest<br>Parameters: 1, Test Comment, test@example.com, This is a test comment body</td>
<td></td>
<td>0</td>
<td>com.emmanuelarhu.tests.CommentsTest@6075b2d3</td></tr>
<tr>
<td title='com.emmanuelarhu.tests.PhotosTest.testGetAllPhotos()'><b>testGetAllPhotos</b><br>Test class: com.emmanuelarhu.tests.PhotosTest</td>
<td></td>
<td>0</td>
<td>com.emmanuelarhu.tests.PhotosTest@33abde31</td></tr>
<tr>
<td title='com.emmanuelarhu.tests.PhotosTest.testCreatePhotoWithMalformedJson()'><b>testCreatePhotoWithMalformedJson</b><br>Test class: com.emmanuelarhu.tests.PhotosTest</td>
<td></td>
<td>0</td>
<td>com.emmanuelarhu.tests.PhotosTest@33abde31</td></tr>
<tr>
<td title='com.emmanuelarhu.tests.PostsTest.testGetCommentsForPost()'><b>testGetCommentsForPost</b><br>Test class: com.emmanuelarhu.tests.PostsTest</td>
<td></td>
<td>0</td>
<td>com.emmanuelarhu.tests.PostsTest@551de37d</td></tr>
<tr>
<td title='com.emmanuelarhu.tests.AlbumsTest.testGetNonExistentAlbum()'><b>testGetNonExistentAlbum</b><br>Test class: com.emmanuelarhu.tests.AlbumsTest<br>Parameters: 101</td>
<td></td>
<td>0</td>
<td>com.emmanuelarhu.tests.AlbumsTest@6ef81f31</td></tr>
<tr>
<td title='com.emmanuelarhu.tests.CommentsTest.testUpdateComment()'><b>testUpdateComment</b><br>Test class: com.emmanuelarhu.tests.CommentsTest<br>Parameters: 1, Test Comment, test@example.com, This is a test comment body</td>
<td></td>
<td>0</td>
<td>com.emmanuelarhu.tests.CommentsTest@6075b2d3</td></tr>
<tr>
<td title='com.emmanuelarhu.tests.PhotosTest.testGetNonExistentPhoto()'><b>testGetNonExistentPhoto</b><br>Test class: com.emmanuelarhu.tests.PhotosTest<br>Parameters: 10000</td>
<td></td>
<td>0</td>
<td>com.emmanuelarhu.tests.PhotosTest@33abde31</td></tr>
<tr>
<td title='com.emmanuelarhu.tests.AlbumsTest.testCreateNewAlbum()'><b>testCreateNewAlbum</b><br>Test class: com.emmanuelarhu.tests.AlbumsTest<br>Parameters: 1, Test Album Title</td>
<td></td>
<td>0</td>
<td>com.emmanuelarhu.tests.AlbumsTest@6ef81f31</td></tr>
<tr>
<td title='com.emmanuelarhu.tests.TodosTest.testFilterTodosByCompletionStatus()'><b>testFilterTodosByCompletionStatus</b><br>Test class: com.emmanuelarhu.tests.TodosTest<br>Parameters: true</td>
<td></td>
<td>0</td>
<td>com.emmanuelarhu.tests.TodosTest@997d532</td></tr>
<tr>
<td title='com.emmanuelarhu.tests.UsersTest.testGetNonExistentUser()'><b>testGetNonExistentUser</b><br>Test class: com.emmanuelarhu.tests.UsersTest<br>Parameters: 999</td>
<td></td>
<td>0</td>
<td>com.emmanuelarhu.tests.UsersTest@273842a6</td></tr>
<tr>
<td title='com.emmanuelarhu.tests.UsersTest.testGetSingleUser()'><b>testGetSingleUser</b><br>Test class: com.emmanuelarhu.tests.UsersTest<br>Parameters: 5</td>
<td></td>
<td>0</td>
<td>com.emmanuelarhu.tests.UsersTest@273842a6</td></tr>
<tr>
<td title='com.emmanuelarhu.tests.AlbumsTest.testPatchAlbum()'><b>testPatchAlbum</b><br>Test class: com.emmanuelarhu.tests.AlbumsTest</td>
<td></td>
<td>0</td>
<td>com.emmanuelarhu.tests.AlbumsTest@6ef81f31</td></tr>
<tr>
<td title='com.emmanuelarhu.tests.CommentsTest.testGetSingleComment()'><b>testGetSingleComment</b><br>Test class: com.emmanuelarhu.tests.CommentsTest<br>Parameters: 5</td>
<td></td>
<td>0</td>
<td>com.emmanuelarhu.tests.CommentsTest@6075b2d3</td></tr>
<tr>
<td title='com.emmanuelarhu.tests.TodosTest.testGetSingleTodo()'><b>testGetSingleTodo</b><br>Test class: com.emmanuelarhu.tests.TodosTest<br>Parameters: 4</td>
<td></td>
<td>0</td>
<td>com.emmanuelarhu.tests.TodosTest@997d532</td></tr>
<tr>
<td title='com.emmanuelarhu.tests.UsersTest.testGetNonExistentUser()'><b>testGetNonExistentUser</b><br>Test class: com.emmanuelarhu.tests.UsersTest<br>Parameters: -1</td>
<td></td>
<td>0</td>
<td>com.emmanuelarhu.tests.UsersTest@273842a6</td></tr>
<tr>
<td title='com.emmanuelarhu.tests.AlbumsTest.testFilterAlbumsByUser()'><b>testFilterAlbumsByUser</b><br>Test class: com.emmanuelarhu.tests.AlbumsTest<br>Parameters: 1</td>
<td></td>
<td>0</td>
<td>com.emmanuelarhu.tests.AlbumsTest@6ef81f31</td></tr>
<tr>
<td title='com.emmanuelarhu.tests.PostsTest.testGetCommentsWithPostIdFilter()'><b>testGetCommentsWithPostIdFilter</b><br>Test class: com.emmanuelarhu.tests.PostsTest<br>Parameters: 5</td>
<td></td>
<td>0</td>
<td>com.emmanuelarhu.tests.PostsTest@551de37d</td></tr>
<tr>
<td title='com.emmanuelarhu.tests.TodosTest.testFilterTodosByUser()'><b>testFilterTodosByUser</b><br>Test class: com.emmanuelarhu.tests.TodosTest<br>Parameters: 1</td>
<td></td>
<td>0</td>
<td>com.emmanuelarhu.tests.TodosTest@997d532</td></tr>
<tr>
<td title='com.emmanuelarhu.tests.TodosTest.testFilterTodosByUser()'><b>testFilterTodosByUser</b><br>Test class: com.emmanuelarhu.tests.TodosTest<br>Parameters: 4</td>
<td></td>
<td>0</td>
<td>com.emmanuelarhu.tests.TodosTest@997d532</td></tr>
<tr>
<td title='com.emmanuelarhu.tests.UsersTest.testUpdateUser()'><b>testUpdateUser</b><br>Test class: com.emmanuelarhu.tests.UsersTest<br>Parameters: John Smith, johnsmith, john.smith@example.com</td>
<td></td>
<td>0</td>
<td>com.emmanuelarhu.tests.UsersTest@273842a6</td></tr>
<tr>
<td title='com.emmanuelarhu.tests.PhotosTest.testCreateNewPhoto()'><b>testCreateNewPhoto</b><br>Test class: com.emmanuelarhu.tests.PhotosTest<br>Parameters: 1, Test Photo, https://test.com/photo.jpg, https://test.com/thumb.jpg</td>
<td></td>
<td>0</td>
<td>com.emmanuelarhu.tests.PhotosTest@33abde31</td></tr>
<tr>
<td title='com.emmanuelarhu.tests.TodosTest.testGetSingleTodo()'><b>testGetSingleTodo</b><br>Test class: com.emmanuelarhu.tests.TodosTest<br>Parameters: 200</td>
<td></td>
<td>0</td>
<td>com.emmanuelarhu.tests.TodosTest@997d532</td></tr>
<tr>
<td title='com.emmanuelarhu.tests.TodosTest.testUpdateTodo()'><b>testUpdateTodo</b><br>Test class: com.emmanuelarhu.tests.TodosTest<br>Parameters: 1, Test Todo, false</td>
<td></td>
<td>0</td>
<td>com.emmanuelarhu.tests.TodosTest@997d532</td></tr>
<tr>
<td title='com.emmanuelarhu.tests.UsersTest.testGetSingleUser()'><b>testGetSingleUser</b><br>Test class: com.emmanuelarhu.tests.UsersTest<br>Parameters: 9</td>
<td></td>
<td>0</td>
<td>com.emmanuelarhu.tests.UsersTest@273842a6</td></tr>
<tr>
<td title='com.emmanuelarhu.tests.CommentsTest.testFilterCommentsByPost()'><b>testFilterCommentsByPost</b><br>Test class: com.emmanuelarhu.tests.CommentsTest<br>Parameters: 2</td>
<td></td>
<td>0</td>
<td>com.emmanuelarhu.tests.CommentsTest@6075b2d3</td></tr>
<tr>
<td title='com.emmanuelarhu.tests.PhotosTest.testGetSinglePhoto()'><b>testGetSinglePhoto</b><br>Test class: com.emmanuelarhu.tests.PhotosTest<br>Parameters: 100</td>
<td></td>
<td>0</td>
<td>com.emmanuelarhu.tests.PhotosTest@33abde31</td></tr>
<tr>
<td title='com.emmanuelarhu.tests.PhotosTest.testGetSinglePhoto()'><b>testGetSinglePhoto</b><br>Test class: com.emmanuelarhu.tests.PhotosTest<br>Parameters: 1000</td>
<td></td>
<td>0</td>
<td>com.emmanuelarhu.tests.PhotosTest@33abde31</td></tr>
<tr>
<td title='com.emmanuelarhu.tests.CommentsTest.testGetNonExistentComment()'><b>testGetNonExistentComment</b><br>Test class: com.emmanuelarhu.tests.CommentsTest<br>Parameters: 999</td>
<td></td>
<td>0</td>
<td>com.emmanuelarhu.tests.CommentsTest@6075b2d3</td></tr>
<tr>
<td title='com.emmanuelarhu.tests.AlbumsTest.testFilterAlbumsByUser()'><b>testFilterAlbumsByUser</b><br>Test class: com.emmanuelarhu.tests.AlbumsTest<br>Parameters: 2</td>
<td></td>
<td>0</td>
<td>com.emmanuelarhu.tests.AlbumsTest@6ef81f31</td></tr>
<tr>
<td title='com.emmanuelarhu.tests.CommentsTest.testFilterCommentsByPost()'><b>testFilterCommentsByPost</b><br>Test class: com.emmanuelarhu.tests.CommentsTest<br>Parameters: 1</td>
<td></td>
<td>0</td>
<td>com.emmanuelarhu.tests.CommentsTest@6075b2d3</td></tr>
</table><p>
</body>
</html>