<?xml version="1.0" encoding="UTF-8"?>
<!-- Generated by org.testng.reporters.JUnitReportReporter -->
<testsuite hostname="pkrvmfkh1xnbeme" failures="2" tests="36" name="com.emmanuelarhu.tests.TodosTest" time="2.992" errors="1" timestamp="2025-07-11T13:47:18 UTC" skipped="0">
  <testcase classname="com.emmanuelarhu.tests.TodosTest" name="testGetAllTodos" time="0.061"/>
  <testcase classname="com.emmanuelarhu.tests.TodosTest" name="testGetSingleTodo" time="0.053"/>
  <testcase classname="com.emmanuelarhu.tests.TodosTest" name="testGetSingleTodo" time="0.055"/>
  <testcase classname="com.emmanuelarhu.tests.TodosTest" name="testGetSingleTodo" time="0.053"/>
  <testcase classname="com.emmanuelarhu.tests.TodosTest" name="testGetSingleTodo" time="0.049"/>
  <testcase classname="com.emmanuelarhu.tests.TodosTest" name="testGetSingleTodo" time="0.053"/>
  <testcase classname="com.emmanuelarhu.tests.TodosTest" name="testGetSingleTodo" time="0.058"/>
  <testcase classname="com.emmanuelarhu.tests.TodosTest" name="testGetSingleTodo" time="0.054"/>
  <testcase classname="com.emmanuelarhu.tests.TodosTest" name="testGetSingleTodo" time="0.050"/>
  <testcase classname="com.emmanuelarhu.tests.TodosTest" name="testGetSingleTodo" time="0.058"/>
  <testcase classname="com.emmanuelarhu.tests.TodosTest" name="testGetSingleTodo" time="0.056"/>
  <testcase classname="com.emmanuelarhu.tests.TodosTest" name="testCreateNewTodo" time="0.126"/>
  <testcase classname="com.emmanuelarhu.tests.TodosTest" name="testCreateNewTodo" time="0.121"/>
  <testcase classname="com.emmanuelarhu.tests.TodosTest" name="testCreateNewTodo" time="0.119"/>
  <testcase classname="com.emmanuelarhu.tests.TodosTest" name="testUpdateTodo" time="0.254"/>
  <testcase classname="com.emmanuelarhu.tests.TodosTest" name="testUpdateTodo" time="0.115"/>
  <testcase classname="com.emmanuelarhu.tests.TodosTest" name="testUpdateTodo" time="0.245"/>
  <testcase classname="com.emmanuelarhu.tests.TodosTest" name="testPatchTodo" time="0.116"/>
  <testcase classname="com.emmanuelarhu.tests.TodosTest" name="testDeleteTodo" time="0.102"/>
  <testcase classname="com.emmanuelarhu.tests.TodosTest" name="testFilterTodosByCompletionStatus" time="0.052"/>
  <testcase classname="com.emmanuelarhu.tests.TodosTest" name="testFilterTodosByCompletionStatus" time="0.051"/>
  <testcase classname="com.emmanuelarhu.tests.TodosTest" name="testFilterTodosByUser" time="0.044"/>
  <testcase classname="com.emmanuelarhu.tests.TodosTest" name="testFilterTodosByUser" time="0.044"/>
  <testcase classname="com.emmanuelarhu.tests.TodosTest" name="testFilterTodosByUser" time="0.045"/>
  <testcase classname="com.emmanuelarhu.tests.TodosTest" name="testFilterTodosByUser" time="0.042"/>
  <testcase classname="com.emmanuelarhu.tests.TodosTest" name="testFilterTodosByUser" time="0.055"/>
  <testcase classname="com.emmanuelarhu.tests.TodosTest" name="testGetNonExistentTodo" time="0.040"/>
  <testcase classname="com.emmanuelarhu.tests.TodosTest" name="testGetNonExistentTodo" time="0.033"/>
  <testcase classname="com.emmanuelarhu.tests.TodosTest" name="testGetNonExistentTodo" time="0.032"/>
  <testcase classname="com.emmanuelarhu.tests.TodosTest" name="testGetNonExistentTodo" time="0.032"/>
  <testcase classname="com.emmanuelarhu.tests.TodosTest" name="testGetNonExistentTodo" time="0.037"/>
  <testcase classname="com.emmanuelarhu.tests.TodosTest" name="testCreateTodoWithInvalidData" time="0.001">
    <error message="Cannot invoke &quot;java.util.List.contains(Object)&quot; because the return value of &quot;java.util.Map.get(Object)&quot; is null" type="java.lang.NullPointerException">
      <![CDATA[java.lang.NullPointerException: Cannot invoke "java.util.List.contains(Object)" because the return value of "java.util.Map.get(Object)" is null
at org.testng.internal.reflect.ReflectionRecipes.isInstanceOf(ReflectionRecipes.java:75)
at org.testng.internal.reflect.ReflectionRecipes.exactMatch(ReflectionRecipes.java:246)
at org.testng.internal.reflect.ReflectionRecipes.exactMatch(ReflectionRecipes.java:231)
at org.testng.internal.reflect.DirectMethodMatcher.match(DirectMethodMatcher.java:34)
at org.testng.internal.reflect.AbstractNodeMethodMatcher.hasConformance(AbstractNodeMethodMatcher.java:26)
at org.testng.internal.reflect.AbstractMethodMatcher.conforms(AbstractMethodMatcher.java:25)
at org.testng.internal.reflect.DataProviderMethodMatcher.hasConformance(DataProviderMethodMatcher.java:20)
at org.testng.internal.reflect.AbstractMethodMatcher.conforms(AbstractMethodMatcher.java:25)
at org.testng.internal.reflect.DataProviderMethodMatcher.getConformingArguments(DataProviderMethodMatcher.java:34)
at org.testng.internal.Parameters.injectParameters(Parameters.java:909)
at org.testng.internal.invokers.MethodRunner.runInSequence(MethodRunner.java:37)
at org.testng.internal.invokers.TestInvoker$MethodInvocationAgent.invoke(TestInvoker.java:957)
at org.testng.internal.invokers.TestInvoker.invokeTestMethods(TestInvoker.java:200)
at org.testng.internal.invokers.TestMethodWorker.invokeTestMethods(TestMethodWorker.java:148)
at org.testng.internal.invokers.TestMethodWorker.run(TestMethodWorker.java:128)
at java.base/java.util.ArrayList.forEach(ArrayList.java:1596)
at org.testng.TestRunner.privateRun(TestRunner.java:848)
at org.testng.TestRunner.run(TestRunner.java:621)
at org.testng.SuiteRunner.runTest(SuiteRunner.java:443)
at org.testng.SuiteRunner.runSequentially(SuiteRunner.java:437)
at org.testng.SuiteRunner.privateRun(SuiteRunner.java:397)
at org.testng.SuiteRunner.run(SuiteRunner.java:336)
at org.testng.SuiteRunnerWorker.runSuite(SuiteRunnerWorker.java:52)
at org.testng.SuiteRunnerWorker.run(SuiteRunnerWorker.java:95)
at org.testng.TestNG.runSuitesSequentially(TestNG.java:1280)
at org.testng.TestNG.runSuitesLocally(TestNG.java:1200)
at org.testng.TestNG.runSuites(TestNG.java:1114)
at org.testng.TestNG.run(TestNG.java:1082)
at org.apache.maven.surefire.testng.TestNGExecutor.run(TestNGExecutor.java:155)
at org.apache.maven.surefire.testng.TestNGDirectoryTestSuite.executeMulti(TestNGDirectoryTestSuite.java:169)
at org.apache.maven.surefire.testng.TestNGDirectoryTestSuite.execute(TestNGDirectoryTestSuite.java:88)
at org.apache.maven.surefire.testng.TestNGProvider.invoke(TestNGProvider.java:137)
at org.apache.maven.surefire.booter.ForkedBooter.runSuitesInProcess(ForkedBooter.java:385)
at org.apache.maven.surefire.booter.ForkedBooter.execute(ForkedBooter.java:162)
at org.apache.maven.surefire.booter.ForkedBooter.run(ForkedBooter.java:507)
at org.apache.maven.surefire.booter.ForkedBooter.main(ForkedBooter.java:495)
]]>
    </error>
  </testcase> <!-- testCreateTodoWithInvalidData -->
  <testcase classname="com.emmanuelarhu.tests.TodosTest" name="testFilterTodosWithInvalidUserId" time="0.036">
    <failure message="1 expectation failed.
Expected status code &lt;404&gt; but was &lt;200&gt;.
" type="java.lang.AssertionError">
      <![CDATA[java.lang.AssertionError: 1 expectation failed.
Expected status code <404> but was <200>.

at java.base/jdk.internal.reflect.DirectConstructorHandleAccessor.newInstance(DirectConstructorHandleAccessor.java:62)
at java.base/java.lang.reflect.Constructor.newInstanceWithCaller(Constructor.java:502)
at java.base/java.lang.reflect.Constructor.newInstance(Constructor.java:486)
at org.codehaus.groovy.reflection.CachedConstructor.invoke(CachedConstructor.java:73)
at org.codehaus.groovy.runtime.callsite.ConstructorSite$ConstructorSiteNoUnwrapNoCoerce.callConstructor(ConstructorSite.java:108)
at org.codehaus.groovy.runtime.callsite.AbstractCallSite.callConstructor(AbstractCallSite.java:277)
at io.restassured.internal.ResponseSpecificationImpl$HamcrestAssertionClosure.validate(ResponseSpecificationImpl.groovy:512)
at io.restassured.internal.ResponseSpecificationImpl$HamcrestAssertionClosure$validate$1.call(Unknown Source)
at io.restassured.internal.ResponseSpecificationImpl.validateResponseIfRequired(ResponseSpecificationImpl.groovy:696)
at io.restassured.internal.ResponseSpecificationImpl.this$2$validateResponseIfRequired(ResponseSpecificationImpl.groovy)
at java.base/jdk.internal.reflect.DirectMethodHandleAccessor.invoke(DirectMethodHandleAccessor.java:103)
at java.base/java.lang.reflect.Method.invoke(Method.java:580)
at org.codehaus.groovy.runtime.callsite.PlainObjectMetaMethodSite.doInvoke(PlainObjectMetaMethodSite.java:43)
at org.codehaus.groovy.runtime.callsite.PogoMetaMethodSite$PogoCachedMethodSiteNoUnwrapNoCoerce.invoke(PogoMetaMethodSite.java:198)
at org.codehaus.groovy.runtime.callsite.PogoMetaMethodSite.callCurrent(PogoMetaMethodSite.java:62)
at org.codehaus.groovy.runtime.callsite.AbstractCallSite.callCurrent(AbstractCallSite.java:185)
at io.restassured.internal.ResponseSpecificationImpl.statusCode(ResponseSpecificationImpl.groovy:135)
at io.restassured.specification.ResponseSpecification$statusCode$0.callCurrent(Unknown Source)
at io.restassured.internal.ResponseSpecificationImpl.statusCode(ResponseSpecificationImpl.groovy:143)
at io.restassured.internal.ValidatableResponseOptionsImpl.statusCode(ValidatableResponseOptionsImpl.java:89)
at com.emmanuelarhu.tests.TodosTest.testFilterTodosWithInvalidUserId(TodosTest.java:293)
at java.base/jdk.internal.reflect.DirectMethodHandleAccessor.invoke(DirectMethodHandleAccessor.java:103)
at java.base/java.lang.reflect.Method.invoke(Method.java:580)
at org.testng.internal.invokers.MethodInvocationHelper.invokeMethod(MethodInvocationHelper.java:139)
at org.testng.internal.invokers.TestInvoker.invokeMethod(TestInvoker.java:664)
at org.testng.internal.invokers.TestInvoker.invokeTestMethod(TestInvoker.java:227)
at org.testng.internal.invokers.MethodRunner.runInSequence(MethodRunner.java:50)
at org.testng.internal.invokers.TestInvoker$MethodInvocationAgent.invoke(TestInvoker.java:957)
at org.testng.internal.invokers.TestInvoker.invokeTestMethods(TestInvoker.java:200)
at org.testng.internal.invokers.TestMethodWorker.invokeTestMethods(TestMethodWorker.java:148)
at org.testng.internal.invokers.TestMethodWorker.run(TestMethodWorker.java:128)
at java.base/java.util.ArrayList.forEach(ArrayList.java:1596)
at org.testng.TestRunner.privateRun(TestRunner.java:848)
at org.testng.TestRunner.run(TestRunner.java:621)
at org.testng.SuiteRunner.runTest(SuiteRunner.java:443)
at org.testng.SuiteRunner.runSequentially(SuiteRunner.java:437)
at org.testng.SuiteRunner.privateRun(SuiteRunner.java:397)
at org.testng.SuiteRunner.run(SuiteRunner.java:336)
at org.testng.SuiteRunnerWorker.runSuite(SuiteRunnerWorker.java:52)
at org.testng.SuiteRunnerWorker.run(SuiteRunnerWorker.java:95)
at org.testng.TestNG.runSuitesSequentially(TestNG.java:1280)
at org.testng.TestNG.runSuitesLocally(TestNG.java:1200)
at org.testng.TestNG.runSuites(TestNG.java:1114)
at org.testng.TestNG.run(TestNG.java:1082)
at org.apache.maven.surefire.testng.TestNGExecutor.run(TestNGExecutor.java:155)
at org.apache.maven.surefire.testng.TestNGDirectoryTestSuite.executeMulti(TestNGDirectoryTestSuite.java:169)
at org.apache.maven.surefire.testng.TestNGDirectoryTestSuite.execute(TestNGDirectoryTestSuite.java:88)
at org.apache.maven.surefire.testng.TestNGProvider.invoke(TestNGProvider.java:137)
at org.apache.maven.surefire.booter.ForkedBooter.runSuitesInProcess(ForkedBooter.java:385)
at org.apache.maven.surefire.booter.ForkedBooter.execute(ForkedBooter.java:162)
at org.apache.maven.surefire.booter.ForkedBooter.run(ForkedBooter.java:507)
at org.apache.maven.surefire.booter.ForkedBooter.main(ForkedBooter.java:495)
]]>
    </failure>
  </testcase> <!-- testFilterTodosWithInvalidUserId -->
  <testcase classname="com.emmanuelarhu.tests.TodosTest" name="testDeleteNonExistentTodo" time="0.234">
    <failure message="1 expectation failed.
Expected status code &lt;404&gt; but was &lt;200&gt;.
" type="java.lang.AssertionError">
      <![CDATA[java.lang.AssertionError: 1 expectation failed.
Expected status code <404> but was <200>.

at java.base/jdk.internal.reflect.DirectConstructorHandleAccessor.newInstance(DirectConstructorHandleAccessor.java:62)
at java.base/java.lang.reflect.Constructor.newInstanceWithCaller(Constructor.java:502)
at java.base/java.lang.reflect.Constructor.newInstance(Constructor.java:486)
at org.codehaus.groovy.reflection.CachedConstructor.invoke(CachedConstructor.java:73)
at org.codehaus.groovy.runtime.callsite.ConstructorSite$ConstructorSiteNoUnwrapNoCoerce.callConstructor(ConstructorSite.java:108)
at org.codehaus.groovy.runtime.callsite.AbstractCallSite.callConstructor(AbstractCallSite.java:277)
at io.restassured.internal.ResponseSpecificationImpl$HamcrestAssertionClosure.validate(ResponseSpecificationImpl.groovy:512)
at io.restassured.internal.ResponseSpecificationImpl$HamcrestAssertionClosure$validate$1.call(Unknown Source)
at io.restassured.internal.ResponseSpecificationImpl.validateResponseIfRequired(ResponseSpecificationImpl.groovy:696)
at io.restassured.internal.ResponseSpecificationImpl.this$2$validateResponseIfRequired(ResponseSpecificationImpl.groovy)
at java.base/jdk.internal.reflect.DirectMethodHandleAccessor.invoke(DirectMethodHandleAccessor.java:103)
at java.base/java.lang.reflect.Method.invoke(Method.java:580)
at org.codehaus.groovy.runtime.callsite.PlainObjectMetaMethodSite.doInvoke(PlainObjectMetaMethodSite.java:43)
at org.codehaus.groovy.runtime.callsite.PogoMetaMethodSite$PogoCachedMethodSiteNoUnwrapNoCoerce.invoke(PogoMetaMethodSite.java:198)
at org.codehaus.groovy.runtime.callsite.PogoMetaMethodSite.callCurrent(PogoMetaMethodSite.java:62)
at org.codehaus.groovy.runtime.callsite.AbstractCallSite.callCurrent(AbstractCallSite.java:185)
at io.restassured.internal.ResponseSpecificationImpl.statusCode(ResponseSpecificationImpl.groovy:135)
at io.restassured.specification.ResponseSpecification$statusCode$0.callCurrent(Unknown Source)
at io.restassured.internal.ResponseSpecificationImpl.statusCode(ResponseSpecificationImpl.groovy:143)
at io.restassured.internal.ValidatableResponseOptionsImpl.statusCode(ValidatableResponseOptionsImpl.java:89)
at com.emmanuelarhu.tests.TodosTest.testDeleteNonExistentTodo(TodosTest.java:313)
at java.base/jdk.internal.reflect.DirectMethodHandleAccessor.invoke(DirectMethodHandleAccessor.java:103)
at java.base/java.lang.reflect.Method.invoke(Method.java:580)
at org.testng.internal.invokers.MethodInvocationHelper.invokeMethod(MethodInvocationHelper.java:139)
at org.testng.internal.invokers.TestInvoker.invokeMethod(TestInvoker.java:664)
at org.testng.internal.invokers.TestInvoker.invokeTestMethod(TestInvoker.java:227)
at org.testng.internal.invokers.MethodRunner.runInSequence(MethodRunner.java:50)
at org.testng.internal.invokers.TestInvoker$MethodInvocationAgent.invoke(TestInvoker.java:957)
at org.testng.internal.invokers.TestInvoker.invokeTestMethods(TestInvoker.java:200)
at org.testng.internal.invokers.TestMethodWorker.invokeTestMethods(TestMethodWorker.java:148)
at org.testng.internal.invokers.TestMethodWorker.run(TestMethodWorker.java:128)
at java.base/java.util.ArrayList.forEach(ArrayList.java:1596)
at org.testng.TestRunner.privateRun(TestRunner.java:848)
at org.testng.TestRunner.run(TestRunner.java:621)
at org.testng.SuiteRunner.runTest(SuiteRunner.java:443)
at org.testng.SuiteRunner.runSequentially(SuiteRunner.java:437)
at org.testng.SuiteRunner.privateRun(SuiteRunner.java:397)
at org.testng.SuiteRunner.run(SuiteRunner.java:336)
at org.testng.SuiteRunnerWorker.runSuite(SuiteRunnerWorker.java:52)
at org.testng.SuiteRunnerWorker.run(SuiteRunnerWorker.java:95)
at org.testng.TestNG.runSuitesSequentially(TestNG.java:1280)
at org.testng.TestNG.runSuitesLocally(TestNG.java:1200)
at org.testng.TestNG.runSuites(TestNG.java:1114)
at org.testng.TestNG.run(TestNG.java:1082)
at org.apache.maven.surefire.testng.TestNGExecutor.run(TestNGExecutor.java:155)
at org.apache.maven.surefire.testng.TestNGDirectoryTestSuite.executeMulti(TestNGDirectoryTestSuite.java:169)
at org.apache.maven.surefire.testng.TestNGDirectoryTestSuite.execute(TestNGDirectoryTestSuite.java:88)
at org.apache.maven.surefire.testng.TestNGProvider.invoke(TestNGProvider.java:137)
at org.apache.maven.surefire.booter.ForkedBooter.runSuitesInProcess(ForkedBooter.java:385)
at org.apache.maven.surefire.booter.ForkedBooter.execute(ForkedBooter.java:162)
at org.apache.maven.surefire.booter.ForkedBooter.run(ForkedBooter.java:507)
at org.apache.maven.surefire.booter.ForkedBooter.main(ForkedBooter.java:495)
]]>
    </failure>
  </testcase> <!-- testDeleteNonExistentTodo -->
  <testcase classname="com.emmanuelarhu.tests.TodosTest" name="testCreateTodoWithMalformedJson" time="0.250"/>
  <testcase classname="com.emmanuelarhu.tests.TodosTest" name="testToggleCompletion" time="0.166"/>
</testsuite> <!-- com.emmanuelarhu.tests.TodosTest -->
