<?xml version="1.0" encoding="UTF-8"?>
<!-- Generated by org.testng.reporters.JUnitReportReporter -->
<testsuite hostname="pkrvmfkh1xnbeme" failures="2" tests="42" name="com.emmanuelarhu.tests.PhotosTest" time="4.836" errors="0" timestamp="2025-07-11T13:47:18 UTC" skipped="0">
  <testcase classname="com.emmanuelarhu.tests.PhotosTest" name="testGetAllPhotos" time="0.751"/>
  <testcase classname="com.emmanuelarhu.tests.PhotosTest" name="testGetSinglePhoto" time="0.056"/>
  <testcase classname="com.emmanuelarhu.tests.PhotosTest" name="testGetSinglePhoto" time="0.065"/>
  <testcase classname="com.emmanuelarhu.tests.PhotosTest" name="testGetSinglePhoto" time="0.066"/>
  <testcase classname="com.emmanuelarhu.tests.PhotosTest" name="testGetSinglePhoto" time="0.057"/>
  <testcase classname="com.emmanuelarhu.tests.PhotosTest" name="testGetSinglePhoto" time="0.063"/>
  <testcase classname="com.emmanuelarhu.tests.PhotosTest" name="testGetSinglePhoto" time="0.062"/>
  <testcase classname="com.emmanuelarhu.tests.PhotosTest" name="testGetSinglePhoto" time="0.058"/>
  <testcase classname="com.emmanuelarhu.tests.PhotosTest" name="testGetSinglePhoto" time="0.253"/>
  <testcase classname="com.emmanuelarhu.tests.PhotosTest" name="testGetSinglePhoto" time="0.057"/>
  <testcase classname="com.emmanuelarhu.tests.PhotosTest" name="testGetSinglePhoto" time="0.062"/>
  <testcase classname="com.emmanuelarhu.tests.PhotosTest" name="testGetSinglePhoto" time="0.050"/>
  <testcase classname="com.emmanuelarhu.tests.PhotosTest" name="testCreateNewPhoto" time="0.118"/>
  <testcase classname="com.emmanuelarhu.tests.PhotosTest" name="testCreateNewPhoto" time="0.129"/>
  <testcase classname="com.emmanuelarhu.tests.PhotosTest" name="testCreateNewPhoto" time="0.134"/>
  <testcase classname="com.emmanuelarhu.tests.PhotosTest" name="testUpdatePhoto" time="0.255"/>
  <testcase classname="com.emmanuelarhu.tests.PhotosTest" name="testUpdatePhoto" time="0.117"/>
  <testcase classname="com.emmanuelarhu.tests.PhotosTest" name="testUpdatePhoto" time="0.147"/>
  <testcase classname="com.emmanuelarhu.tests.PhotosTest" name="testPatchPhoto" time="0.119"/>
  <testcase classname="com.emmanuelarhu.tests.PhotosTest" name="testDeletePhoto" time="0.103"/>
  <testcase classname="com.emmanuelarhu.tests.PhotosTest" name="testFilterPhotosByAlbum" time="0.059"/>
  <testcase classname="com.emmanuelarhu.tests.PhotosTest" name="testFilterPhotosByAlbum" time="0.043"/>
  <testcase classname="com.emmanuelarhu.tests.PhotosTest" name="testFilterPhotosByAlbum" time="0.048"/>
  <testcase classname="com.emmanuelarhu.tests.PhotosTest" name="testFilterPhotosByAlbum" time="0.054"/>
  <testcase classname="com.emmanuelarhu.tests.PhotosTest" name="testFilterPhotosByAlbum" time="0.074"/>
  <testcase classname="com.emmanuelarhu.tests.PhotosTest" name="testGetNonExistentPhoto" time="0.034"/>
  <testcase classname="com.emmanuelarhu.tests.PhotosTest" name="testGetNonExistentPhoto" time="0.031"/>
  <testcase classname="com.emmanuelarhu.tests.PhotosTest" name="testGetNonExistentPhoto" time="0.029"/>
  <testcase classname="com.emmanuelarhu.tests.PhotosTest" name="testGetNonExistentPhoto" time="0.039"/>
  <testcase classname="com.emmanuelarhu.tests.PhotosTest" name="testGetNonExistentPhoto" time="0.037"/>
  <testcase classname="com.emmanuelarhu.tests.PhotosTest" name="testCreatePhotoWithInvalidData" time="0.103"/>
  <testcase classname="com.emmanuelarhu.tests.PhotosTest" name="testCreatePhotoWithInvalidData" time="0.102"/>
  <testcase classname="com.emmanuelarhu.tests.PhotosTest" name="testCreatePhotoWithInvalidData" time="0.103"/>
  <testcase classname="com.emmanuelarhu.tests.PhotosTest" name="testCreatePhotoWithInvalidData" time="0.103"/>
  <testcase classname="com.emmanuelarhu.tests.PhotosTest" name="testCreatePhotoWithInvalidData" time="0.094"/>
  <testcase classname="com.emmanuelarhu.tests.PhotosTest" name="testCreatePhotoWithInvalidData" time="0.251"/>
  <testcase classname="com.emmanuelarhu.tests.PhotosTest" name="testCreatePhotoWithInvalidData" time="0.102"/>
  <testcase classname="com.emmanuelarhu.tests.PhotosTest" name="testCreatePhotoWithInvalidData" time="0.110"/>
  <testcase classname="com.emmanuelarhu.tests.PhotosTest" name="testCreatePhotoWithInvalidData" time="0.105"/>
  <testcase classname="com.emmanuelarhu.tests.PhotosTest" name="testFilterPhotosWithInvalidAlbumId" time="0.244">
    <failure message="1 expectation failed.
Expected status code &lt;404&gt; but was &lt;200&gt;.
" type="java.lang.AssertionError">
      <![CDATA[java.lang.AssertionError: 1 expectation failed.
Expected status code <404> but was <200>.

at java.base/jdk.internal.reflect.DirectConstructorHandleAccessor.newInstance(DirectConstructorHandleAccessor.java:62)
at java.base/java.lang.reflect.Constructor.newInstanceWithCaller(Constructor.java:502)
at java.base/java.lang.reflect.Constructor.newInstance(Constructor.java:486)
at org.codehaus.groovy.reflection.CachedConstructor.invoke(CachedConstructor.java:73)
at org.codehaus.groovy.runtime.callsite.ConstructorSite$ConstructorSiteNoUnwrapNoCoerce.callConstructor(ConstructorSite.java:108)
at org.codehaus.groovy.runtime.callsite.AbstractCallSite.callConstructor(AbstractCallSite.java:277)
at io.restassured.internal.ResponseSpecificationImpl$HamcrestAssertionClosure.validate(ResponseSpecificationImpl.groovy:512)
at io.restassured.internal.ResponseSpecificationImpl$HamcrestAssertionClosure$validate$1.call(Unknown Source)
at io.restassured.internal.ResponseSpecificationImpl.validateResponseIfRequired(ResponseSpecificationImpl.groovy:696)
at io.restassured.internal.ResponseSpecificationImpl.this$2$validateResponseIfRequired(ResponseSpecificationImpl.groovy)
at java.base/jdk.internal.reflect.DirectMethodHandleAccessor.invoke(DirectMethodHandleAccessor.java:103)
at java.base/java.lang.reflect.Method.invoke(Method.java:580)
at org.codehaus.groovy.runtime.callsite.PlainObjectMetaMethodSite.doInvoke(PlainObjectMetaMethodSite.java:43)
at org.codehaus.groovy.runtime.callsite.PogoMetaMethodSite$PogoCachedMethodSiteNoUnwrapNoCoerce.invoke(PogoMetaMethodSite.java:198)
at org.codehaus.groovy.runtime.callsite.PogoMetaMethodSite.callCurrent(PogoMetaMethodSite.java:62)
at org.codehaus.groovy.runtime.callsite.AbstractCallSite.callCurrent(AbstractCallSite.java:185)
at io.restassured.internal.ResponseSpecificationImpl.statusCode(ResponseSpecificationImpl.groovy:135)
at io.restassured.specification.ResponseSpecification$statusCode$0.callCurrent(Unknown Source)
at io.restassured.internal.ResponseSpecificationImpl.statusCode(ResponseSpecificationImpl.groovy:143)
at io.restassured.internal.ValidatableResponseOptionsImpl.statusCode(ValidatableResponseOptionsImpl.java:89)
at com.emmanuelarhu.tests.PhotosTest.testFilterPhotosWithInvalidAlbumId(PhotosTest.java:267)
at java.base/jdk.internal.reflect.DirectMethodHandleAccessor.invoke(DirectMethodHandleAccessor.java:103)
at java.base/java.lang.reflect.Method.invoke(Method.java:580)
at org.testng.internal.invokers.MethodInvocationHelper.invokeMethod(MethodInvocationHelper.java:139)
at org.testng.internal.invokers.TestInvoker.invokeMethod(TestInvoker.java:664)
at org.testng.internal.invokers.TestInvoker.invokeTestMethod(TestInvoker.java:227)
at org.testng.internal.invokers.MethodRunner.runInSequence(MethodRunner.java:50)
at org.testng.internal.invokers.TestInvoker$MethodInvocationAgent.invoke(TestInvoker.java:957)
at org.testng.internal.invokers.TestInvoker.invokeTestMethods(TestInvoker.java:200)
at org.testng.internal.invokers.TestMethodWorker.invokeTestMethods(TestMethodWorker.java:148)
at org.testng.internal.invokers.TestMethodWorker.run(TestMethodWorker.java:128)
at java.base/java.util.ArrayList.forEach(ArrayList.java:1596)
at org.testng.TestRunner.privateRun(TestRunner.java:848)
at org.testng.TestRunner.run(TestRunner.java:621)
at org.testng.SuiteRunner.runTest(SuiteRunner.java:443)
at org.testng.SuiteRunner.runSequentially(SuiteRunner.java:437)
at org.testng.SuiteRunner.privateRun(SuiteRunner.java:397)
at org.testng.SuiteRunner.run(SuiteRunner.java:336)
at org.testng.SuiteRunnerWorker.runSuite(SuiteRunnerWorker.java:52)
at org.testng.SuiteRunnerWorker.run(SuiteRunnerWorker.java:95)
at org.testng.TestNG.runSuitesSequentially(TestNG.java:1280)
at org.testng.TestNG.runSuitesLocally(TestNG.java:1200)
at org.testng.TestNG.runSuites(TestNG.java:1114)
at org.testng.TestNG.run(TestNG.java:1082)
at org.apache.maven.surefire.testng.TestNGExecutor.run(TestNGExecutor.java:155)
at org.apache.maven.surefire.testng.TestNGDirectoryTestSuite.executeMulti(TestNGDirectoryTestSuite.java:169)
at org.apache.maven.surefire.testng.TestNGDirectoryTestSuite.execute(TestNGDirectoryTestSuite.java:88)
at org.apache.maven.surefire.testng.TestNGProvider.invoke(TestNGProvider.java:137)
at org.apache.maven.surefire.booter.ForkedBooter.runSuitesInProcess(ForkedBooter.java:385)
at org.apache.maven.surefire.booter.ForkedBooter.execute(ForkedBooter.java:162)
at org.apache.maven.surefire.booter.ForkedBooter.run(ForkedBooter.java:507)
at org.apache.maven.surefire.booter.ForkedBooter.main(ForkedBooter.java:495)
]]>
    </failure>
  </testcase> <!-- testFilterPhotosWithInvalidAlbumId -->
  <testcase classname="com.emmanuelarhu.tests.PhotosTest" name="testDeleteNonExistentPhoto" time="0.105">
    <failure message="1 expectation failed.
Expected status code &lt;404&gt; but was &lt;200&gt;.
" type="java.lang.AssertionError">
      <![CDATA[java.lang.AssertionError: 1 expectation failed.
Expected status code <404> but was <200>.

at java.base/jdk.internal.reflect.DirectConstructorHandleAccessor.newInstance(DirectConstructorHandleAccessor.java:62)
at java.base/java.lang.reflect.Constructor.newInstanceWithCaller(Constructor.java:502)
at java.base/java.lang.reflect.Constructor.newInstance(Constructor.java:486)
at org.codehaus.groovy.reflection.CachedConstructor.invoke(CachedConstructor.java:73)
at org.codehaus.groovy.runtime.callsite.ConstructorSite$ConstructorSiteNoUnwrapNoCoerce.callConstructor(ConstructorSite.java:108)
at org.codehaus.groovy.runtime.callsite.AbstractCallSite.callConstructor(AbstractCallSite.java:277)
at io.restassured.internal.ResponseSpecificationImpl$HamcrestAssertionClosure.validate(ResponseSpecificationImpl.groovy:512)
at io.restassured.internal.ResponseSpecificationImpl$HamcrestAssertionClosure$validate$1.call(Unknown Source)
at io.restassured.internal.ResponseSpecificationImpl.validateResponseIfRequired(ResponseSpecificationImpl.groovy:696)
at io.restassured.internal.ResponseSpecificationImpl.this$2$validateResponseIfRequired(ResponseSpecificationImpl.groovy)
at java.base/jdk.internal.reflect.DirectMethodHandleAccessor.invoke(DirectMethodHandleAccessor.java:103)
at java.base/java.lang.reflect.Method.invoke(Method.java:580)
at org.codehaus.groovy.runtime.callsite.PlainObjectMetaMethodSite.doInvoke(PlainObjectMetaMethodSite.java:43)
at org.codehaus.groovy.runtime.callsite.PogoMetaMethodSite$PogoCachedMethodSiteNoUnwrapNoCoerce.invoke(PogoMetaMethodSite.java:198)
at org.codehaus.groovy.runtime.callsite.PogoMetaMethodSite.callCurrent(PogoMetaMethodSite.java:62)
at org.codehaus.groovy.runtime.callsite.AbstractCallSite.callCurrent(AbstractCallSite.java:185)
at io.restassured.internal.ResponseSpecificationImpl.statusCode(ResponseSpecificationImpl.groovy:135)
at io.restassured.specification.ResponseSpecification$statusCode$0.callCurrent(Unknown Source)
at io.restassured.internal.ResponseSpecificationImpl.statusCode(ResponseSpecificationImpl.groovy:143)
at io.restassured.internal.ValidatableResponseOptionsImpl.statusCode(ValidatableResponseOptionsImpl.java:89)
at com.emmanuelarhu.tests.PhotosTest.testDeleteNonExistentPhoto(PhotosTest.java:287)
at java.base/jdk.internal.reflect.DirectMethodHandleAccessor.invoke(DirectMethodHandleAccessor.java:103)
at java.base/java.lang.reflect.Method.invoke(Method.java:580)
at org.testng.internal.invokers.MethodInvocationHelper.invokeMethod(MethodInvocationHelper.java:139)
at org.testng.internal.invokers.TestInvoker.invokeMethod(TestInvoker.java:664)
at org.testng.internal.invokers.TestInvoker.invokeTestMethod(TestInvoker.java:227)
at org.testng.internal.invokers.MethodRunner.runInSequence(MethodRunner.java:50)
at org.testng.internal.invokers.TestInvoker$MethodInvocationAgent.invoke(TestInvoker.java:957)
at org.testng.internal.invokers.TestInvoker.invokeTestMethods(TestInvoker.java:200)
at org.testng.internal.invokers.TestMethodWorker.invokeTestMethods(TestMethodWorker.java:148)
at org.testng.internal.invokers.TestMethodWorker.run(TestMethodWorker.java:128)
at java.base/java.util.ArrayList.forEach(ArrayList.java:1596)
at org.testng.TestRunner.privateRun(TestRunner.java:848)
at org.testng.TestRunner.run(TestRunner.java:621)
at org.testng.SuiteRunner.runTest(SuiteRunner.java:443)
at org.testng.SuiteRunner.runSequentially(SuiteRunner.java:437)
at org.testng.SuiteRunner.privateRun(SuiteRunner.java:397)
at org.testng.SuiteRunner.run(SuiteRunner.java:336)
at org.testng.SuiteRunnerWorker.runSuite(SuiteRunnerWorker.java:52)
at org.testng.SuiteRunnerWorker.run(SuiteRunnerWorker.java:95)
at org.testng.TestNG.runSuitesSequentially(TestNG.java:1280)
at org.testng.TestNG.runSuitesLocally(TestNG.java:1200)
at org.testng.TestNG.runSuites(TestNG.java:1114)
at org.testng.TestNG.run(TestNG.java:1082)
at org.apache.maven.surefire.testng.TestNGExecutor.run(TestNGExecutor.java:155)
at org.apache.maven.surefire.testng.TestNGDirectoryTestSuite.executeMulti(TestNGDirectoryTestSuite.java:169)
at org.apache.maven.surefire.testng.TestNGDirectoryTestSuite.execute(TestNGDirectoryTestSuite.java:88)
at org.apache.maven.surefire.testng.TestNGProvider.invoke(TestNGProvider.java:137)
at org.apache.maven.surefire.booter.ForkedBooter.runSuitesInProcess(ForkedBooter.java:385)
at org.apache.maven.surefire.booter.ForkedBooter.execute(ForkedBooter.java:162)
at org.apache.maven.surefire.booter.ForkedBooter.run(ForkedBooter.java:507)
at org.apache.maven.surefire.booter.ForkedBooter.main(ForkedBooter.java:495)
]]>
    </failure>
  </testcase> <!-- testDeleteNonExistentPhoto -->
  <testcase classname="com.emmanuelarhu.tests.PhotosTest" name="testCreatePhotoWithMalformedJson" time="0.244"/>
</testsuite> <!-- com.emmanuelarhu.tests.PhotosTest -->
