{"uid":"8f37f4a1ca5fcebb","name":"testCreateUserWithInvalidData","fullName":"com.emmanuelarhu.tests.UsersTest.testCreateUserWithInvalidData","historyId":"e0c941f6eed9519522e5d9438a213f1e","time":{"start":1752234028367,"stop":1752234028412,"duration":45},"description":"Verify that creating users with invalid data handles errors appropriately","descriptionHtml":"<p>Verify that creating users with invalid data handles errors appropriately</p>\n","status":"failed","statusMessage":"Should receive a valid HTTP response code expected [true] but found [false]","statusTrace":"java.lang.AssertionError: Should receive a valid HTTP response code expected [true] but found [false]\n\tat org.testng.Assert.fail(Assert.java:111)\n\tat org.testng.Assert.failNotEquals(Assert.java:1578)\n\tat org.testng.Assert.assertTrue(Assert.java:57)\n\tat com.emmanuelarhu.tests.UsersTest.testCreateUserWithInvalidData(UsersTest.java:193)\n\tat java.base/jdk.internal.reflect.DirectMethodHandleAccessor.invoke(DirectMethodHandleAccessor.java:103)\n\tat java.base/java.lang.reflect.Method.invoke(Method.java:580)\n\tat org.testng.internal.invokers.MethodInvocationHelper.invokeMethod(MethodInvocationHelper.java:139)\n\tat org.testng.internal.invokers.TestInvoker.invokeMethod(TestInvoker.java:664)\n\tat org.testng.internal.invokers.TestInvoker.invokeTestMethod(TestInvoker.java:227)\n\tat org.testng.internal.invokers.MethodRunner.runInSequence(MethodRunner.java:50)\n\tat org.testng.internal.invokers.TestInvoker$MethodInvocationAgent.invoke(TestInvoker.java:957)\n\tat org.testng.internal.invokers.TestInvoker.invokeTestMethods(TestInvoker.java:200)\n\tat org.testng.internal.invokers.TestMethodWorker.invokeTestMethods(TestMethodWorker.java:148)\n\tat org.testng.internal.invokers.TestMethodWorker.run(TestMethodWorker.java:128)\n\tat java.base/java.util.ArrayList.forEach(ArrayList.java:1596)\n\tat org.testng.TestRunner.privateRun(TestRunner.java:848)\n\tat org.testng.TestRunner.run(TestRunner.java:621)\n\tat org.testng.SuiteRunner.runTest(SuiteRunner.java:443)\n\tat org.testng.SuiteRunner.runSequentially(SuiteRunner.java:437)\n\tat org.testng.SuiteRunner.privateRun(SuiteRunner.java:397)\n\tat org.testng.SuiteRunner.run(SuiteRunner.java:336)\n\tat org.testng.SuiteRunnerWorker.runSuite(SuiteRunnerWorker.java:52)\n\tat org.testng.SuiteRunnerWorker.run(SuiteRunnerWorker.java:95)\n\tat org.testng.TestNG.runSuitesSequentially(TestNG.java:1280)\n\tat org.testng.TestNG.runSuitesLocally(TestNG.java:1200)\n\tat org.testng.TestNG.runSuites(TestNG.java:1114)\n\tat org.testng.TestNG.run(TestNG.java:1082)\n\tat org.apache.maven.surefire.testng.TestNGExecutor.run(TestNGExecutor.java:155)\n\tat org.apache.maven.surefire.testng.TestNGDirectoryTestSuite.executeMulti(TestNGDirectoryTestSuite.java:169)\n\tat org.apache.maven.surefire.testng.TestNGDirectoryTestSuite.execute(TestNGDirectoryTestSuite.java:88)\n\tat org.apache.maven.surefire.testng.TestNGProvider.invoke(TestNGProvider.java:137)\n\tat org.apache.maven.surefire.booter.ForkedBooter.runSuitesInProcess(ForkedBooter.java:385)\n\tat org.apache.maven.surefire.booter.ForkedBooter.execute(ForkedBooter.java:162)\n\tat org.apache.maven.surefire.booter.ForkedBooter.run(ForkedBooter.java:507)\n\tat org.apache.maven.surefire.booter.ForkedBooter.main(ForkedBooter.java:495)\n","flaky":false,"newFailed":false,"newBroken":false,"newPassed":false,"retriesCount":2,"retriesStatusChange":true,"beforeStages":[{"name":"setup","time":{"start":1752234026688,"stop":1752234026688,"duration":0},"description":"","status":"passed","steps":[],"attachments":[],"parameters":[],"shouldDisplayMessage":false,"stepsCount":0,"attachmentsCount":0,"hasContent":false,"attachmentStep":false}],"testStage":{"description":"Verify that creating users with invalid data handles errors appropriately","status":"failed","statusMessage":"Should receive a valid HTTP response code expected [true] but found [false]","statusTrace":"java.lang.AssertionError: Should receive a valid HTTP response code expected [true] but found [false]\n\tat org.testng.Assert.fail(Assert.java:111)\n\tat org.testng.Assert.failNotEquals(Assert.java:1578)\n\tat org.testng.Assert.assertTrue(Assert.java:57)\n\tat com.emmanuelarhu.tests.UsersTest.testCreateUserWithInvalidData(UsersTest.java:193)\n\tat java.base/jdk.internal.reflect.DirectMethodHandleAccessor.invoke(DirectMethodHandleAccessor.java:103)\n\tat java.base/java.lang.reflect.Method.invoke(Method.java:580)\n\tat org.testng.internal.invokers.MethodInvocationHelper.invokeMethod(MethodInvocationHelper.java:139)\n\tat org.testng.internal.invokers.TestInvoker.invokeMethod(TestInvoker.java:664)\n\tat org.testng.internal.invokers.TestInvoker.invokeTestMethod(TestInvoker.java:227)\n\tat org.testng.internal.invokers.MethodRunner.runInSequence(MethodRunner.java:50)\n\tat org.testng.internal.invokers.TestInvoker$MethodInvocationAgent.invoke(TestInvoker.java:957)\n\tat org.testng.internal.invokers.TestInvoker.invokeTestMethods(TestInvoker.java:200)\n\tat org.testng.internal.invokers.TestMethodWorker.invokeTestMethods(TestMethodWorker.java:148)\n\tat org.testng.internal.invokers.TestMethodWorker.run(TestMethodWorker.java:128)\n\tat java.base/java.util.ArrayList.forEach(ArrayList.java:1596)\n\tat org.testng.TestRunner.privateRun(TestRunner.java:848)\n\tat org.testng.TestRunner.run(TestRunner.java:621)\n\tat org.testng.SuiteRunner.runTest(SuiteRunner.java:443)\n\tat org.testng.SuiteRunner.runSequentially(SuiteRunner.java:437)\n\tat org.testng.SuiteRunner.privateRun(SuiteRunner.java:397)\n\tat org.testng.SuiteRunner.run(SuiteRunner.java:336)\n\tat org.testng.SuiteRunnerWorker.runSuite(SuiteRunnerWorker.java:52)\n\tat org.testng.SuiteRunnerWorker.run(SuiteRunnerWorker.java:95)\n\tat org.testng.TestNG.runSuitesSequentially(TestNG.java:1280)\n\tat org.testng.TestNG.runSuitesLocally(TestNG.java:1200)\n\tat org.testng.TestNG.runSuites(TestNG.java:1114)\n\tat org.testng.TestNG.run(TestNG.java:1082)\n\tat org.apache.maven.surefire.testng.TestNGExecutor.run(TestNGExecutor.java:155)\n\tat org.apache.maven.surefire.testng.TestNGDirectoryTestSuite.executeMulti(TestNGDirectoryTestSuite.java:169)\n\tat org.apache.maven.surefire.testng.TestNGDirectoryTestSuite.execute(TestNGDirectoryTestSuite.java:88)\n\tat org.apache.maven.surefire.testng.TestNGProvider.invoke(TestNGProvider.java:137)\n\tat org.apache.maven.surefire.booter.ForkedBooter.runSuitesInProcess(ForkedBooter.java:385)\n\tat org.apache.maven.surefire.booter.ForkedBooter.execute(ForkedBooter.java:162)\n\tat org.apache.maven.surefire.booter.ForkedBooter.run(ForkedBooter.java:507)\n\tat org.apache.maven.surefire.booter.ForkedBooter.main(ForkedBooter.java:495)\n","steps":[],"attachments":[{"uid":"dcae5e2a51037bab","name":"Request","source":"dcae5e2a51037bab.html","type":"text/html","size":874},{"uid":"6430e0dead66942c","name":"Request","source":"6430e0dead66942c.html","type":"text/html","size":874},{"uid":"f4cf8273f393df3e","name":"Request","source":"f4cf8273f393df3e.html","type":"text/html","size":874},{"uid":"645b78795f3ecf14","name":"Request","source":"645b78795f3ecf14.html","type":"text/html","size":874},{"uid":"6d91b24ddd9251e4","name":"Request","source":"6d91b24ddd9251e4.html","type":"text/html","size":874},{"uid":"5de3e777969e6b90","name":"Request","source":"5de3e777969e6b90.html","type":"text/html","size":874},{"uid":"1aff806a216910c","name":"HTTP/1.1 201 Created","source":"1aff806a216910c.html","type":"text/html","size":2121},{"uid":"bad9605142063721","name":"HTTP/1.1 201 Created","source":"bad9605142063721.html","type":"text/html","size":2121},{"uid":"aca2750b48da4a42","name":"HTTP/1.1 201 Created","source":"aca2750b48da4a42.html","type":"text/html","size":2121},{"uid":"8a1907f53b9177f","name":"HTTP/1.1 201 Created","source":"8a1907f53b9177f.html","type":"text/html","size":2121},{"uid":"1474c23ff196d930","name":"HTTP/1.1 201 Created","source":"1474c23ff196d930.html","type":"text/html","size":2121},{"uid":"53d9267a5d668762","name":"HTTP/1.1 201 Created","source":"53d9267a5d668762.html","type":"text/html","size":2121}],"parameters":[],"shouldDisplayMessage":true,"stepsCount":0,"attachmentsCount":12,"hasContent":true,"attachmentStep":false},"afterStages":[],"labels":[{"name":"package","value":"com.emmanuelarhu.tests.UsersTest"},{"name":"testClass","value":"com.emmanuelarhu.tests.UsersTest"},{"name":"testMethod","value":"testCreateUserWithInvalidData"},{"name":"parentSuite","value":"Surefire suite"},{"name":"suite","value":"Surefire test"},{"name":"subSuite","value":"com.emmanuelarhu.tests.UsersTest"},{"name":"host","value":"pkrvmfkh1xnbeme"},{"name":"thread","value":"2568@pkrvmfkh1xnbeme.main(1)"},{"name":"framework","value":"testng"},{"name":"language","value":"java"},{"name":"feature","value":"Users API"},{"name":"severity","value":"normal"},{"name":"resultFormat","value":"allure2"}],"parameters":[{"name":"arg0","value":"null"},{"name":"arg1","value":"testuser"},{"name":"arg2","value":"test@example.com"}],"links":[],"hidden":false,"retry":false,"extra":{"severity":"normal","retries":[{"uid":"c13cb9ea5fdc49a5","status":"failed","statusDetails":"Should receive a valid HTTP response code expected [true] but found [false]","time":{"start":1752233957826,"stop":1752233957935,"duration":109}},{"uid":"23948930520d4b84","status":"passed","time":{"start":1752224347714,"stop":1752224347837,"duration":123}}],"categories":[{"name":"Product defects","matchedStatuses":[],"flaky":false}],"tags":[]},"source":"8f37f4a1ca5fcebb.json","parameterValues":["null","testuser","test@example.com"]}